{"/home/radic/node/@radic/util/src/index.js":{"path":"/home/radic/node/@radic/util/src/index.js","statementMap":{"0":{"start":{"line":3,"column":4},"end":{"line":3,"column":71}},"1":{"start":{"line":3,"column":21},"end":{"line":3,"column":71}},"2":{"start":{"line":3,"column":53},"end":{"line":3,"column":71}},"3":{"start":{"line":5,"column":0},"end":{"line":5,"column":62}},"4":{"start":{"line":6,"column":0},"end":{"line":6,"column":30}},"5":{"start":{"line":7,"column":0},"end":{"line":7,"column":33}},"6":{"start":{"line":8,"column":0},"end":{"line":8,"column":31}},"7":{"start":{"line":9,"column":0},"end":{"line":9,"column":28}},"8":{"start":{"line":10,"column":0},"end":{"line":10,"column":32}},"9":{"start":{"line":11,"column":0},"end":{"line":11,"column":30}},"10":{"start":{"line":12,"column":0},"end":{"line":12,"column":31}}},"fnMap":{"0":{"name":"__export","decl":{"start":{"line":2,"column":9},"end":{"line":2,"column":17}},"loc":{"start":{"line":2,"column":21},"end":{"line":4,"column":1}},"line":2}},"branchMap":{"0":{"loc":{"start":{"line":3,"column":21},"end":{"line":3,"column":71}},"type":"if","locations":[{"start":{"line":3,"column":21},"end":{"line":3,"column":71}},{"start":{"line":3,"column":21},"end":{"line":3,"column":71}}],"line":3}},"s":{"0":7,"1":42,"2":42,"3":1,"4":1,"5":1,"6":1,"7":1,"8":1,"9":1,"10":1},"f":{"0":7},"b":{"0":[42,0]},"_coverageSchema":"332fd63041d2c1bcb487cc26dd0d5f7d97098a6c","hash":"a2e6bf7eea11fad5e9bb3ebf1c194100e01d7973","contentHash":"4a0f1fe0b8e5cbe783cb947417aaa584_11.1.0"},"/home/radic/node/@radic/util/src/config.js":{"path":"/home/radic/node/@radic/util/src/config.js","statementMap":{"0":{"start":{"line":2,"column":0},"end":{"line":2,"column":62}},"1":{"start":{"line":3,"column":17},"end":{"line":3,"column":36}},"2":{"start":{"line":6,"column":17},"end":{"line":6,"column":34}},"3":{"start":{"line":7,"column":18},"end":{"line":7,"column":38}},"4":{"start":{"line":39,"column":8},"end":{"line":39,"column":32}},"5":{"start":{"line":40,"column":8},"end":{"line":40,"column":49}},"6":{"start":{"line":41,"column":8},"end":{"line":41,"column":34}},"7":{"start":{"line":42,"column":8},"end":{"line":42,"column":54}},"8":{"start":{"line":45,"column":8},"end":{"line":45,"column":31}},"9":{"start":{"line":46,"column":18},"end":{"line":46,"column":28}},"10":{"start":{"line":47,"column":18},"end":{"line":47,"column":85}},"11":{"start":{"line":48,"column":8},"end":{"line":48,"column":24}},"12":{"start":{"line":51,"column":8},"end":{"line":51,"column":90}},"13":{"start":{"line":54,"column":8},"end":{"line":59,"column":9}},"14":{"start":{"line":55,"column":12},"end":{"line":55,"column":77}},"15":{"start":{"line":58,"column":12},"end":{"line":58,"column":29}},"16":{"start":{"line":62,"column":8},"end":{"line":64,"column":9}},"17":{"start":{"line":63,"column":12},"end":{"line":63,"column":44}},"18":{"start":{"line":65,"column":8},"end":{"line":65,"column":82}},"19":{"start":{"line":68,"column":8},"end":{"line":73,"column":9}},"20":{"start":{"line":69,"column":12},"end":{"line":69,"column":77}},"21":{"start":{"line":71,"column":13},"end":{"line":73,"column":9}},"22":{"start":{"line":72,"column":12},"end":{"line":72,"column":71}},"23":{"start":{"line":72,"column":45},"end":{"line":72,"column":69}},"24":{"start":{"line":74,"column":8},"end":{"line":74,"column":20}},"25":{"start":{"line":77,"column":8},"end":{"line":83,"column":9}},"26":{"start":{"line":78,"column":12},"end":{"line":78,"column":59}},"27":{"start":{"line":81,"column":23},"end":{"line":81,"column":30}},"28":{"start":{"line":82,"column":12},"end":{"line":82,"column":68}},"29":{"start":{"line":84,"column":8},"end":{"line":84,"column":20}},"30":{"start":{"line":87,"column":19},"end":{"line":87,"column":23}},"31":{"start":{"line":88,"column":8},"end":{"line":107,"column":11}},"32":{"start":{"line":90,"column":12},"end":{"line":92,"column":13}},"33":{"start":{"line":91,"column":16},"end":{"line":91,"column":29}},"34":{"start":{"line":95,"column":26},"end":{"line":95,"column":62}},"35":{"start":{"line":97,"column":12},"end":{"line":104,"column":13}},"36":{"start":{"line":98,"column":16},"end":{"line":98,"column":46}},"37":{"start":{"line":101,"column":16},"end":{"line":103,"column":17}},"38":{"start":{"line":102,"column":20},"end":{"line":102,"column":34}},"39":{"start":{"line":106,"column":12},"end":{"line":106,"column":68}},"40":{"start":{"line":110,"column":25},"end":{"line":110,"column":54}},"41":{"start":{"line":112,"column":8},"end":{"line":112,"column":35}},"42":{"start":{"line":113,"column":8},"end":{"line":113,"column":35}},"43":{"start":{"line":115,"column":16},"end":{"line":115,"column":57}},"44":{"start":{"line":116,"column":16},"end":{"line":116,"column":74}},"45":{"start":{"line":118,"column":8},"end":{"line":122,"column":10}},"46":{"start":{"line":126,"column":25},"end":{"line":126,"column":89}},"47":{"start":{"line":130,"column":8},"end":{"line":130,"column":26}},"48":{"start":{"line":133,"column":8},"end":{"line":135,"column":9}},"49":{"start":{"line":134,"column":12},"end":{"line":134,"column":25}},"50":{"start":{"line":137,"column":25},"end":{"line":137,"column":63}},"51":{"start":{"line":139,"column":19},"end":{"line":139,"column":65}},"52":{"start":{"line":141,"column":19},"end":{"line":141,"column":23}},"53":{"start":{"line":142,"column":8},"end":{"line":156,"column":9}},"54":{"start":{"line":145,"column":12},"end":{"line":152,"column":13}},"55":{"start":{"line":146,"column":16},"end":{"line":146,"column":53}},"56":{"start":{"line":148,"column":16},"end":{"line":150,"column":17}},"57":{"start":{"line":149,"column":20},"end":{"line":149,"column":26}},"58":{"start":{"line":151,"column":16},"end":{"line":151,"column":28}},"59":{"start":{"line":158,"column":8},"end":{"line":158,"column":57}},"60":{"start":{"line":161,"column":17},"end":{"line":169,"column":9}},"61":{"start":{"line":162,"column":12},"end":{"line":164,"column":13}},"62":{"start":{"line":163,"column":16},"end":{"line":163,"column":60}},"63":{"start":{"line":165,"column":12},"end":{"line":167,"column":13}},"64":{"start":{"line":166,"column":16},"end":{"line":166,"column":40}},"65":{"start":{"line":168,"column":12},"end":{"line":168,"column":36}},"66":{"start":{"line":170,"column":8},"end":{"line":170,"column":41}},"67":{"start":{"line":171,"column":8},"end":{"line":171,"column":41}},"68":{"start":{"line":172,"column":8},"end":{"line":172,"column":45}},"69":{"start":{"line":173,"column":8},"end":{"line":173,"column":45}},"70":{"start":{"line":174,"column":8},"end":{"line":174,"column":41}},"71":{"start":{"line":175,"column":8},"end":{"line":175,"column":49}},"72":{"start":{"line":176,"column":8},"end":{"line":176,"column":41}},"73":{"start":{"line":177,"column":8},"end":{"line":177,"column":18}},"74":{"start":{"line":180,"column":8},"end":{"line":180,"column":76}},"75":{"start":{"line":183,"column":8},"end":{"line":183,"column":41}},"76":{"start":{"line":186,"column":8},"end":{"line":186,"column":26}},"77":{"start":{"line":189,"column":0},"end":{"line":189,"column":74}},"78":{"start":{"line":190,"column":0},"end":{"line":190,"column":24}},"79":{"start":{"line":196,"column":8},"end":{"line":196,"column":19}},"80":{"start":{"line":197,"column":8},"end":{"line":197,"column":28}},"81":{"start":{"line":198,"column":8},"end":{"line":198,"column":20}},"82":{"start":{"line":211,"column":8},"end":{"line":211,"column":26}},"83":{"start":{"line":212,"column":8},"end":{"line":212,"column":20}},"84":{"start":{"line":213,"column":8},"end":{"line":213,"column":20}},"85":{"start":{"line":216,"column":8},"end":{"line":216,"column":26}},"86":{"start":{"line":217,"column":8},"end":{"line":217,"column":20}},"87":{"start":{"line":218,"column":8},"end":{"line":218,"column":20}},"88":{"start":{"line":221,"column":8},"end":{"line":221,"column":31}},"89":{"start":{"line":222,"column":8},"end":{"line":222,"column":20}},"90":{"start":{"line":223,"column":8},"end":{"line":223,"column":20}},"91":{"start":{"line":226,"column":17},"end":{"line":234,"column":9}},"92":{"start":{"line":227,"column":12},"end":{"line":229,"column":13}},"93":{"start":{"line":228,"column":16},"end":{"line":228,"column":60}},"94":{"start":{"line":230,"column":12},"end":{"line":232,"column":13}},"95":{"start":{"line":231,"column":16},"end":{"line":231,"column":40}},"96":{"start":{"line":233,"column":12},"end":{"line":233,"column":36}},"97":{"start":{"line":235,"column":8},"end":{"line":235,"column":42}},"98":{"start":{"line":236,"column":8},"end":{"line":236,"column":43}},"99":{"start":{"line":237,"column":8},"end":{"line":237,"column":18}},"100":{"start":{"line":240,"column":0},"end":{"line":240,"column":44}}},"fnMap":{"0":{"name":"(anonymous_0)","decl":{"start":{"line":38,"column":4},"end":{"line":38,"column":5}},"loc":{"start":{"line":38,"column":21},"end":{"line":43,"column":5}},"line":38},"1":{"name":"(anonymous_1)","decl":{"start":{"line":44,"column":4},"end":{"line":44,"column":5}},"loc":{"start":{"line":44,"column":16},"end":{"line":49,"column":5}},"line":44},"2":{"name":"(anonymous_2)","decl":{"start":{"line":50,"column":4},"end":{"line":50,"column":5}},"loc":{"start":{"line":50,"column":14},"end":{"line":52,"column":5}},"line":50},"3":{"name":"(anonymous_3)","decl":{"start":{"line":53,"column":4},"end":{"line":53,"column":5}},"loc":{"start":{"line":53,"column":14},"end":{"line":60,"column":5}},"line":53},"4":{"name":"(anonymous_4)","decl":{"start":{"line":61,"column":4},"end":{"line":61,"column":5}},"loc":{"start":{"line":61,"column":46},"end":{"line":66,"column":5}},"line":61},"5":{"name":"(anonymous_5)","decl":{"start":{"line":67,"column":4},"end":{"line":67,"column":5}},"loc":{"start":{"line":67,"column":21},"end":{"line":75,"column":5}},"line":67},"6":{"name":"(anonymous_6)","decl":{"start":{"line":72,"column":38},"end":{"line":72,"column":39}},"loc":{"start":{"line":72,"column":45},"end":{"line":72,"column":69}},"line":72},"7":{"name":"(anonymous_7)","decl":{"start":{"line":76,"column":4},"end":{"line":76,"column":5}},"loc":{"start":{"line":76,"column":19},"end":{"line":85,"column":5}},"line":76},"8":{"name":"(anonymous_8)","decl":{"start":{"line":86,"column":4},"end":{"line":86,"column":5}},"loc":{"start":{"line":86,"column":17},"end":{"line":108,"column":5}},"line":86},"9":{"name":"(anonymous_9)","decl":{"start":{"line":88,"column":37},"end":{"line":88,"column":38}},"loc":{"start":{"line":88,"column":54},"end":{"line":107,"column":9}},"line":88},"10":{"name":"(anonymous_10)","decl":{"start":{"line":109,"column":4},"end":{"line":109,"column":5}},"loc":{"start":{"line":109,"column":40},"end":{"line":123,"column":5}},"line":109},"11":{"name":"(anonymous_11)","decl":{"start":{"line":124,"column":4},"end":{"line":124,"column":5}},"loc":{"start":{"line":124,"column":24},"end":{"line":131,"column":5}},"line":124},"12":{"name":"(anonymous_12)","decl":{"start":{"line":132,"column":4},"end":{"line":132,"column":5}},"loc":{"start":{"line":132,"column":35},"end":{"line":159,"column":5}},"line":132},"13":{"name":"(anonymous_13)","decl":{"start":{"line":160,"column":4},"end":{"line":160,"column":5}},"loc":{"start":{"line":160,"column":32},"end":{"line":178,"column":5}},"line":160},"14":{"name":"(anonymous_14)","decl":{"start":{"line":161,"column":17},"end":{"line":161,"column":18}},"loc":{"start":{"line":161,"column":53},"end":{"line":169,"column":9}},"line":161},"15":{"name":"(anonymous_15)","decl":{"start":{"line":179,"column":4},"end":{"line":179,"column":5}},"loc":{"start":{"line":179,"column":31},"end":{"line":181,"column":5}},"line":179},"16":{"name":"(anonymous_16)","decl":{"start":{"line":182,"column":4},"end":{"line":182,"column":5}},"loc":{"start":{"line":182,"column":23},"end":{"line":184,"column":5}},"line":182},"17":{"name":"(anonymous_17)","decl":{"start":{"line":185,"column":4},"end":{"line":185,"column":5}},"loc":{"start":{"line":185,"column":15},"end":{"line":187,"column":5}},"line":185},"18":{"name":"(anonymous_18)","decl":{"start":{"line":195,"column":4},"end":{"line":195,"column":5}},"loc":{"start":{"line":195,"column":21},"end":{"line":199,"column":5}},"line":195},"19":{"name":"(anonymous_19)","decl":{"start":{"line":200,"column":4},"end":{"line":200,"column":5}},"loc":{"start":{"line":200,"column":11},"end":{"line":203,"column":5}},"line":200},"20":{"name":"(anonymous_20)","decl":{"start":{"line":204,"column":4},"end":{"line":204,"column":5}},"loc":{"start":{"line":204,"column":11},"end":{"line":209,"column":5}},"line":204},"21":{"name":"(anonymous_21)","decl":{"start":{"line":210,"column":4},"end":{"line":210,"column":5}},"loc":{"start":{"line":210,"column":16},"end":{"line":214,"column":5}},"line":210},"22":{"name":"(anonymous_22)","decl":{"start":{"line":215,"column":4},"end":{"line":215,"column":5}},"loc":{"start":{"line":215,"column":19},"end":{"line":219,"column":5}},"line":215},"23":{"name":"(anonymous_23)","decl":{"start":{"line":220,"column":4},"end":{"line":220,"column":5}},"loc":{"start":{"line":220,"column":21},"end":{"line":224,"column":5}},"line":220},"24":{"name":"(anonymous_24)","decl":{"start":{"line":225,"column":4},"end":{"line":225,"column":5}},"loc":{"start":{"line":225,"column":32},"end":{"line":238,"column":5}},"line":225},"25":{"name":"(anonymous_25)","decl":{"start":{"line":226,"column":17},"end":{"line":226,"column":18}},"loc":{"start":{"line":226,"column":53},"end":{"line":234,"column":9}},"line":226}},"branchMap":{"0":{"loc":{"start":{"line":41,"column":24},"end":{"line":41,"column":33}},"type":"binary-expr","locations":[{"start":{"line":41,"column":24},"end":{"line":41,"column":27}},{"start":{"line":41,"column":31},"end":{"line":41,"column":33}}],"line":41},"1":{"loc":{"start":{"line":51,"column":15},"end":{"line":51,"column":89}},"type":"cond-expr","locations":[{"start":{"line":51,"column":22},"end":{"line":51,"column":82}},{"start":{"line":51,"column":85},"end":{"line":51,"column":89}}],"line":51},"2":{"loc":{"start":{"line":54,"column":8},"end":{"line":59,"column":9}},"type":"if","locations":[{"start":{"line":54,"column":8},"end":{"line":59,"column":9}},{"start":{"line":54,"column":8},"end":{"line":59,"column":9}}],"line":54},"3":{"loc":{"start":{"line":61,"column":14},"end":{"line":61,"column":44}},"type":"default-arg","locations":[{"start":{"line":61,"column":35},"end":{"line":61,"column":44}}],"line":61},"4":{"loc":{"start":{"line":62,"column":8},"end":{"line":64,"column":9}},"type":"if","locations":[{"start":{"line":62,"column":8},"end":{"line":64,"column":9}},{"start":{"line":62,"column":8},"end":{"line":64,"column":9}}],"line":62},"5":{"loc":{"start":{"line":62,"column":12},"end":{"line":62,"column":49}},"type":"binary-expr","locations":[{"start":{"line":62,"column":12},"end":{"line":62,"column":17}},{"start":{"line":62,"column":21},"end":{"line":62,"column":49}}],"line":62},"6":{"loc":{"start":{"line":65,"column":15},"end":{"line":65,"column":81}},"type":"cond-expr","locations":[{"start":{"line":65,"column":32},"end":{"line":65,"column":60}},{"start":{"line":65,"column":63},"end":{"line":65,"column":81}}],"line":65},"7":{"loc":{"start":{"line":68,"column":8},"end":{"line":73,"column":9}},"type":"if","locations":[{"start":{"line":68,"column":8},"end":{"line":73,"column":9}},{"start":{"line":68,"column":8},"end":{"line":73,"column":9}}],"line":68},"8":{"loc":{"start":{"line":71,"column":13},"end":{"line":73,"column":9}},"type":"if","locations":[{"start":{"line":71,"column":13},"end":{"line":73,"column":9}},{"start":{"line":71,"column":13},"end":{"line":73,"column":9}}],"line":71},"9":{"loc":{"start":{"line":77,"column":8},"end":{"line":83,"column":9}},"type":"if","locations":[{"start":{"line":77,"column":8},"end":{"line":83,"column":9}},{"start":{"line":77,"column":8},"end":{"line":83,"column":9}}],"line":77},"10":{"loc":{"start":{"line":90,"column":12},"end":{"line":92,"column":13}},"type":"if","locations":[{"start":{"line":90,"column":12},"end":{"line":92,"column":13}},{"start":{"line":90,"column":12},"end":{"line":92,"column":13}}],"line":90},"11":{"loc":{"start":{"line":97,"column":12},"end":{"line":104,"column":13}},"type":"if","locations":[{"start":{"line":97,"column":12},"end":{"line":104,"column":13}},{"start":{"line":97,"column":12},"end":{"line":104,"column":13}}],"line":97},"12":{"loc":{"start":{"line":101,"column":16},"end":{"line":103,"column":17}},"type":"if","locations":[{"start":{"line":101,"column":16},"end":{"line":103,"column":17}},{"start":{"line":101,"column":16},"end":{"line":103,"column":17}}],"line":101},"13":{"loc":{"start":{"line":126,"column":44},"end":{"line":126,"column":88}},"type":"cond-expr","locations":[{"start":{"line":126,"column":73},"end":{"line":126,"column":77}},{"start":{"line":126,"column":80},"end":{"line":126,"column":88}}],"line":126},"14":{"loc":{"start":{"line":133,"column":8},"end":{"line":135,"column":9}},"type":"if","locations":[{"start":{"line":133,"column":8},"end":{"line":135,"column":9}},{"start":{"line":133,"column":8},"end":{"line":135,"column":9}}],"line":133},"15":{"loc":{"start":{"line":139,"column":33},"end":{"line":139,"column":64}},"type":"binary-expr","locations":[{"start":{"line":139,"column":33},"end":{"line":139,"column":45}},{"start":{"line":139,"column":49},"end":{"line":139,"column":58}},{"start":{"line":139,"column":62},"end":{"line":139,"column":64}}],"line":139},"16":{"loc":{"start":{"line":148,"column":16},"end":{"line":150,"column":17}},"type":"if","locations":[{"start":{"line":148,"column":16},"end":{"line":150,"column":17}},{"start":{"line":148,"column":16},"end":{"line":150,"column":17}}],"line":148},"17":{"loc":{"start":{"line":162,"column":12},"end":{"line":164,"column":13}},"type":"if","locations":[{"start":{"line":162,"column":12},"end":{"line":164,"column":13}},{"start":{"line":162,"column":12},"end":{"line":164,"column":13}}],"line":162},"18":{"loc":{"start":{"line":165,"column":12},"end":{"line":167,"column":13}},"type":"if","locations":[{"start":{"line":165,"column":12},"end":{"line":167,"column":13}},{"start":{"line":165,"column":12},"end":{"line":167,"column":13}}],"line":165},"19":{"loc":{"start":{"line":180,"column":15},"end":{"line":180,"column":75}},"type":"cond-expr","locations":[{"start":{"line":180,"column":37},"end":{"line":180,"column":68}},{"start":{"line":180,"column":71},"end":{"line":180,"column":75}}],"line":180},"20":{"loc":{"start":{"line":227,"column":12},"end":{"line":229,"column":13}},"type":"if","locations":[{"start":{"line":227,"column":12},"end":{"line":229,"column":13}},{"start":{"line":227,"column":12},"end":{"line":229,"column":13}}],"line":227},"21":{"loc":{"start":{"line":230,"column":12},"end":{"line":232,"column":13}},"type":"if","locations":[{"start":{"line":230,"column":12},"end":{"line":232,"column":13}},{"start":{"line":230,"column":12},"end":{"line":232,"column":13}}],"line":230}},"s":{"0":1,"1":1,"2":1,"3":1,"4":1,"5":1,"6":1,"7":1,"8":0,"9":0,"10":0,"11":0,"12":4,"13":5,"14":4,"15":1,"16":4,"17":1,"18":3,"19":1,"20":1,"21":0,"22":0,"23":0,"24":1,"25":1,"26":1,"27":0,"28":0,"29":1,"30":4,"31":4,"32":6,"33":3,"34":3,"35":3,"36":0,"37":0,"38":0,"39":3,"40":1,"41":1,"42":1,"43":1,"44":1,"45":1,"46":3,"47":3,"48":3,"49":0,"50":3,"51":3,"52":3,"53":3,"54":3,"55":0,"56":0,"57":0,"58":0,"59":3,"60":0,"61":0,"62":0,"63":0,"64":0,"65":0,"66":0,"67":0,"68":0,"69":0,"70":0,"71":0,"72":0,"73":0,"74":9,"75":0,"76":0,"77":1,"78":1,"79":0,"80":0,"81":0,"82":0,"83":0,"84":0,"85":0,"86":0,"87":0,"88":0,"89":0,"90":0,"91":0,"92":0,"93":0,"94":0,"95":0,"96":0,"97":0,"98":0,"99":0,"100":1},"f":{"0":1,"1":0,"2":4,"3":5,"4":4,"5":1,"6":0,"7":1,"8":4,"9":6,"10":1,"11":3,"12":3,"13":0,"14":0,"15":9,"16":0,"17":0,"18":0,"19":0,"20":0,"21":0,"22":0,"23":0,"24":0,"25":0},"b":{"0":[1,0],"1":[4,0],"2":[4,1],"3":[3],"4":[1,3],"5":[4,3],"6":[3,0],"7":[1,0],"8":[0,0],"9":[1,0],"10":[3,3],"11":[0,3],"12":[0,0],"13":[0,3],"14":[0,3],"15":[3,0,0],"16":[0,0],"17":[0,0],"18":[0,0],"19":[0,9],"20":[0,0],"21":[0,0]},"_coverageSchema":"332fd63041d2c1bcb487cc26dd0d5f7d97098a6c","hash":"d240fff8eedc7585809d903b6c928ec974af5770","contentHash":"708c134eb46e0d80c0eff69d6790216e_11.1.0"},"/home/radic/node/@radic/util/src/object.js":{"path":"/home/radic/node/@radic/util/src/object.js","statementMap":{"0":{"start":{"line":2,"column":0},"end":{"line":2,"column":62}},"1":{"start":{"line":3,"column":17},"end":{"line":3,"column":34}},"2":{"start":{"line":4,"column":18},"end":{"line":4,"column":38}},"3":{"start":{"line":6,"column":4},"end":{"line":8,"column":7}},"4":{"start":{"line":7,"column":8},"end":{"line":7,"column":41}},"5":{"start":{"line":10,"column":0},"end":{"line":10,"column":28}},"6":{"start":{"line":19,"column":4},"end":{"line":21,"column":5}},"7":{"start":{"line":20,"column":8},"end":{"line":20,"column":32}},"8":{"start":{"line":23,"column":4},"end":{"line":29,"column":5}},"9":{"start":{"line":24,"column":8},"end":{"line":24,"column":29}},"10":{"start":{"line":25,"column":8},"end":{"line":27,"column":9}},"11":{"start":{"line":26,"column":12},"end":{"line":26,"column":27}},"12":{"start":{"line":28,"column":8},"end":{"line":28,"column":24}},"13":{"start":{"line":30,"column":4},"end":{"line":30,"column":15}},"14":{"start":{"line":32,"column":0},"end":{"line":32,"column":30}},"15":{"start":{"line":41,"column":4},"end":{"line":41,"column":28}},"16":{"start":{"line":42,"column":15},"end":{"line":42,"column":26}},"17":{"start":{"line":43,"column":4},"end":{"line":43,"column":38}},"18":{"start":{"line":44,"column":4},"end":{"line":46,"column":5}},"19":{"start":{"line":45,"column":8},"end":{"line":45,"column":35}},"20":{"start":{"line":48,"column":0},"end":{"line":48,"column":30}},"21":{"start":{"line":56,"column":4},"end":{"line":56,"column":28}},"22":{"start":{"line":57,"column":15},"end":{"line":57,"column":26}},"23":{"start":{"line":58,"column":4},"end":{"line":58,"column":32}},"24":{"start":{"line":59,"column":4},"end":{"line":59,"column":57}},"25":{"start":{"line":61,"column":0},"end":{"line":61,"column":36}},"26":{"start":{"line":65,"column":8},"end":{"line":69,"column":9}},"27":{"start":{"line":66,"column":12},"end":{"line":66,"column":82}},"28":{"start":{"line":67,"column":12},"end":{"line":67,"column":36}},"29":{"start":{"line":68,"column":12},"end":{"line":68,"column":24}},"30":{"start":{"line":71,"column":8},"end":{"line":98,"column":9}},"31":{"start":{"line":73,"column":12},"end":{"line":73,"column":25}},"32":{"start":{"line":75,"column":13},"end":{"line":98,"column":9}},"33":{"start":{"line":77,"column":12},"end":{"line":82,"column":15}},"34":{"start":{"line":78,"column":16},"end":{"line":81,"column":19}},"35":{"start":{"line":84,"column":13},"end":{"line":98,"column":9}},"36":{"start":{"line":86,"column":12},"end":{"line":86,"column":21}},"37":{"start":{"line":87,"column":12},"end":{"line":92,"column":13}},"38":{"start":{"line":88,"column":16},"end":{"line":91,"column":19}},"39":{"start":{"line":93,"column":12},"end":{"line":93,"column":23}},"40":{"start":{"line":97,"column":12},"end":{"line":97,"column":29}},"41":{"start":{"line":100,"column":4},"end":{"line":100,"column":66}},"42":{"start":{"line":102,"column":0},"end":{"line":102,"column":26}},"43":{"start":{"line":109,"column":21},"end":{"line":109,"column":23}},"44":{"start":{"line":110,"column":4},"end":{"line":114,"column":5}},"45":{"start":{"line":111,"column":8},"end":{"line":113,"column":9}},"46":{"start":{"line":112,"column":12},"end":{"line":112,"column":42}},"47":{"start":{"line":115,"column":4},"end":{"line":115,"column":22}},"48":{"start":{"line":117,"column":0},"end":{"line":117,"column":32}},"49":{"start":{"line":125,"column":4},"end":{"line":133,"column":5}},"50":{"start":{"line":126,"column":8},"end":{"line":132,"column":23}},"51":{"start":{"line":127,"column":25},"end":{"line":127,"column":27}},"52":{"start":{"line":128,"column":12},"end":{"line":128,"column":33}},"53":{"start":{"line":129,"column":12},"end":{"line":129,"column":26}},"54":{"start":{"line":132,"column":12},"end":{"line":132,"column":23}},"55":{"start":{"line":134,"column":17},"end":{"line":134,"column":19}},"56":{"start":{"line":136,"column":8},"end":{"line":153,"column":9}},"57":{"start":{"line":137,"column":12},"end":{"line":152,"column":13}},"58":{"start":{"line":138,"column":16},"end":{"line":145,"column":17}},"59":{"start":{"line":139,"column":20},"end":{"line":139,"column":105}},"60":{"start":{"line":141,"column":20},"end":{"line":144,"column":71}},"61":{"start":{"line":142,"column":24},"end":{"line":142,"column":77}},"62":{"start":{"line":144,"column":24},"end":{"line":144,"column":71}},"63":{"start":{"line":148,"column":16},"end":{"line":151,"column":58}},"64":{"start":{"line":149,"column":20},"end":{"line":149,"column":53}},"65":{"start":{"line":151,"column":20},"end":{"line":151,"column":58}},"66":{"start":{"line":154,"column":8},"end":{"line":155,"column":23}},"67":{"start":{"line":155,"column":12},"end":{"line":155,"column":23}},"68":{"start":{"line":156,"column":8},"end":{"line":156,"column":22}},"69":{"start":{"line":159,"column":8},"end":{"line":159,"column":35}},"70":{"start":{"line":162,"column":8},"end":{"line":165,"column":9}},"71":{"start":{"line":163,"column":12},"end":{"line":164,"column":29}},"72":{"start":{"line":164,"column":16},"end":{"line":164,"column":29}},"73":{"start":{"line":166,"column":8},"end":{"line":166,"column":20}},"74":{"start":{"line":168,"column":4},"end":{"line":168,"column":32}},"75":{"start":{"line":170,"column":0},"end":{"line":170,"column":24}},"76":{"start":{"line":172,"column":4},"end":{"line":174,"column":7}},"77":{"start":{"line":173,"column":8},"end":{"line":173,"column":32}},"78":{"start":{"line":176,"column":0},"end":{"line":176,"column":32}},"79":{"start":{"line":179,"column":8},"end":{"line":179,"column":27}},"80":{"start":{"line":182,"column":8},"end":{"line":182,"column":26}},"81":{"start":{"line":186,"column":8},"end":{"line":186,"column":26}},"82":{"start":{"line":189,"column":8},"end":{"line":193,"column":37}},"83":{"start":{"line":190,"column":12},"end":{"line":192,"column":13}},"84":{"start":{"line":191,"column":16},"end":{"line":191,"column":28}},"85":{"start":{"line":193,"column":25},"end":{"line":193,"column":35}},"86":{"start":{"line":196,"column":0},"end":{"line":196,"column":32}},"87":{"start":{"line":198,"column":4},"end":{"line":202,"column":7}},"88":{"start":{"line":199,"column":8},"end":{"line":201,"column":11}},"89":{"start":{"line":200,"column":12},"end":{"line":200,"column":67}},"90":{"start":{"line":204,"column":0},"end":{"line":204,"column":34}},"91":{"start":{"line":210,"column":8},"end":{"line":210,"column":24}},"92":{"start":{"line":214,"column":8},"end":{"line":214,"column":31}},"93":{"start":{"line":218,"column":8},"end":{"line":218,"column":28}},"94":{"start":{"line":222,"column":8},"end":{"line":222,"column":26}},"95":{"start":{"line":226,"column":8},"end":{"line":226,"column":27}},"96":{"start":{"line":230,"column":8},"end":{"line":230,"column":23}},"97":{"start":{"line":234,"column":8},"end":{"line":234,"column":25}},"98":{"start":{"line":237,"column":8},"end":{"line":239,"column":11}},"99":{"start":{"line":238,"column":12},"end":{"line":238,"column":44}},"100":{"start":{"line":242,"column":8},"end":{"line":247,"column":9}},"101":{"start":{"line":243,"column":12},"end":{"line":243,"column":30}},"102":{"start":{"line":245,"column":13},"end":{"line":247,"column":9}},"103":{"start":{"line":246,"column":12},"end":{"line":246,"column":49}},"104":{"start":{"line":248,"column":8},"end":{"line":248,"column":33}},"105":{"start":{"line":251,"column":8},"end":{"line":251,"column":30}},"106":{"start":{"line":252,"column":8},"end":{"line":259,"column":11}},"107":{"start":{"line":253,"column":12},"end":{"line":253,"column":33}},"108":{"start":{"line":254,"column":12},"end":{"line":256,"column":13}},"109":{"start":{"line":255,"column":16},"end":{"line":255,"column":41}},"110":{"start":{"line":257,"column":12},"end":{"line":257,"column":45}},"111":{"start":{"line":258,"column":12},"end":{"line":258,"column":31}},"112":{"start":{"line":260,"column":8},"end":{"line":260,"column":47}},"113":{"start":{"line":261,"column":8},"end":{"line":261,"column":39}},"114":{"start":{"line":262,"column":8},"end":{"line":262,"column":28}},"115":{"start":{"line":265,"column":8},"end":{"line":265,"column":25}},"116":{"start":{"line":266,"column":25},"end":{"line":266,"column":29}},"117":{"start":{"line":267,"column":8},"end":{"line":277,"column":9}},"118":{"start":{"line":268,"column":12},"end":{"line":268,"column":31}},"119":{"start":{"line":269,"column":12},"end":{"line":276,"column":15}},"120":{"start":{"line":270,"column":16},"end":{"line":274,"column":17}},"121":{"start":{"line":271,"column":20},"end":{"line":271,"column":41}},"122":{"start":{"line":272,"column":20},"end":{"line":272,"column":48}},"123":{"start":{"line":273,"column":20},"end":{"line":273,"column":38}},"124":{"start":{"line":275,"column":16},"end":{"line":275,"column":34}},"125":{"start":{"line":278,"column":8},"end":{"line":278,"column":27}},"126":{"start":{"line":281,"column":19},"end":{"line":281,"column":23}},"127":{"start":{"line":282,"column":8},"end":{"line":306,"column":11}},"128":{"start":{"line":283,"column":12},"end":{"line":285,"column":13}},"129":{"start":{"line":284,"column":16},"end":{"line":284,"column":23}},"130":{"start":{"line":286,"column":12},"end":{"line":291,"column":13}},"131":{"start":{"line":287,"column":16},"end":{"line":287,"column":43}},"132":{"start":{"line":288,"column":16},"end":{"line":290,"column":17}},"133":{"start":{"line":289,"column":20},"end":{"line":289,"column":33}},"134":{"start":{"line":292,"column":12},"end":{"line":299,"column":13}},"135":{"start":{"line":293,"column":16},"end":{"line":295,"column":17}},"136":{"start":{"line":294,"column":20},"end":{"line":294,"column":33}},"137":{"start":{"line":298,"column":16},"end":{"line":298,"column":41}},"138":{"start":{"line":300,"column":12},"end":{"line":305,"column":13}},"139":{"start":{"line":301,"column":16},"end":{"line":301,"column":44}},"140":{"start":{"line":302,"column":16},"end":{"line":304,"column":17}},"141":{"start":{"line":303,"column":20},"end":{"line":303,"column":33}},"142":{"start":{"line":307,"column":8},"end":{"line":307,"column":20}},"143":{"start":{"line":315,"column":8},"end":{"line":315,"column":31}},"144":{"start":{"line":318,"column":8},"end":{"line":318,"column":47}},"145":{"start":{"line":326,"column":8},"end":{"line":326,"column":39}},"146":{"start":{"line":335,"column":8},"end":{"line":335,"column":56}},"147":{"start":{"line":336,"column":8},"end":{"line":336,"column":43}},"148":{"start":{"line":345,"column":8},"end":{"line":345,"column":54}},"149":{"start":{"line":346,"column":8},"end":{"line":346,"column":42}},"150":{"start":{"line":355,"column":8},"end":{"line":360,"column":9}},"151":{"start":{"line":356,"column":12},"end":{"line":356,"column":45}},"152":{"start":{"line":357,"column":12},"end":{"line":359,"column":13}},"153":{"start":{"line":358,"column":16},"end":{"line":358,"column":42}},"154":{"start":{"line":369,"column":8},"end":{"line":369,"column":56}},"155":{"start":{"line":372,"column":8},"end":{"line":372,"column":87}},"156":{"start":{"line":375,"column":8},"end":{"line":375,"column":113}},"157":{"start":{"line":378,"column":8},"end":{"line":378,"column":62}},"158":{"start":{"line":381,"column":8},"end":{"line":381,"column":57}},"159":{"start":{"line":384,"column":22},"end":{"line":384,"column":27}},"160":{"start":{"line":385,"column":8},"end":{"line":390,"column":11}},"161":{"start":{"line":386,"column":23},"end":{"line":386,"column":41}},"162":{"start":{"line":387,"column":12},"end":{"line":389,"column":13}},"163":{"start":{"line":388,"column":16},"end":{"line":388,"column":31}},"164":{"start":{"line":391,"column":8},"end":{"line":391,"column":23}},"165":{"start":{"line":394,"column":8},"end":{"line":394,"column":58}},"166":{"start":{"line":397,"column":23},"end":{"line":397,"column":28}},"167":{"start":{"line":398,"column":8},"end":{"line":403,"column":11}},"168":{"start":{"line":399,"column":23},"end":{"line":399,"column":42}},"169":{"start":{"line":400,"column":12},"end":{"line":402,"column":13}},"170":{"start":{"line":401,"column":16},"end":{"line":401,"column":32}},"171":{"start":{"line":404,"column":8},"end":{"line":404,"column":24}},"172":{"start":{"line":413,"column":8},"end":{"line":413,"column":39}},"173":{"start":{"line":416,"column":8},"end":{"line":418,"column":9}},"174":{"start":{"line":417,"column":12},"end":{"line":417,"column":37}},"175":{"start":{"line":419,"column":8},"end":{"line":419,"column":28}},"176":{"start":{"line":422,"column":8},"end":{"line":424,"column":9}},"177":{"start":{"line":423,"column":12},"end":{"line":423,"column":38}},"178":{"start":{"line":425,"column":8},"end":{"line":425,"column":29}},"179":{"start":{"line":428,"column":8},"end":{"line":430,"column":9}},"180":{"start":{"line":429,"column":12},"end":{"line":429,"column":34}},"181":{"start":{"line":431,"column":8},"end":{"line":431,"column":25}},"182":{"start":{"line":434,"column":0},"end":{"line":434,"column":44}},"183":{"start":{"line":436,"column":15},"end":{"line":436,"column":17}},"184":{"start":{"line":437,"column":4},"end":{"line":439,"column":7}},"185":{"start":{"line":438,"column":8},"end":{"line":438,"column":50}},"186":{"start":{"line":440,"column":4},"end":{"line":440,"column":16}},"187":{"start":{"line":442,"column":0},"end":{"line":442,"column":28}},"188":{"start":{"line":444,"column":4},"end":{"line":456,"column":7}},"189":{"start":{"line":445,"column":21},"end":{"line":445,"column":51}},"190":{"start":{"line":446,"column":19},"end":{"line":446,"column":43}},"191":{"start":{"line":447,"column":8},"end":{"line":455,"column":9}},"192":{"start":{"line":448,"column":12},"end":{"line":448,"column":30}},"193":{"start":{"line":450,"column":13},"end":{"line":455,"column":9}},"194":{"start":{"line":451,"column":25},"end":{"line":451,"column":34}},"195":{"start":{"line":452,"column":25},"end":{"line":452,"column":34}},"196":{"start":{"line":453,"column":12},"end":{"line":453,"column":28}},"197":{"start":{"line":454,"column":12},"end":{"line":454,"column":33}},"198":{"start":{"line":457,"column":4},"end":{"line":457,"column":15}},"199":{"start":{"line":459,"column":0},"end":{"line":459,"column":20}},"200":{"start":{"line":466,"column":4},"end":{"line":467,"column":7}},"201":{"start":{"line":466,"column":45},"end":{"line":466,"column":65}},"202":{"start":{"line":469,"column":0},"end":{"line":469,"column":22}},"203":{"start":{"line":471,"column":23},"end":{"line":475,"column":5}},"204":{"start":{"line":473,"column":12},"end":{"line":473,"column":72}},"205":{"start":{"line":476,"column":4},"end":{"line":476,"column":71}},"206":{"start":{"line":477,"column":4},"end":{"line":479,"column":33}},"207":{"start":{"line":478,"column":8},"end":{"line":479,"column":33}},"208":{"start":{"line":479,"column":12},"end":{"line":479,"column":33}},"209":{"start":{"line":480,"column":4},"end":{"line":482,"column":33}},"210":{"start":{"line":481,"column":8},"end":{"line":482,"column":33}},"211":{"start":{"line":482,"column":12},"end":{"line":482,"column":33}},"212":{"start":{"line":483,"column":4},"end":{"line":483,"column":22}}},"fnMap":{"0":{"name":"getParts","decl":{"start":{"line":5,"column":9},"end":{"line":5,"column":17}},"loc":{"start":{"line":5,"column":23},"end":{"line":9,"column":1}},"line":5},"1":{"name":"(anonymous_1)","decl":{"start":{"line":6,"column":57},"end":{"line":6,"column":58}},"loc":{"start":{"line":6,"column":70},"end":{"line":8,"column":5}},"line":6},"2":{"name":"objectGet","decl":{"start":{"line":18,"column":9},"end":{"line":18,"column":18}},"loc":{"start":{"line":18,"column":39},"end":{"line":31,"column":1}},"line":18},"3":{"name":"objectSet","decl":{"start":{"line":40,"column":9},"end":{"line":40,"column":18}},"loc":{"start":{"line":40,"column":38},"end":{"line":47,"column":1}},"line":40},"4":{"name":"objectExists","decl":{"start":{"line":55,"column":9},"end":{"line":55,"column":21}},"loc":{"start":{"line":55,"column":34},"end":{"line":60,"column":1}},"line":55},"5":{"name":"recurse","decl":{"start":{"line":62,"column":9},"end":{"line":62,"column":16}},"loc":{"start":{"line":62,"column":40},"end":{"line":101,"column":1}},"line":62},"6":{"name":"recurse","decl":{"start":{"line":63,"column":13},"end":{"line":63,"column":20}},"loc":{"start":{"line":63,"column":51},"end":{"line":99,"column":5}},"line":63},"7":{"name":"(anonymous_7)","decl":{"start":{"line":77,"column":29},"end":{"line":77,"column":30}},"loc":{"start":{"line":77,"column":52},"end":{"line":82,"column":13}},"line":77},"8":{"name":"copyObject","decl":{"start":{"line":108,"column":9},"end":{"line":108,"column":19}},"loc":{"start":{"line":108,"column":28},"end":{"line":116,"column":1}},"line":108},"9":{"name":"dotize","decl":{"start":{"line":124,"column":9},"end":{"line":124,"column":15}},"loc":{"start":{"line":124,"column":29},"end":{"line":169,"column":1}},"line":124},"10":{"name":"recurse","decl":{"start":{"line":135,"column":13},"end":{"line":135,"column":20}},"loc":{"start":{"line":135,"column":40},"end":{"line":157,"column":5}},"line":135},"11":{"name":"isNumber","decl":{"start":{"line":158,"column":13},"end":{"line":158,"column":21}},"loc":{"start":{"line":158,"column":25},"end":{"line":160,"column":5}},"line":158},"12":{"name":"isEmptyObj","decl":{"start":{"line":161,"column":13},"end":{"line":161,"column":23}},"loc":{"start":{"line":161,"column":29},"end":{"line":167,"column":5}},"line":161},"13":{"name":"objectLoop","decl":{"start":{"line":171,"column":9},"end":{"line":171,"column":19}},"loc":{"start":{"line":171,"column":35},"end":{"line":175,"column":1}},"line":171},"14":{"name":"(anonymous_14)","decl":{"start":{"line":172,"column":29},"end":{"line":172,"column":30}},"loc":{"start":{"line":172,"column":38},"end":{"line":174,"column":5}},"line":172},"15":{"name":"(anonymous_15)","decl":{"start":{"line":178,"column":4},"end":{"line":178,"column":5}},"loc":{"start":{"line":178,"column":23},"end":{"line":180,"column":5}},"line":178},"16":{"name":"(anonymous_16)","decl":{"start":{"line":181,"column":4},"end":{"line":181,"column":5}},"loc":{"start":{"line":181,"column":15},"end":{"line":183,"column":5}},"line":181},"17":{"name":"(anonymous_17)","decl":{"start":{"line":185,"column":4},"end":{"line":185,"column":5}},"loc":{"start":{"line":185,"column":14},"end":{"line":187,"column":5}},"line":185},"18":{"name":"(anonymous_18)","decl":{"start":{"line":188,"column":4},"end":{"line":188,"column":5}},"loc":{"start":{"line":188,"column":17},"end":{"line":194,"column":5}},"line":188},"19":{"name":"(anonymous_19)","decl":{"start":{"line":189,"column":55},"end":{"line":189,"column":56}},"loc":{"start":{"line":189,"column":65},"end":{"line":193,"column":9}},"line":189},"20":{"name":"(anonymous_20)","decl":{"start":{"line":193,"column":15},"end":{"line":193,"column":16}},"loc":{"start":{"line":193,"column":25},"end":{"line":193,"column":35}},"line":193},"21":{"name":"applyMixins","decl":{"start":{"line":197,"column":9},"end":{"line":197,"column":20}},"loc":{"start":{"line":197,"column":45},"end":{"line":203,"column":1}},"line":197},"22":{"name":"(anonymous_22)","decl":{"start":{"line":198,"column":22},"end":{"line":198,"column":23}},"loc":{"start":{"line":198,"column":34},"end":{"line":202,"column":5}},"line":198},"23":{"name":"(anonymous_23)","decl":{"start":{"line":199,"column":63},"end":{"line":199,"column":64}},"loc":{"start":{"line":199,"column":71},"end":{"line":201,"column":9}},"line":199},"24":{"name":"(anonymous_24)","decl":{"start":{"line":206,"column":4},"end":{"line":206,"column":5}},"loc":{"start":{"line":206,"column":18},"end":{"line":235,"column":5}},"line":206},"25":{"name":"(anonymous_25)","decl":{"start":{"line":236,"column":4},"end":{"line":236,"column":5}},"loc":{"start":{"line":236,"column":15},"end":{"line":240,"column":5}},"line":236},"26":{"name":"(anonymous_26)","decl":{"start":{"line":237,"column":35},"end":{"line":237,"column":36}},"loc":{"start":{"line":237,"column":45},"end":{"line":239,"column":9}},"line":237},"27":{"name":"(anonymous_27)","decl":{"start":{"line":241,"column":4},"end":{"line":241,"column":5}},"loc":{"start":{"line":241,"column":24},"end":{"line":249,"column":5}},"line":241},"28":{"name":"(anonymous_28)","decl":{"start":{"line":250,"column":4},"end":{"line":250,"column":5}},"loc":{"start":{"line":250,"column":24},"end":{"line":263,"column":5}},"line":250},"29":{"name":"(anonymous_29)","decl":{"start":{"line":252,"column":21},"end":{"line":252,"column":22}},"loc":{"start":{"line":252,"column":30},"end":{"line":259,"column":9}},"line":252},"30":{"name":"(anonymous_30)","decl":{"start":{"line":264,"column":4},"end":{"line":264,"column":5}},"loc":{"start":{"line":264,"column":11},"end":{"line":279,"column":5}},"line":264},"31":{"name":"(anonymous_31)","decl":{"start":{"line":269,"column":51},"end":{"line":269,"column":52}},"loc":{"start":{"line":269,"column":61},"end":{"line":276,"column":13}},"line":269},"32":{"name":"(anonymous_32)","decl":{"start":{"line":280,"column":4},"end":{"line":280,"column":5}},"loc":{"start":{"line":280,"column":20},"end":{"line":308,"column":5}},"line":280},"33":{"name":"(anonymous_33)","decl":{"start":{"line":282,"column":41},"end":{"line":282,"column":42}},"loc":{"start":{"line":282,"column":50},"end":{"line":306,"column":9}},"line":282},"34":{"name":"(anonymous_34)","decl":{"start":{"line":314,"column":4},"end":{"line":314,"column":5}},"loc":{"start":{"line":314,"column":20},"end":{"line":316,"column":5}},"line":314},"35":{"name":"(anonymous_35)","decl":{"start":{"line":317,"column":4},"end":{"line":317,"column":5}},"loc":{"start":{"line":317,"column":17},"end":{"line":319,"column":5}},"line":317},"36":{"name":"(anonymous_36)","decl":{"start":{"line":325,"column":4},"end":{"line":325,"column":5}},"loc":{"start":{"line":325,"column":27},"end":{"line":327,"column":5}},"line":325},"37":{"name":"(anonymous_37)","decl":{"start":{"line":334,"column":4},"end":{"line":334,"column":5}},"loc":{"start":{"line":334,"column":29},"end":{"line":337,"column":5}},"line":334},"38":{"name":"(anonymous_38)","decl":{"start":{"line":344,"column":4},"end":{"line":344,"column":5}},"loc":{"start":{"line":344,"column":28},"end":{"line":347,"column":5}},"line":344},"39":{"name":"(anonymous_39)","decl":{"start":{"line":354,"column":4},"end":{"line":354,"column":5}},"loc":{"start":{"line":354,"column":26},"end":{"line":361,"column":5}},"line":354},"40":{"name":"(anonymous_40)","decl":{"start":{"line":368,"column":4},"end":{"line":368,"column":5}},"loc":{"start":{"line":368,"column":19},"end":{"line":370,"column":5}},"line":368},"41":{"name":"(anonymous_41)","decl":{"start":{"line":371,"column":4},"end":{"line":371,"column":5}},"loc":{"start":{"line":371,"column":21},"end":{"line":373,"column":5}},"line":371},"42":{"name":"(anonymous_42)","decl":{"start":{"line":374,"column":4},"end":{"line":374,"column":5}},"loc":{"start":{"line":374,"column":29},"end":{"line":376,"column":5}},"line":374},"43":{"name":"(anonymous_43)","decl":{"start":{"line":377,"column":4},"end":{"line":377,"column":5}},"loc":{"start":{"line":377,"column":24},"end":{"line":379,"column":5}},"line":377},"44":{"name":"(anonymous_44)","decl":{"start":{"line":380,"column":4},"end":{"line":380,"column":5}},"loc":{"start":{"line":380,"column":21},"end":{"line":382,"column":5}},"line":380},"45":{"name":"(anonymous_45)","decl":{"start":{"line":383,"column":4},"end":{"line":383,"column":5}},"loc":{"start":{"line":383,"column":19},"end":{"line":392,"column":5}},"line":383},"46":{"name":"(anonymous_46)","decl":{"start":{"line":385,"column":42},"end":{"line":385,"column":43}},"loc":{"start":{"line":385,"column":52},"end":{"line":390,"column":9}},"line":385},"47":{"name":"(anonymous_47)","decl":{"start":{"line":393,"column":4},"end":{"line":393,"column":5}},"loc":{"start":{"line":393,"column":22},"end":{"line":395,"column":5}},"line":393},"48":{"name":"(anonymous_48)","decl":{"start":{"line":396,"column":4},"end":{"line":396,"column":5}},"loc":{"start":{"line":396,"column":20},"end":{"line":405,"column":5}},"line":396},"49":{"name":"(anonymous_49)","decl":{"start":{"line":398,"column":43},"end":{"line":398,"column":44}},"loc":{"start":{"line":398,"column":53},"end":{"line":403,"column":9}},"line":398},"50":{"name":"(anonymous_50)","decl":{"start":{"line":412,"column":4},"end":{"line":412,"column":5}},"loc":{"start":{"line":412,"column":24},"end":{"line":414,"column":5}},"line":412},"51":{"name":"(anonymous_51)","decl":{"start":{"line":415,"column":4},"end":{"line":415,"column":5}},"loc":{"start":{"line":415,"column":20},"end":{"line":420,"column":5}},"line":415},"52":{"name":"(anonymous_52)","decl":{"start":{"line":421,"column":4},"end":{"line":421,"column":5}},"loc":{"start":{"line":421,"column":21},"end":{"line":426,"column":5}},"line":421},"53":{"name":"(anonymous_53)","decl":{"start":{"line":427,"column":4},"end":{"line":427,"column":5}},"loc":{"start":{"line":427,"column":17},"end":{"line":432,"column":5}},"line":427},"54":{"name":"everyKey","decl":{"start":{"line":435,"column":9},"end":{"line":435,"column":17}},"loc":{"start":{"line":435,"column":27},"end":{"line":441,"column":1}},"line":435},"55":{"name":"(anonymous_55)","decl":{"start":{"line":437,"column":29},"end":{"line":437,"column":30}},"loc":{"start":{"line":437,"column":51},"end":{"line":439,"column":5}},"line":437},"56":{"name":"omap","decl":{"start":{"line":443,"column":9},"end":{"line":443,"column":13}},"loc":{"start":{"line":443,"column":23},"end":{"line":458,"column":1}},"line":443},"57":{"name":"(anonymous_57)","decl":{"start":{"line":444,"column":29},"end":{"line":444,"column":30}},"loc":{"start":{"line":444,"column":51},"end":{"line":456,"column":5}},"line":444},"58":{"name":"Mixin","decl":{"start":{"line":465,"column":9},"end":{"line":465,"column":14}},"loc":{"start":{"line":465,"column":26},"end":{"line":468,"column":1}},"line":465},"59":{"name":"(anonymous_59)","decl":{"start":{"line":466,"column":30},"end":{"line":466,"column":31}},"loc":{"start":{"line":466,"column":45},"end":{"line":466,"column":65}},"line":466},"60":{"name":"__extends","decl":{"start":{"line":470,"column":9},"end":{"line":470,"column":18}},"loc":{"start":{"line":470,"column":25},"end":{"line":484,"column":1}},"line":470},"61":{"name":"(anonymous_61)","decl":{"start":{"line":472,"column":8},"end":{"line":472,"column":9}},"loc":{"start":{"line":472,"column":22},"end":{"line":474,"column":9}},"line":472}},"branchMap":{"0":{"loc":{"start":{"line":19,"column":4},"end":{"line":21,"column":5}},"type":"if","locations":[{"start":{"line":19,"column":4},"end":{"line":21,"column":5}},{"start":{"line":19,"column":4},"end":{"line":21,"column":5}}],"line":19},"1":{"loc":{"start":{"line":23,"column":11},"end":{"line":23,"column":57}},"type":"binary-expr","locations":[{"start":{"line":23,"column":11},"end":{"line":23,"column":34}},{"start":{"line":23,"column":38},"end":{"line":23,"column":41}},{"start":{"line":23,"column":45},"end":{"line":23,"column":57}}],"line":23},"2":{"loc":{"start":{"line":25,"column":8},"end":{"line":27,"column":9}},"type":"if","locations":[{"start":{"line":25,"column":8},"end":{"line":27,"column":9}},{"start":{"line":25,"column":8},"end":{"line":27,"column":9}}],"line":25},"3":{"loc":{"start":{"line":25,"column":12},"end":{"line":25,"column":36}},"type":"binary-expr","locations":[{"start":{"line":25,"column":12},"end":{"line":25,"column":26}},{"start":{"line":25,"column":30},"end":{"line":25,"column":36}}],"line":25},"4":{"loc":{"start":{"line":44,"column":4},"end":{"line":46,"column":5}},"type":"if","locations":[{"start":{"line":44,"column":4},"end":{"line":46,"column":5}},{"start":{"line":44,"column":4},"end":{"line":46,"column":5}}],"line":44},"5":{"loc":{"start":{"line":44,"column":8},"end":{"line":44,"column":38}},"type":"binary-expr","locations":[{"start":{"line":44,"column":8},"end":{"line":44,"column":11}},{"start":{"line":44,"column":15},"end":{"line":44,"column":38}}],"line":44},"6":{"loc":{"start":{"line":59,"column":11},"end":{"line":59,"column":56}},"type":"binary-expr","locations":[{"start":{"line":59,"column":11},"end":{"line":59,"column":34}},{"start":{"line":59,"column":38},"end":{"line":59,"column":41}},{"start":{"line":59,"column":45},"end":{"line":59,"column":56}}],"line":59},"7":{"loc":{"start":{"line":65,"column":8},"end":{"line":69,"column":9}},"type":"if","locations":[{"start":{"line":65,"column":8},"end":{"line":69,"column":9}},{"start":{"line":65,"column":8},"end":{"line":69,"column":9}}],"line":65},"8":{"loc":{"start":{"line":71,"column":8},"end":{"line":98,"column":9}},"type":"if","locations":[{"start":{"line":71,"column":8},"end":{"line":98,"column":9}},{"start":{"line":71,"column":8},"end":{"line":98,"column":9}}],"line":71},"9":{"loc":{"start":{"line":71,"column":12},"end":{"line":71,"column":53}},"type":"binary-expr","locations":[{"start":{"line":71,"column":12},"end":{"line":71,"column":22}},{"start":{"line":71,"column":26},"end":{"line":71,"column":53}}],"line":71},"10":{"loc":{"start":{"line":75,"column":13},"end":{"line":98,"column":9}},"type":"if","locations":[{"start":{"line":75,"column":13},"end":{"line":98,"column":9}},{"start":{"line":75,"column":13},"end":{"line":98,"column":9}}],"line":75},"11":{"loc":{"start":{"line":84,"column":13},"end":{"line":98,"column":9}},"type":"if","locations":[{"start":{"line":84,"column":13},"end":{"line":98,"column":9}},{"start":{"line":84,"column":13},"end":{"line":98,"column":9}}],"line":84},"12":{"loc":{"start":{"line":90,"column":40},"end":{"line":90,"column":86}},"type":"cond-expr","locations":[{"start":{"line":90,"column":57},"end":{"line":90,"column":74}},{"start":{"line":90,"column":77},"end":{"line":90,"column":86}}],"line":90},"13":{"loc":{"start":{"line":111,"column":8},"end":{"line":113,"column":9}},"type":"if","locations":[{"start":{"line":111,"column":8},"end":{"line":113,"column":9}},{"start":{"line":111,"column":8},"end":{"line":113,"column":9}}],"line":111},"14":{"loc":{"start":{"line":125,"column":4},"end":{"line":133,"column":5}},"type":"if","locations":[{"start":{"line":125,"column":4},"end":{"line":133,"column":5}},{"start":{"line":125,"column":4},"end":{"line":133,"column":5}}],"line":125},"15":{"loc":{"start":{"line":125,"column":8},"end":{"line":125,"column":38}},"type":"binary-expr","locations":[{"start":{"line":125,"column":8},"end":{"line":125,"column":12}},{"start":{"line":125,"column":16},"end":{"line":125,"column":38}}],"line":125},"16":{"loc":{"start":{"line":126,"column":8},"end":{"line":132,"column":23}},"type":"if","locations":[{"start":{"line":126,"column":8},"end":{"line":132,"column":23}},{"start":{"line":126,"column":8},"end":{"line":132,"column":23}}],"line":126},"17":{"loc":{"start":{"line":137,"column":12},"end":{"line":152,"column":13}},"type":"if","locations":[{"start":{"line":137,"column":12},"end":{"line":152,"column":13}},{"start":{"line":137,"column":12},"end":{"line":152,"column":13}}],"line":137},"18":{"loc":{"start":{"line":137,"column":16},"end":{"line":137,"column":48}},"type":"binary-expr","locations":[{"start":{"line":137,"column":16},"end":{"line":137,"column":20}},{"start":{"line":137,"column":24},"end":{"line":137,"column":48}}],"line":137},"19":{"loc":{"start":{"line":138,"column":16},"end":{"line":145,"column":17}},"type":"if","locations":[{"start":{"line":138,"column":16},"end":{"line":145,"column":17}},{"start":{"line":138,"column":16},"end":{"line":145,"column":17}}],"line":138},"20":{"loc":{"start":{"line":139,"column":44},"end":{"line":139,"column":54}},"type":"cond-expr","locations":[{"start":{"line":139,"column":48},"end":{"line":139,"column":49}},{"start":{"line":139,"column":52},"end":{"line":139,"column":54}}],"line":139},"21":{"loc":{"start":{"line":139,"column":59},"end":{"line":139,"column":96}},"type":"cond-expr","locations":[{"start":{"line":139,"column":73},"end":{"line":139,"column":86}},{"start":{"line":139,"column":89},"end":{"line":139,"column":96}}],"line":139},"22":{"loc":{"start":{"line":141,"column":20},"end":{"line":144,"column":71}},"type":"if","locations":[{"start":{"line":141,"column":20},"end":{"line":144,"column":71}},{"start":{"line":141,"column":20},"end":{"line":144,"column":71}}],"line":141},"23":{"loc":{"start":{"line":142,"column":48},"end":{"line":142,"column":58}},"type":"cond-expr","locations":[{"start":{"line":142,"column":52},"end":{"line":142,"column":53}},{"start":{"line":142,"column":56},"end":{"line":142,"column":58}}],"line":142},"24":{"loc":{"start":{"line":144,"column":48},"end":{"line":144,"column":64}},"type":"cond-expr","locations":[{"start":{"line":144,"column":52},"end":{"line":144,"column":59}},{"start":{"line":144,"column":62},"end":{"line":144,"column":64}}],"line":144},"25":{"loc":{"start":{"line":148,"column":16},"end":{"line":151,"column":58}},"type":"if","locations":[{"start":{"line":148,"column":16},"end":{"line":151,"column":58}},{"start":{"line":148,"column":16},"end":{"line":151,"column":58}}],"line":148},"26":{"loc":{"start":{"line":148,"column":20},"end":{"line":148,"column":46}},"type":"binary-expr","locations":[{"start":{"line":148,"column":20},"end":{"line":148,"column":31}},{"start":{"line":148,"column":35},"end":{"line":148,"column":46}}],"line":148},"27":{"loc":{"start":{"line":151,"column":28},"end":{"line":151,"column":44}},"type":"cond-expr","locations":[{"start":{"line":151,"column":32},"end":{"line":151,"column":39}},{"start":{"line":151,"column":42},"end":{"line":151,"column":44}}],"line":151},"28":{"loc":{"start":{"line":154,"column":8},"end":{"line":155,"column":23}},"type":"if","locations":[{"start":{"line":154,"column":8},"end":{"line":155,"column":23}},{"start":{"line":154,"column":8},"end":{"line":155,"column":23}}],"line":154},"29":{"loc":{"start":{"line":163,"column":12},"end":{"line":164,"column":29}},"type":"if","locations":[{"start":{"line":163,"column":12},"end":{"line":164,"column":29}},{"start":{"line":163,"column":12},"end":{"line":164,"column":29}}],"line":163},"30":{"loc":{"start":{"line":190,"column":12},"end":{"line":192,"column":13}},"type":"if","locations":[{"start":{"line":190,"column":12},"end":{"line":192,"column":13}},{"start":{"line":190,"column":12},"end":{"line":192,"column":13}}],"line":190},"31":{"loc":{"start":{"line":190,"column":16},"end":{"line":190,"column":102}},"type":"binary-expr","locations":[{"start":{"line":190,"column":16},"end":{"line":190,"column":68}},{"start":{"line":190,"column":72},"end":{"line":190,"column":102}}],"line":190},"32":{"loc":{"start":{"line":242,"column":8},"end":{"line":247,"column":9}},"type":"if","locations":[{"start":{"line":242,"column":8},"end":{"line":247,"column":9}},{"start":{"line":242,"column":8},"end":{"line":247,"column":9}}],"line":242},"33":{"loc":{"start":{"line":243,"column":19},"end":{"line":243,"column":29}},"type":"binary-expr","locations":[{"start":{"line":243,"column":19},"end":{"line":243,"column":23}},{"start":{"line":243,"column":27},"end":{"line":243,"column":29}}],"line":243},"34":{"loc":{"start":{"line":245,"column":13},"end":{"line":247,"column":9}},"type":"if","locations":[{"start":{"line":245,"column":13},"end":{"line":247,"column":9}},{"start":{"line":245,"column":13},"end":{"line":247,"column":9}}],"line":245},"35":{"loc":{"start":{"line":254,"column":12},"end":{"line":256,"column":13}},"type":"if","locations":[{"start":{"line":254,"column":12},"end":{"line":256,"column":13}},{"start":{"line":254,"column":12},"end":{"line":256,"column":13}}],"line":254},"36":{"loc":{"start":{"line":267,"column":15},"end":{"line":267,"column":67}},"type":"binary-expr","locations":[{"start":{"line":267,"column":15},"end":{"line":267,"column":53}},{"start":{"line":267,"column":57},"end":{"line":267,"column":67}}],"line":267},"37":{"loc":{"start":{"line":270,"column":16},"end":{"line":274,"column":17}},"type":"if","locations":[{"start":{"line":270,"column":16},"end":{"line":274,"column":17}},{"start":{"line":270,"column":16},"end":{"line":274,"column":17}}],"line":270},"38":{"loc":{"start":{"line":283,"column":12},"end":{"line":285,"column":13}},"type":"if","locations":[{"start":{"line":283,"column":12},"end":{"line":285,"column":13}},{"start":{"line":283,"column":12},"end":{"line":285,"column":13}}],"line":283},"39":{"loc":{"start":{"line":286,"column":12},"end":{"line":291,"column":13}},"type":"if","locations":[{"start":{"line":286,"column":12},"end":{"line":291,"column":13}},{"start":{"line":286,"column":12},"end":{"line":291,"column":13}}],"line":286},"40":{"loc":{"start":{"line":288,"column":16},"end":{"line":290,"column":17}},"type":"if","locations":[{"start":{"line":288,"column":16},"end":{"line":290,"column":17}},{"start":{"line":288,"column":16},"end":{"line":290,"column":17}}],"line":288},"41":{"loc":{"start":{"line":292,"column":12},"end":{"line":299,"column":13}},"type":"if","locations":[{"start":{"line":292,"column":12},"end":{"line":299,"column":13}},{"start":{"line":292,"column":12},"end":{"line":299,"column":13}}],"line":292},"42":{"loc":{"start":{"line":293,"column":16},"end":{"line":295,"column":17}},"type":"if","locations":[{"start":{"line":293,"column":16},"end":{"line":295,"column":17}},{"start":{"line":293,"column":16},"end":{"line":295,"column":17}}],"line":293},"43":{"loc":{"start":{"line":300,"column":12},"end":{"line":305,"column":13}},"type":"if","locations":[{"start":{"line":300,"column":12},"end":{"line":305,"column":13}},{"start":{"line":300,"column":12},"end":{"line":305,"column":13}}],"line":300},"44":{"loc":{"start":{"line":302,"column":16},"end":{"line":304,"column":17}},"type":"if","locations":[{"start":{"line":302,"column":16},"end":{"line":304,"column":17}},{"start":{"line":302,"column":16},"end":{"line":304,"column":17}}],"line":302},"45":{"loc":{"start":{"line":335,"column":30},"end":{"line":335,"column":55}},"type":"binary-expr","locations":[{"start":{"line":335,"column":30},"end":{"line":335,"column":49}},{"start":{"line":335,"column":53},"end":{"line":335,"column":55}}],"line":335},"46":{"loc":{"start":{"line":345,"column":29},"end":{"line":345,"column":53}},"type":"binary-expr","locations":[{"start":{"line":345,"column":29},"end":{"line":345,"column":47}},{"start":{"line":345,"column":51},"end":{"line":345,"column":53}}],"line":345},"47":{"loc":{"start":{"line":355,"column":8},"end":{"line":360,"column":9}},"type":"if","locations":[{"start":{"line":355,"column":8},"end":{"line":360,"column":9}},{"start":{"line":355,"column":8},"end":{"line":360,"column":9}}],"line":355},"48":{"loc":{"start":{"line":357,"column":12},"end":{"line":359,"column":13}},"type":"if","locations":[{"start":{"line":357,"column":12},"end":{"line":359,"column":13}},{"start":{"line":357,"column":12},"end":{"line":359,"column":13}}],"line":357},"49":{"loc":{"start":{"line":372,"column":15},"end":{"line":372,"column":86}},"type":"cond-expr","locations":[{"start":{"line":372,"column":61},"end":{"line":372,"column":81}},{"start":{"line":372,"column":84},"end":{"line":372,"column":86}}],"line":372},"50":{"loc":{"start":{"line":375,"column":15},"end":{"line":375,"column":112}},"type":"binary-expr","locations":[{"start":{"line":375,"column":15},"end":{"line":375,"column":58}},{"start":{"line":375,"column":62},"end":{"line":375,"column":112}}],"line":375},"51":{"loc":{"start":{"line":387,"column":12},"end":{"line":389,"column":13}},"type":"if","locations":[{"start":{"line":387,"column":12},"end":{"line":389,"column":13}},{"start":{"line":387,"column":12},"end":{"line":389,"column":13}}],"line":387},"52":{"loc":{"start":{"line":400,"column":12},"end":{"line":402,"column":13}},"type":"if","locations":[{"start":{"line":400,"column":12},"end":{"line":402,"column":13}},{"start":{"line":400,"column":12},"end":{"line":402,"column":13}}],"line":400},"53":{"loc":{"start":{"line":416,"column":8},"end":{"line":418,"column":9}},"type":"if","locations":[{"start":{"line":416,"column":8},"end":{"line":418,"column":9}},{"start":{"line":416,"column":8},"end":{"line":418,"column":9}}],"line":416},"54":{"loc":{"start":{"line":422,"column":8},"end":{"line":424,"column":9}},"type":"if","locations":[{"start":{"line":422,"column":8},"end":{"line":424,"column":9}},{"start":{"line":422,"column":8},"end":{"line":424,"column":9}}],"line":422},"55":{"loc":{"start":{"line":428,"column":8},"end":{"line":430,"column":9}},"type":"if","locations":[{"start":{"line":428,"column":8},"end":{"line":430,"column":9}},{"start":{"line":428,"column":8},"end":{"line":430,"column":9}}],"line":428},"56":{"loc":{"start":{"line":447,"column":8},"end":{"line":455,"column":9}},"type":"if","locations":[{"start":{"line":447,"column":8},"end":{"line":455,"column":9}},{"start":{"line":447,"column":8},"end":{"line":455,"column":9}}],"line":447},"57":{"loc":{"start":{"line":450,"column":13},"end":{"line":455,"column":9}},"type":"if","locations":[{"start":{"line":450,"column":13},"end":{"line":455,"column":9}},{"start":{"line":450,"column":13},"end":{"line":455,"column":9}}],"line":450},"58":{"loc":{"start":{"line":473,"column":27},"end":{"line":473,"column":59}},"type":"binary-expr","locations":[{"start":{"line":473,"column":27},"end":{"line":473,"column":51}},{"start":{"line":473,"column":55},"end":{"line":473,"column":59}}],"line":473},"59":{"loc":{"start":{"line":478,"column":8},"end":{"line":479,"column":33}},"type":"if","locations":[{"start":{"line":478,"column":8},"end":{"line":479,"column":33}},{"start":{"line":478,"column":8},"end":{"line":479,"column":33}}],"line":478},"60":{"loc":{"start":{"line":481,"column":8},"end":{"line":482,"column":33}},"type":"if","locations":[{"start":{"line":481,"column":8},"end":{"line":482,"column":33}},{"start":{"line":481,"column":8},"end":{"line":482,"column":33}}],"line":481}},"s":{"0":1,"1":1,"2":1,"3":9,"4":9,"5":1,"6":9,"7":4,"8":9,"9":4,"10":4,"11":0,"12":4,"13":9,"14":1,"15":1,"16":1,"17":1,"18":1,"19":1,"20":1,"21":4,"22":4,"23":4,"24":4,"25":1,"26":7,"27":0,"28":0,"29":0,"30":7,"31":0,"32":7,"33":0,"34":0,"35":7,"36":1,"37":1,"38":3,"39":1,"40":6,"41":4,"42":1,"43":0,"44":0,"45":0,"46":0,"47":0,"48":1,"49":0,"50":0,"51":0,"52":0,"53":0,"54":0,"55":0,"56":0,"57":0,"58":0,"59":0,"60":0,"61":0,"62":0,"63":0,"64":0,"65":0,"66":0,"67":0,"68":0,"69":0,"70":0,"71":0,"72":0,"73":0,"74":0,"75":1,"76":0,"77":0,"78":1,"79":0,"80":0,"81":0,"82":0,"83":0,"84":0,"85":0,"86":1,"87":0,"88":0,"89":0,"90":1,"91":0,"92":0,"93":0,"94":0,"95":0,"96":0,"97":0,"98":0,"99":0,"100":0,"101":0,"102":0,"103":0,"104":0,"105":0,"106":0,"107":0,"108":0,"109":0,"110":0,"111":0,"112":0,"113":0,"114":0,"115":0,"116":0,"117":0,"118":0,"119":0,"120":0,"121":0,"122":0,"123":0,"124":0,"125":0,"126":0,"127":0,"128":0,"129":0,"130":0,"131":0,"132":0,"133":0,"134":0,"135":0,"136":0,"137":0,"138":0,"139":0,"140":0,"141":0,"142":0,"143":0,"144":0,"145":0,"146":0,"147":0,"148":0,"149":0,"150":0,"151":0,"152":0,"153":0,"154":0,"155":0,"156":0,"157":0,"158":0,"159":0,"160":0,"161":0,"162":0,"163":0,"164":0,"165":0,"166":0,"167":0,"168":0,"169":0,"170":0,"171":0,"172":0,"173":0,"174":0,"175":0,"176":0,"177":0,"178":0,"179":0,"180":0,"181":0,"182":1,"183":0,"184":0,"185":0,"186":0,"187":1,"188":0,"189":0,"190":0,"191":0,"192":0,"193":0,"194":0,"195":0,"196":0,"197":0,"198":0,"199":1,"200":0,"201":0,"202":1,"203":0,"204":0,"205":0,"206":0,"207":0,"208":0,"209":0,"210":0,"211":0,"212":0},"f":{"0":9,"1":9,"2":9,"3":1,"4":4,"5":4,"6":7,"7":0,"8":0,"9":0,"10":0,"11":0,"12":0,"13":0,"14":0,"15":0,"16":0,"17":0,"18":0,"19":0,"20":0,"21":0,"22":0,"23":0,"24":0,"25":0,"26":0,"27":0,"28":0,"29":0,"30":0,"31":0,"32":0,"33":0,"34":0,"35":0,"36":0,"37":0,"38":0,"39":0,"40":0,"41":0,"42":0,"43":0,"44":0,"45":0,"46":0,"47":0,"48":0,"49":0,"50":0,"51":0,"52":0,"53":0,"54":0,"55":0,"56":0,"57":0,"58":0,"59":0,"60":0,"61":0},"b":{"0":[4,5],"1":[13,9,9],"2":[0,4],"3":[4,0],"4":[1,0],"5":[1,1],"6":[4,4,4],"7":[0,7],"8":[0,7],"9":[7,0],"10":[0,7],"11":[1,6],"12":[0,3],"13":[0,0],"14":[0,0],"15":[0,0],"16":[0,0],"17":[0,0],"18":[0,0],"19":[0,0],"20":[0,0],"21":[0,0],"22":[0,0],"23":[0,0],"24":[0,0],"25":[0,0],"26":[0,0],"27":[0,0],"28":[0,0],"29":[0,0],"30":[0,0],"31":[0,0],"32":[0,0],"33":[0,0],"34":[0,0],"35":[0,0],"36":[0,0],"37":[0,0],"38":[0,0],"39":[0,0],"40":[0,0],"41":[0,0],"42":[0,0],"43":[0,0],"44":[0,0],"45":[0,0],"46":[0,0],"47":[0,0],"48":[0,0],"49":[0,0],"50":[0,0],"51":[0,0],"52":[0,0],"53":[0,0],"54":[0,0],"55":[0,0],"56":[0,0],"57":[0,0],"58":[0,0],"59":[0,0],"60":[0,0]},"_coverageSchema":"332fd63041d2c1bcb487cc26dd0d5f7d97098a6c","hash":"bf82eba70d804a1dcbf90c14220035b67f571ca2","contentHash":"c4cb60032da1f48e5dc71bb973fbcf32_11.1.0"},"/home/radic/node/@radic/util/src/general.js":{"path":"/home/radic/node/@radic/util/src/general.js","statementMap":{"0":{"start":{"line":2,"column":0},"end":{"line":2,"column":62}},"1":{"start":{"line":3,"column":17},"end":{"line":3,"column":34}},"2":{"start":{"line":11,"column":21},"end":{"line":11,"column":41}},"3":{"start":{"line":12,"column":4},"end":{"line":12,"column":57}},"4":{"start":{"line":14,"column":0},"end":{"line":14,"column":22}},"5":{"start":{"line":22,"column":4},"end":{"line":23,"column":18}},"6":{"start":{"line":23,"column":8},"end":{"line":23,"column":18}},"7":{"start":{"line":24,"column":4},"end":{"line":24,"column":23}},"8":{"start":{"line":26,"column":0},"end":{"line":26,"column":32}},"9":{"start":{"line":28,"column":4},"end":{"line":33,"column":61}},"10":{"start":{"line":29,"column":8},"end":{"line":29,"column":21}},"11":{"start":{"line":30,"column":9},"end":{"line":33,"column":61}},"12":{"start":{"line":31,"column":8},"end":{"line":31,"column":33}},"13":{"start":{"line":33,"column":8},"end":{"line":33,"column":61}},"14":{"start":{"line":35,"column":0},"end":{"line":35,"column":50}},"15":{"start":{"line":36,"column":14},"end":{"line":36,"column":16}},"16":{"start":{"line":37,"column":0},"end":{"line":39,"column":3}},"17":{"start":{"line":38,"column":4},"end":{"line":38,"column":52}},"18":{"start":{"line":40,"column":17},"end":{"line":40,"column":38}},"19":{"start":{"line":41,"column":16},"end":{"line":48,"column":1}},"20":{"start":{"line":57,"column":4},"end":{"line":59,"column":5}},"21":{"start":{"line":58,"column":8},"end":{"line":58,"column":29}},"22":{"start":{"line":61,"column":4},"end":{"line":61,"column":61}},"23":{"start":{"line":63,"column":0},"end":{"line":63,"column":24}},"24":{"start":{"line":71,"column":4},"end":{"line":71,"column":36}},"25":{"start":{"line":73,"column":0},"end":{"line":73,"column":18}},"26":{"start":{"line":81,"column":4},"end":{"line":81,"column":38}},"27":{"start":{"line":83,"column":0},"end":{"line":83,"column":26}},"28":{"start":{"line":91,"column":4},"end":{"line":93,"column":5}},"29":{"start":{"line":92,"column":8},"end":{"line":92,"column":20}},"30":{"start":{"line":94,"column":15},"end":{"line":94,"column":17}},"31":{"start":{"line":95,"column":19},"end":{"line":95,"column":83}},"32":{"start":{"line":96,"column":4},"end":{"line":98,"column":5}},"33":{"start":{"line":97,"column":8},"end":{"line":97,"column":77}},"34":{"start":{"line":99,"column":4},"end":{"line":99,"column":16}},"35":{"start":{"line":101,"column":0},"end":{"line":101,"column":34}},"36":{"start":{"line":103,"column":4},"end":{"line":104,"column":60}},"37":{"start":{"line":106,"column":0},"end":{"line":106,"column":20}},"38":{"start":{"line":108,"column":4},"end":{"line":110,"column":22}},"39":{"start":{"line":112,"column":0},"end":{"line":112,"column":26}},"40":{"start":{"line":114,"column":4},"end":{"line":114,"column":92}},"41":{"start":{"line":116,"column":4},"end":{"line":121,"column":23}},"42":{"start":{"line":117,"column":8},"end":{"line":117,"column":28}},"43":{"start":{"line":118,"column":9},"end":{"line":121,"column":23}},"44":{"start":{"line":119,"column":8},"end":{"line":119,"column":31}},"45":{"start":{"line":121,"column":8},"end":{"line":121,"column":23}},"46":{"start":{"line":122,"column":15},"end":{"line":122,"column":17}},"47":{"start":{"line":123,"column":4},"end":{"line":123,"column":83}},"48":{"start":{"line":123,"column":25},"end":{"line":123,"column":38}},"49":{"start":{"line":123,"column":57},"end":{"line":123,"column":81}},"50":{"start":{"line":124,"column":4},"end":{"line":124,"column":16}},"51":{"start":{"line":126,"column":0},"end":{"line":126,"column":91}},"52":{"start":{"line":126,"column":45},"end":{"line":126,"column":90}},"53":{"start":{"line":127,"column":0},"end":{"line":127,"column":39}},"54":{"start":{"line":128,"column":0},"end":{"line":128,"column":92}},"55":{"start":{"line":128,"column":45},"end":{"line":128,"column":91}}},"fnMap":{"0":{"name":"round","decl":{"start":{"line":10,"column":9},"end":{"line":10,"column":14}},"loc":{"start":{"line":10,"column":30},"end":{"line":13,"column":1}},"line":10},"1":{"name":"makeString","decl":{"start":{"line":21,"column":9},"end":{"line":21,"column":19}},"loc":{"start":{"line":21,"column":28},"end":{"line":25,"column":1}},"line":21},"2":{"name":"defaultToWhiteSpace","decl":{"start":{"line":27,"column":9},"end":{"line":27,"column":28}},"loc":{"start":{"line":27,"column":41},"end":{"line":34,"column":1}},"line":27},"3":{"name":"(anonymous_3)","decl":{"start":{"line":37,"column":76},"end":{"line":37,"column":77}},"loc":{"start":{"line":37,"column":89},"end":{"line":39,"column":1}},"line":37},"4":{"name":"kindOf","decl":{"start":{"line":55,"column":9},"end":{"line":55,"column":15}},"loc":{"start":{"line":55,"column":23},"end":{"line":62,"column":1}},"line":55},"5":{"name":"def","decl":{"start":{"line":70,"column":9},"end":{"line":70,"column":12}},"loc":{"start":{"line":70,"column":23},"end":{"line":72,"column":1}},"line":70},"6":{"name":"defined","decl":{"start":{"line":80,"column":9},"end":{"line":80,"column":16}},"loc":{"start":{"line":80,"column":22},"end":{"line":82,"column":1}},"line":80},"7":{"name":"getRandomId","decl":{"start":{"line":90,"column":9},"end":{"line":90,"column":20}},"loc":{"start":{"line":90,"column":29},"end":{"line":100,"column":1}},"line":90},"8":{"name":"guid","decl":{"start":{"line":102,"column":9},"end":{"line":102,"column":13}},"loc":{"start":{"line":102,"column":16},"end":{"line":105,"column":1}},"line":102},"9":{"name":"guidSeg","decl":{"start":{"line":107,"column":9},"end":{"line":107,"column":16}},"loc":{"start":{"line":107,"column":19},"end":{"line":111,"column":1}},"line":107},"10":{"name":"isLength","decl":{"start":{"line":113,"column":9},"end":{"line":113,"column":17}},"loc":{"start":{"line":113,"column":34},"end":{"line":125,"column":1}},"line":113},"11":{"name":"(anonymous_11)","decl":{"start":{"line":123,"column":16},"end":{"line":123,"column":17}},"loc":{"start":{"line":123,"column":25},"end":{"line":123,"column":38}},"line":123},"12":{"name":"(anonymous_12)","decl":{"start":{"line":123,"column":48},"end":{"line":123,"column":49}},"loc":{"start":{"line":123,"column":57},"end":{"line":123,"column":81}},"line":123},"13":{"name":"(anonymous_13)","decl":{"start":{"line":126,"column":22},"end":{"line":126,"column":23}},"loc":{"start":{"line":126,"column":45},"end":{"line":126,"column":90}},"line":126},"14":{"name":"(anonymous_14)","decl":{"start":{"line":128,"column":22},"end":{"line":128,"column":23}},"loc":{"start":{"line":128,"column":45},"end":{"line":128,"column":91}},"line":128}},"branchMap":{"0":{"loc":{"start":{"line":22,"column":4},"end":{"line":23,"column":18}},"type":"if","locations":[{"start":{"line":22,"column":4},"end":{"line":23,"column":18}},{"start":{"line":22,"column":4},"end":{"line":23,"column":18}}],"line":22},"1":{"loc":{"start":{"line":28,"column":4},"end":{"line":33,"column":61}},"type":"if","locations":[{"start":{"line":28,"column":4},"end":{"line":33,"column":61}},{"start":{"line":28,"column":4},"end":{"line":33,"column":61}}],"line":28},"2":{"loc":{"start":{"line":30,"column":9},"end":{"line":33,"column":61}},"type":"if","locations":[{"start":{"line":30,"column":9},"end":{"line":33,"column":61}},{"start":{"line":30,"column":9},"end":{"line":33,"column":61}}],"line":30},"3":{"loc":{"start":{"line":57,"column":4},"end":{"line":59,"column":5}},"type":"if","locations":[{"start":{"line":57,"column":4},"end":{"line":59,"column":5}},{"start":{"line":57,"column":4},"end":{"line":59,"column":5}}],"line":57},"4":{"loc":{"start":{"line":61,"column":11},"end":{"line":61,"column":60}},"type":"binary-expr","locations":[{"start":{"line":61,"column":11},"end":{"line":61,"column":48}},{"start":{"line":61,"column":52},"end":{"line":61,"column":60}}],"line":61},"5":{"loc":{"start":{"line":71,"column":11},"end":{"line":71,"column":35}},"type":"cond-expr","locations":[{"start":{"line":71,"column":26},"end":{"line":71,"column":29}},{"start":{"line":71,"column":32},"end":{"line":71,"column":35}}],"line":71},"6":{"loc":{"start":{"line":91,"column":4},"end":{"line":93,"column":5}},"type":"if","locations":[{"start":{"line":91,"column":4},"end":{"line":93,"column":5}},{"start":{"line":91,"column":4},"end":{"line":93,"column":5}}],"line":91},"7":{"loc":{"start":{"line":114,"column":14},"end":{"line":114,"column":91}},"type":"cond-expr","locations":[{"start":{"line":114,"column":71},"end":{"line":114,"column":81}},{"start":{"line":114,"column":84},"end":{"line":114,"column":91}}],"line":114},"8":{"loc":{"start":{"line":114,"column":14},"end":{"line":114,"column":68}},"type":"binary-expr","locations":[{"start":{"line":114,"column":14},"end":{"line":114,"column":34}},{"start":{"line":114,"column":38},"end":{"line":114,"column":68}}],"line":114},"9":{"loc":{"start":{"line":116,"column":4},"end":{"line":121,"column":23}},"type":"if","locations":[{"start":{"line":116,"column":4},"end":{"line":121,"column":23}},{"start":{"line":116,"column":4},"end":{"line":121,"column":23}}],"line":116},"10":{"loc":{"start":{"line":118,"column":9},"end":{"line":121,"column":23}},"type":"if","locations":[{"start":{"line":118,"column":9},"end":{"line":121,"column":23}},{"start":{"line":118,"column":9},"end":{"line":121,"column":23}}],"line":118}},"s":{"0":1,"1":1,"2":0,"3":0,"4":1,"5":0,"6":0,"7":0,"8":1,"9":0,"10":0,"11":0,"12":0,"13":0,"14":1,"15":1,"16":1,"17":8,"18":1,"19":1,"20":7,"21":0,"22":7,"23":1,"24":0,"25":1,"26":1,"27":1,"28":0,"29":0,"30":0,"31":0,"32":0,"33":0,"34":0,"35":1,"36":0,"37":1,"38":0,"39":1,"40":0,"41":0,"42":0,"43":0,"44":0,"45":0,"46":0,"47":0,"48":0,"49":0,"50":0,"51":1,"52":0,"53":1,"54":1,"55":0},"f":{"0":0,"1":0,"2":0,"3":8,"4":7,"5":0,"6":1,"7":0,"8":0,"9":0,"10":0,"11":0,"12":0,"13":0,"14":0},"b":{"0":[0,0],"1":[0,0],"2":[0,0],"3":[0,7],"4":[7,1],"5":[0,0],"6":[0,0],"7":[0,0],"8":[0,0],"9":[0,0],"10":[0,0]},"_coverageSchema":"332fd63041d2c1bcb487cc26dd0d5f7d97098a6c","hash":"74e8fdd15d6ea694a9f55942e74f179e0437040d","contentHash":"6c80db3f58846b9a43f113cbaaf115d0_11.1.0"},"/home/radic/node/@radic/util/src/functions.js":{"path":"/home/radic/node/@radic/util/src/functions.js","statementMap":{"0":{"start":{"line":2,"column":0},"end":{"line":2,"column":62}},"1":{"start":{"line":7,"column":0},"end":{"line":19,"column":2}},"2":{"start":{"line":8,"column":31},"end":{"line":8,"column":57}},"3":{"start":{"line":9,"column":4},"end":{"line":11,"column":6}},"4":{"start":{"line":10,"column":8},"end":{"line":10,"column":21}},"5":{"start":{"line":12,"column":16},"end":{"line":12,"column":33}},"6":{"start":{"line":13,"column":4},"end":{"line":13,"column":54}},"7":{"start":{"line":14,"column":19},"end":{"line":14,"column":44}},"8":{"start":{"line":18,"column":4},"end":{"line":18,"column":71}},"9":{"start":{"line":21,"column":4},"end":{"line":21,"column":90}},"10":{"start":{"line":21,"column":26},"end":{"line":21,"column":88}},"11":{"start":{"line":23,"column":0},"end":{"line":23,"column":26}}},"fnMap":{"0":{"name":"getCallerFile","decl":{"start":{"line":7,"column":33},"end":{"line":7,"column":46}},"loc":{"start":{"line":7,"column":62},"end":{"line":19,"column":1}},"line":7},"1":{"name":"(anonymous_1)","decl":{"start":{"line":9,"column":33},"end":{"line":9,"column":34}},"loc":{"start":{"line":9,"column":55},"end":{"line":11,"column":5}},"line":9},"2":{"name":"inspect","decl":{"start":{"line":20,"column":9},"end":{"line":20,"column":16}},"loc":{"start":{"line":20,"column":26},"end":{"line":22,"column":1}},"line":20},"3":{"name":"(anonymous_3)","decl":{"start":{"line":21,"column":17},"end":{"line":21,"column":18}},"loc":{"start":{"line":21,"column":26},"end":{"line":21,"column":88}},"line":21}},"branchMap":{"0":{"loc":{"start":{"line":7,"column":47},"end":{"line":7,"column":60}},"type":"default-arg","locations":[{"start":{"line":7,"column":59},"end":{"line":7,"column":60}}],"line":7},"1":{"loc":{"start":{"line":14,"column":19},"end":{"line":14,"column":44}},"type":"cond-expr","locations":[{"start":{"line":14,"column":31},"end":{"line":14,"column":40}},{"start":{"line":14,"column":43},"end":{"line":14,"column":44}}],"line":14},"2":{"loc":{"start":{"line":18,"column":11},"end":{"line":18,"column":70}},"type":"cond-expr","locations":[{"start":{"line":18,"column":29},"end":{"line":18,"column":58}},{"start":{"line":18,"column":61},"end":{"line":18,"column":70}}],"line":18}},"s":{"0":1,"1":1,"2":0,"3":0,"4":0,"5":0,"6":0,"7":0,"8":0,"9":0,"10":0,"11":1},"f":{"0":0,"1":0,"2":0,"3":0},"b":{"0":[0],"1":[0,0],"2":[0,0]},"_coverageSchema":"332fd63041d2c1bcb487cc26dd0d5f7d97098a6c","hash":"73eb6ac5b1461bc59893f4ccdda54cd4b83c5e1f","contentHash":"0c10f9692115f8030c37d4cbe4b9fc2e_11.1.0"},"/home/radic/node/@radic/util/src/JSON.js":{"path":"/home/radic/node/@radic/util/src/JSON.js","statementMap":{"0":{"start":{"line":2,"column":0},"end":{"line":2,"column":62}},"1":{"start":{"line":3,"column":15},"end":{"line":3,"column":19}},"2":{"start":{"line":9,"column":0},"end":{"line":19,"column":2}},"3":{"start":{"line":10,"column":4},"end":{"line":18,"column":7}},"4":{"start":{"line":11,"column":8},"end":{"line":13,"column":9}},"5":{"start":{"line":12,"column":12},"end":{"line":12,"column":36}},"6":{"start":{"line":14,"column":8},"end":{"line":16,"column":9}},"7":{"start":{"line":15,"column":12},"end":{"line":15,"column":38}},"8":{"start":{"line":17,"column":8},"end":{"line":17,"column":21}},"9":{"start":{"line":26,"column":0},"end":{"line":48,"column":2}},"10":{"start":{"line":27,"column":18},"end":{"line":27,"column":99}},"11":{"start":{"line":28,"column":4},"end":{"line":47,"column":7}},"12":{"start":{"line":30,"column":8},"end":{"line":32,"column":9}},"13":{"start":{"line":31,"column":12},"end":{"line":31,"column":25}},"14":{"start":{"line":33,"column":8},"end":{"line":35,"column":9}},"15":{"start":{"line":34,"column":12},"end":{"line":34,"column":25}},"16":{"start":{"line":36,"column":8},"end":{"line":36,"column":39}},"17":{"start":{"line":37,"column":8},"end":{"line":39,"column":9}},"18":{"start":{"line":38,"column":12},"end":{"line":38,"column":35}},"19":{"start":{"line":40,"column":8},"end":{"line":42,"column":9}},"20":{"start":{"line":41,"column":12},"end":{"line":41,"column":43}},"21":{"start":{"line":43,"column":8},"end":{"line":45,"column":9}},"22":{"start":{"line":44,"column":12},"end":{"line":44,"column":40}},"23":{"start":{"line":46,"column":8},"end":{"line":46,"column":21}},"24":{"start":{"line":55,"column":0},"end":{"line":57,"column":2}},"25":{"start":{"line":56,"column":4},"end":{"line":56,"column":59}}},"fnMap":{"0":{"name":"stringify","decl":{"start":{"line":9,"column":29},"end":{"line":9,"column":38}},"loc":{"start":{"line":9,"column":44},"end":{"line":19,"column":1}},"line":9},"1":{"name":"(anonymous_1)","decl":{"start":{"line":10,"column":35},"end":{"line":10,"column":36}},"loc":{"start":{"line":10,"column":57},"end":{"line":18,"column":5}},"line":10},"2":{"name":"parse","decl":{"start":{"line":26,"column":25},"end":{"line":26,"column":30}},"loc":{"start":{"line":26,"column":46},"end":{"line":48,"column":1}},"line":26},"3":{"name":"(anonymous_3)","decl":{"start":{"line":28,"column":31},"end":{"line":28,"column":32}},"loc":{"start":{"line":28,"column":53},"end":{"line":47,"column":5}},"line":28},"4":{"name":"clone","decl":{"start":
[...]
":"(anonymous_24)","decl":{"start":{"line":134,"column":4},"end":{"line":134,"column":5}},"loc":{"start":{"line":134,"column":12},"end":{"line":137,"column":5}},"line":134},"25":{"name":"(anonymous_25)","decl":{"start":{"line":144,"column":4},"end":{"line":144,"column":5}},"loc":{"start":{"line":144,"column":17},"end":{"line":146,"column":5}},"line":144},"26":{"name":"(anonymous_26)","decl":{"start":{"line":150,"column":4},"end":{"line":150,"column":5}},"loc":{"start":{"line":150,"column":22},"end":{"line":152,"column":5}},"line":150},"27":{"name":"(anonymous_27)","decl":{"start":{"line":156,"column":4},"end":{"line":156,"column":5}},"loc":{"start":{"line":156,"column":17},"end":{"line":158,"column":5}},"line":156},"28":{"name":"(anonymous_28)","decl":{"start":{"line":159,"column":4},"end":{"line":159,"column":5}},"loc":{"start":{"line":159,"column":17},"end":{"line":161,"column":5}},"line":159},"29":{"name":"(anonymous_29)","decl":{"start":{"line":162,"column":4},"end":{"line":162,"column":5}},"loc":{"start":{"line":162,"column":17},"end":{"line":174,"column":5}},"line":162},"30":{"name":"(anonymous_30)","decl":{"start":{"line":175,"column":4},"end":{"line":175,"column":5}},"loc":{"start":{"line":175,"column":27},"end":{"line":182,"column":5}},"line":175},"31":{"name":"(anonymous_31)","decl":{"start":{"line":183,"column":4},"end":{"line":183,"column":5}},"loc":{"start":{"line":183,"column":12},"end":{"line":185,"column":5}},"line":183},"32":{"name":"(anonymous_32)","decl":{"start":{"line":186,"column":4},"end":{"line":186,"column":5}},"loc":{"start":{"line":186,"column":17},"end":{"line":188,"column":5}},"line":186},"33":{"name":"(anonymous_33)","decl":{"start":{"line":189,"column":4},"end":{"line":189,"column":5}},"loc":{"start":{"line":189,"column":15},"end":{"line":191,"column":5}},"line":189},"34":{"name":"(anonymous_34)","decl":{"start":{"line":192,"column":4},"end":{"line":192,"column":5}},"loc":{"start":{"line":192,"column":20},"end":{"line":194,"column":5}},"line":192},"35":{"name":"(anonymous_35)","decl":{"start":{"line":195,"column":4},"end":{"line":195,"column":5}},"loc":{"start":{"line":195,"column":23},"end":{"line":197,"column":5}},"line":195},"36":{"name":"(anonymous_36)","decl":{"start":{"line":201,"column":4},"end":{"line":201,"column":5}},"loc":{"start":{"line":201,"column":17},"end":{"line":203,"column":5}},"line":201},"37":{"name":"(anonymous_37)","decl":{"start":{"line":204,"column":4},"end":{"line":204,"column":5}},"loc":{"start":{"line":204,"column":17},"end":{"line":206,"column":5}},"line":204},"38":{"name":"(anonymous_38)","decl":{"start":{"line":207,"column":4},"end":{"line":207,"column":5}},"loc":{"start":{"line":207,"column":17},"end":{"line":219,"column":5}},"line":207},"39":{"name":"(anonymous_39)","decl":{"start":{"line":220,"column":4},"end":{"line":220,"column":5}},"loc":{"start":{"line":220,"column":27},"end":{"line":227,"column":5}},"line":220},"40":{"name":"(anonymous_40)","decl":{"start":{"line":228,"column":4},"end":{"line":228,"column":5}},"loc":{"start":{"line":228,"column":12},"end":{"line":230,"column":5}},"line":228},"41":{"name":"(anonymous_41)","decl":{"start":{"line":231,"column":4},"end":{"line":231,"column":5}},"loc":{"start":{"line":231,"column":17},"end":{"line":233,"column":5}},"line":231},"42":{"name":"(anonymous_42)","decl":{"start":{"line":234,"column":4},"end":{"line":234,"column":5}},"loc":{"start":{"line":234,"column":15},"end":{"line":236,"column":5}},"line":234},"43":{"name":"(anonymous_43)","decl":{"start":{"line":237,"column":4},"end":{"line":237,"column":5}},"loc":{"start":{"line":237,"column":20},"end":{"line":239,"column":5}},"line":237},"44":{"name":"(anonymous_44)","decl":{"start":{"line":240,"column":4},"end":{"line":240,"column":5}},"loc":{"start":{"line":240,"column":23},"end":{"line":242,"column":5}},"line":240},"45":{"name":"(anonymous_45)","decl":{"start":{"line":246,"column":4},"end":{"line":246,"column":5}},"loc":{"start":{"line":246,"column":18},"end":{"line":249,"column":5}},"line":246},"46":{"name":"(anonymous_46)","decl":{"start":{"line":250,"column":4},"end":{"line":250,"column":5}},"loc":{"start":{"line":250,"column":17},"end":{"line":252,"column":5}},"line":250},"47":{"name":"(anonymous_47)","decl":{"start":{"line":253,"column":4},"end":{"line":253,"column":5}},"loc":{"start":{"line":253,"column":17},"end":{"line":265,"column":5}},"line":253},"48":{"name":"(anonymous_48)","decl":{"start":{"line":266,"column":4},"end":{"line":266,"column":5}},"loc":{"start":{"line":266,"column":45},"end":{"line":279,"column":5}},"line":266},"49":{"name":"(anonymous_49)","decl":{"start":{"line":267,"column":20},"end":{"line":267,"column":21}},"loc":{"start":{"line":267,"column":26},"end":{"line":278,"column":9}},"line":267},"50":{"name":"(anonymous_50)","decl":{"start":{"line":280,"column":4},"end":{"line":280,"column":5}},"loc":{"start":{"line":280,"column":27},"end":{"line":284,"column":5}},"line":280},"51":{"name":"(anonymous_51)","decl":{"start":{"line":281,"column":28},"end":{"line":281,"column":29}},"loc":{"start":{"line":281,"column":38},"end":{"line":283,"column":9}},"line":281},"52":{"name":"(anonymous_52)","decl":{"start":{"line":285,"column":4},"end":{"line":285,"column":5}},"loc":{"start":{"line":285,"column":12},"end":{"line":289,"column":5}},"line":285},"53":{"name":"(anonymous_53)","decl":{"start":{"line":286,"column":28},"end":{"line":286,"column":29}},"loc":{"start":{"line":286,"column":38},"end":{"line":288,"column":9}},"line":286},"54":{"name":"(anonymous_54)","decl":{"start":{"line":290,"column":4},"end":{"line":290,"column":5}},"loc":{"start":{"line":290,"column":15},"end":{"line":292,"column":5}},"line":290},"55":{"name":"(anonymous_55)","decl":{"start":{"line":293,"column":4},"end":{"line":293,"column":5}},"loc":{"start":{"line":293,"column":18},"end":{"line":298,"column":5}},"line":293},"56":{"name":"(anonymous_56)","decl":{"start":{"line":299,"column":4},"end":{"line":299,"column":5}},"loc":{"start":{"line":299,"column":57},"end":{"line":319,"column":5}},"line":299},"57":{"name":"(anonymous_57)","decl":{"start":{"line":320,"column":4},"end":{"line":320,"column":5}},"loc":{"start":{"line":320,"column":36},"end":{"line":326,"column":5}},"line":320},"58":{"name":"(anonymous_58)","decl":{"start":{"line":327,"column":4},"end":{"line":327,"column":5}},"loc":{"start":{"line":327,"column":18},"end":{"line":332,"column":5}},"line":327},"59":{"name":"(anonymous_59)","decl":{"start":{"line":333,"column":4},"end":{"line":333,"column":5}},"loc":{"start":{"line":333,"column":11},"end":{"line":339,"column":5}},"line":333}},"branchMap":{"0":{"loc":{"start":{"line":10,"column":8},"end":{"line":12,"column":9}},"type":"if","locations":[{"start":{"line":10,"column":8},"end":{"line":12,"column":9}},{"start":{"line":10,"column":8},"end":{"line":12,"column":9}}],"line":10},"1":{"loc":{"start":{"line":16,"column":8},"end":{"line":18,"column":9}},"type":"if","locations":[{"start":{"line":16,"column":8},"end":{"line":18,"column":9}},{"start":{"line":16,"column":8},"end":{"line":18,"column":9}}],"line":16},"2":{"loc":{"start":{"line":22,"column":8},"end":{"line":24,"column":9}},"type":"if","locations":[{"start":{"line":22,"column":8},"end":{"line":24,"column":9}},{"start":{"line":22,"column":8},"end":{"line":24,"column":9}}],"line":22},"3":{"loc":{"start":{"line":28,"column":8},"end":{"line":29,"column":43}},"type":"if","locations":[{"start":{"line":28,"column":8},"end":{"line":29,"column":43}},{"start":{"line":28,"column":8},"end":{"line":29,"column":43}}],"line":28},"4":{"loc":{"start":{"line":30,"column":8},"end":{"line":31,"column":42}},"type":"if","locations":[{"start":{"line":30,"column":8},"end":{"line":31,"column":42}},{"start":{"line":30,"column":8},"end":{"line":31,"column":42}}],"line":30},"5":{"loc":{"start":{"line":32,"column":8},"end":{"line":33,"column":44}},"type":"if","locations":[{"start":{"line":32,"column":8},"end":{"line":33,"column":44}},{"start":{"line":32,"column":8},"end":{"line":33,"column":44}}],"line":32},"6":{"loc":{"start":{"line":37,"column":8},"end":{"line":39,"column":9}},"type":"if","locations":[{"start":{"line":37,"column":8},"end":{"line":39,"column":9}},{"start":{"line":37,"column":8},"end":{"line":39,"column":9}}],"line":37},"7":{"loc":{"start":{"line":40,"column":8},"end":{"line":42,"column":9}},"type":"if","locations":[{"start":{"line":40,"column":8},"end":{"line":42,"column":9}},{"start":{"line":40,"column":8},"end":{"line":42,"column":9}}],"line":40},"8":{"loc":{"start":{"line":43,"column":8},"end":{"line":45,"column":9}},"type":"if","locations":[{"start":{"line":43,"column":8},"end":{"line":45,"column":9}},{"start":{"line":43,"column":8},"end":{"line":45,"column":9}}],"line":43},"9":{"loc":{"start":{"line":51,"column":16},"end":{"line":51,"column":28}},"type":"default-arg","locations":[{"start":{"line":51,"column":26},"end":{"line":51,"column":28}}],"line":51},"10":{"loc":{"start":{"line":68,"column":8},"end":{"line":70,"column":9}},"type":"if","locations":[{"start":{"line":68,"column":8},"end":{"line":70,"column":9}},{"start":{"line":68,"column":8},"end":{"line":70,"column":9}}],"line":68},"11":{"loc":{"start":{"line":74,"column":25},"end":{"line":74,"column":109}},"type":"binary-expr","locations":[{"start":{"line":74,"column":25},"end":{"line":74,"column":37}},{"start":{"line":74,"column":41},"end":{"line":74,"column":62}},{"start":{"line":74,"column":66},"end":{"line":74,"column":109}}],"line":74},"12":{"loc":{"start":{"line":80,"column":26},"end":{"line":80,"column":38}},"type":"default-arg","locations":[{"start":{"line":80,"column":36},"end":{"line":80,"column":38}}],"line":80},"13":{"loc":{"start":{"line":92,"column":21},"end":{"line":92,"column":32}},"type":"default-arg","locations":[{"start":{"line":92,"column":30},"end":{"line":92,"column":32}}],"line":92},"14":{"loc":{"start":{"line":95,"column":13},"end":{"line":95,"column":33}},"type":"default-arg","locations":[{"start":{"line":95,"column":29},"end":{"line":95,"column":33}}],"line":95},"15":{"loc":{"start":{"line":95,"column":35},"end":{"line":95,"column":47}},"type":"default-arg","locations":[{"start":{"line":95,"column":45},"end":{"line":95,"column":47}}],"line":95},"16":{"loc":{"start":{"line":96,"column":8},"end":{"line":98,"column":9}},"type":"if","locations":[{"start":{"line":96,"column":8},"end":{"line":98,"column":9}},{"start":{"line":96,"column":8},"end":{"line":98,"column":9}}],"line":96},"17":{"loc":{"start":{"line":100,"column":8},"end":{"line":103,"column":9}},"type":"if","locations":[{"start":{"line":100,"column":8},"end":{"line":103,"column":9}},{"start":{"line":100,"column":8},"end":{"line":103,"column":9}}],"line":100},"18":{"loc":{"start":{"line":100,"column":12},"end":{"line":100,"column":48}},"type":"binary-expr","locations":[{"start":{"line":100,"column":12},"end":{"line":100,"column":28}},{"start":{"line":100,"column":32},"end":{"line":100,"column":48}}],"line":100},"19":{"loc":{"start":{"line":105,"column":8},"end":{"line":107,"column":9}},"type":"if","locations":[{"start":{"line":105,"column":8},"end":{"line":107,"column":9}},{"start":{"line":105,"column":8},"end":{"line":107,"column":9}}],"line":105},"20":{"loc":{"start":{"line":110,"column":18},"end":{"line":110,"column":30}},"type":"default-arg","locations":[{"start":{"line":110,"column":28},"end":{"line":110,"column":30}}],"line":110},"21":{"loc":{"start":{"line":112,"column":8},"end":{"line":114,"column":9}},"type":"if","locations":[{"start":{"line":112,"column":8},"end":{"line":114,"column":9}},{"start":{"line":112,"column":8},"end":{"line":114,"column":9}}],"line":112},"22":{"loc":{"start":{"line":163,"column":14},"end":{"line":163,"column":26}},"type":"binary-expr","locations":[{"start":{"line":163,"column":14},"end":{"line":163,"column":17}},{"start":{"line":163,"column":21},"end":{"line":163,"column":26}}],"line":163},"23":{"loc":{"start":{"line":164,"column":8},"end":{"line":173,"column":9}},"type":"if","locations":[{"start":{"line":164,"column":8},"end":{"line":173,"column":9}},{"start":{"line":164,"column":8},"end":{"line":173,"column":9}}],"line":164},"24":{"loc":{"start":{"line":176,"column":8},"end":{"line":181,"column":9}},"type":"if","locations":[{"start":{"line":176,"column":8},"end":{"line":181,"column":9}},{"start":{"line":176,"column":8},"end":{"line":181,"column":9}}],"line":176},"25":{"loc":{"start":{"line":208,"column":14},"end":{"line":208,"column":26}},"type":"binary-expr","locations":[{"start":{"line":208,"column":14},"end":{"line":208,"column":17}},{"start":{"line":208,"column":21},"end":{"line":208,"column":26}}],"line":208},"26":{"loc":{"start":{"line":209,"column":8},"end":{"line":218,"column":9}},"type":"if","locations":[{"start":{"line":209,"column":8},"end":{"line":218,"column":9}},{"start":{"line":209,"column":8},"end":{"line":218,"column":9}}],"line":209},"27":{"loc":{"start":{"line":221,"column":8},"end":{"line":226,"column":9}},"type":"if","locations":[{"start":{"line":221,"column":8},"end":{"line":226,"column":9}},{"start":{"line":221,"column":8},"end":{"line":226,"column":9}}],"line":221},"28":{"loc":{"start":{"line":254,"column":14},"end":{"line":254,"column":26}},"type":"binary-expr","locations":[{"start":{"line":254,"column":14},"end":{"line":254,"column":17}},{"start":{"line":254,"column":21},"end":{"line":254,"column":26}}],"line":254},"29":{"loc":{"start":{"line":255,"column":8},"end":{"line":264,"column":9}},"type":"if","locations":[{"start":{"line":255,"column":8},"end":{"line":264,"column":9}},{"start":{"line":255,"column":8},"end":{"line":264,"column":9}}],"line":255},"30":{"loc":{"start":{"line":268,"column":12},"end":{"line":277,"column":13}},"type":"if","locations":[{"start":{"line":268,"column":12},"end":{"line":277,"column":13}},{"start":{"line":268,"column":12},"end":{"line":277,"column":13}}],"line":268},"31":{"loc":{"start":{"line":269,"column":16},"end":{"line":273,"column":17}},"type":"if","locations":[{"start":{"line":269,"column":16},"end":{"line":273,"column":17}},{"start":{"line":269,"column":16},"end":{"line":273,"column":17}}],"line":269},"32":{"loc":{"start":{"line":294,"column":8},"end":{"line":296,"column":9}},"type":"if","locations":[{"start":{"line":294,"column":8},"end":{"line":296,"column":9}},{"start":{"line":294,"column":8},"end":{"line":296,"column":9}}],"line":294},"33":{"loc":{"start":{"line":297,"column":15},"end":{"line":297,"column":194}},"type":"binary-expr","locations":[{"start":{"line":297,"column":15},"end":{"line":297,"column":186}},{"start":{"line":297,"column":190},"end":{"line":297,"column":194}}],"line":297},"34":{"loc":{"start":{"line":300,"column":8},"end":{"line":302,"column":9}},"type":"if","locations":[{"start":{"line":300,"column":8},"end":{"line":302,"column":9}},{"start":{"line":300,"column":8},"end":{"line":302,"column":9}}],"line":300},"35":{"loc":{"start":{"line":300,"column":12},"end":{"line":300,"column":76}},"type":"binary-expr","locations":[{"start":{"line":300,"column":12},"end":{"line":300,"column":17}},{"start":{"line":300,"column":21},"end":{"line":300,"column":76}}],"line":300},"36":{"loc":{"start":{"line":304,"column":8},"end":{"line":316,"column":9}},"type":"if","locations":[{"start":{"line":304,"column":8},"end":{"line":316,"column":9}},{"start":{"line":304,"column":8},"end":{"line":316,"column":9}}],"line":304},"37":{"loc":{"start":{"line":305,"column":12},"end":{"line":315,"column":13}},"type":"switch","locations":[{"start":{"line":306,"column":16},"end":{"line":308,"column":26}},{"start":{"line":309,"column":16},"end":{"line":311,"column":26}},{"start":{"line":312,"column":16},"end":{"line":314,"column":26}}],"line":305},"38":{"loc":{"start":{"line":307,"column":31},"end":{"line":307,"column":114}},"type":"cond-expr","locations":[{"start":{"line":307,"column":51},"end":{"line":307,"column":92}},{"start":{"line":307,"column":95},"end":{"line":307,"column":114}}],"line":307},"39":{"loc":{"start":{"line":317,"column":100},"end":{"line":317,"column":136}},"type":"cond-expr","locations":[{"start":{"line":317,"column":110},"end":{"line":317,"column":131}},{"start":{"line":317,"column":134},"end":{"line":317,"column":136}}],"line":317},"40":{"loc":{"start":{"line":317,"column":141},"end":{"line":317,"column":171}},"type":"cond-expr","locations":[{"start":{"line":317,"column":149},"end":{"line":317,"column":166}},{"start":{"line":317,"column":169},"end":{"line":317,"column":171}}],"line":317},"41":{"loc":{"start":{"line":317,"column":176},"end":{"line":317,"column":201}},"type":"cond-expr","locations":[{"start":{"line":317,"column":186},"end":{"line":317,"column":196}},{"start":{"line":317,"column":199},"end":{"line":317,"column":201}}],"line":317},"42":{"loc":{"start":{"line":321,"column":8},"end":{"line":323,"column":9}},"type":"if","locations":[{"start":{"line":321,"column":8},"end":{"line":323,"column":9}},{"start":{"line":321,"column":8},"end":{"line":323,"column":9}}],"line":321},"43":{"loc":{"start":{"line":324,"column":98},"end":{"line":324,"column":134}},"type":"cond-expr","locations":[{"start":{"line":324,"column":108},"end":{"line":324,"column":129}},{"start":{"line":324,"column":132},"end":{"line":324,"column":134}}],"line":324},"44":{"loc":{"start":{"line":324,"column":139},"end":{"line":324,"column":169}},"type":"cond-expr","locations":[{"start":{"line":324,"column":147},"end":{"line":324,"column":164}},{"start":{"line":324,"column":167},"end":{"line":324,"column":169}}],"line":324},"45":{"loc":{"start":{"line":328,"column":8},"end":{"line":330,"column":9}},"type":"if","locations":[{"start":{"line":328,"column":8},"end":{"line":330,"column":9}},{"start":{"line":328,"column":8},"end":{"line":330,"column":9}}],"line":328}},"s":{"0":1,"1":1,"2":1,"3":0,"4":0,"5":0,"6":0,"7":0,"8":0,"9":0,"10":0,"11":0,"12":0,"13":0,"14":0,"15":0,"16":0,"17":0,"18":0,"19":0,"20":0,"21":0,"22":0,"23":0,"24":0,"25":0,"26":1,"27":1,"28":0,"29":0,"30":0,"31":0,"32":0,"33":0,"34":0,"35":0,"36":0,"37":0,"38":0,"39":0,"40":0,"41":0,"42":0,"43":0,"44":1,"45":0,"46":0,"47":0,"48":0,"49":0,"50":0,"51":0,"52":0,"53":0,"54":0,"55":0,"56":0,"57":0,"58":0,"59":0,"60":0,"61":0,"62":0,"63":0,"64":0,"65":0,"66":0,"67":0,"68":0,"69":0,"70":0,"71":0,"72":0,"73":0,"74":0,"75":1,"76":0,"77":1,"78":0,"79":0,"80":0,"81":0,"82":0,"83":0,"84":0,"85":0,"86":0,"87":0,"88":0,"89":0,"90":0,"91":0,"92":0,"93":0,"94":0,"95":1,"96":0,"97":0,"98":0,"99":0,"100":0,"101":0,"102":0,"103":0,"104":0,"105":0,"106":0,"107":0,"108":0,"109":0,"110":0,"111":0,"112":0,"113":1,"114":0,"115":0,"116":0,"117":0,"118":0,"119":0,"120":0,"121":0,"122":0,"123":0,"124":0,"125":0,"126":0,"127":0,"128":0,"129":0,"130":0,"131":0,"132":0,"133":0,"134":0,"135":0,"136":0,"137":0,"138":0,"139":0,"140":0,"141":0,"142":0,"143":0,"144":0,"145":0,"146":0,"147":0,"148":0,"149":0,"150":0,"151":0,"152":0,"153":0,"154":0,"155":0,"156":0,"157":0,"158":0,"159":0,"160":0,"161":0,"162":1},"f":{"0":0,"1":0,"2":0,"3":0,"4":0,"5":0,"6":0,"7":0,"8":0,"9":0,"10":0,"11":0,"12":0,"13":0,"14":0,"15":0,"16":0,"17":0,"18":0,"19":0,"20":0,"21":0,"22":0,"23":0,"24":0,"25":0,"26":0,"27":0,"28":0,"29":0,"30":0,"31":0,"32":0,"33":0,"34":0,"35":0,"36":0,"37":0,"38":0,"39":0,"40":0,"41":0,"42":0,"43":0,"44":0,"45":0,"46":0,"47":0,"48":0,"49":0,"50":0,"51":0,"52":0,"53":0,"54":0,"55":0,"56":0,"57":0,"58":0,"59":0},"b":{"0":[0,0],"1":[0,0],"2":[0,0],"3":[0,0],"4":[0,0],"5":[0,0],"6":[0,0],"7":[0,0],"8":[0,0],"9":[0],"10":[0,0],"11":[0,0,0],"12":[0],"13":[0],"14":[0],"15":[0],"16":[0,0],"17":[0,0],"18":[0,0],"19":[0,0],"20":[0],"21":[0,0],"22":[0,0],"23":[0,0],"24":[0,0],"25":[0,0],"26":[0,0],"27":[0,0],"28":[0,0],"29":[0,0],"30":[0,0],"31":[0,0],"32":[0,0],"33":[0,0],"34":[0,0],"35":[0,0],"36":[0,0],"37":[0,0,0],"38":[0,0],"39":[0,0],"40":[0,0],"41":[0,0],"42":[0,0],"43":[0,0],"44":[0,0],"45":[0,0]},"_coverageSchema":"332fd63041d2c1bcb487cc26dd0d5f7d97098a6c","hash":"79770e555ed5d00457ce632406aa1713cfe08beb","contentHash":"09fda429d8acf36d2f0e073b1e8662e9_11.1.0"}}