{"/mnt/safe/node/@radic/util/spec/helpers/SpecHelper.js":{"path":"/mnt/safe/node/@radic/util/spec/helpers/SpecHelper.js","s":{"1":1,"2":8,"3":0,"4":0,"5":0},"b":{"1":[0,0]},"f":{"1":8,"2":0,"3":0},"fnMap":{"1":{"name":"(anonymous_1)","line":1,"loc":{"start":{"line":1,"column":11},"end":{"line":1,"column":23}}},"2":{"name":"(anonymous_2)","line":3,"loc":{"start":{"line":3,"column":17},"end":{"line":3,"column":29}}},"3":{"name":"(anonymous_3)","line":5,"loc":{"start":{"line":5,"column":17},"end":{"line":5,"column":45}}}},"statementMap":{"1":{"start":{"line":1,"column":0},"end":{"line":15,"column":3}},"2":{"start":{"line":2,"column":2},"end":{"line":14,"column":5}},"3":{"start":{"line":4,"column":6},"end":{"line":12,"column":8}},"4":{"start":{"line":6,"column":10},"end":{"line":6,"column":30}},"5":{"start":{"line":8,"column":10},"end":{"line":10,"column":11}}},"branchMap":{"1":{"line":9,"type":"binary-expr","locations":[{"start":{"line":9,"column":18},"end":{"line":9,"column":58}},{"start":{"line":9,"column":62},"end":{"line":9,"column":78}}]}}},"/mnt/safe/node/@radic/util/spec/lib/configSpec.js":{"path":"/mnt/safe/node/@radic/util/spec/lib/configSpec.js","s":{"1":1,"2":1,"3":1,"4":1,"5":1,"6":8,"7":1,"8":1,"9":1,"10":1,"11":1,"12":1,"13":1,"14":1,"15":1,"16":1,"17":1,"18":1,"19":1,"20":1,"21":1,"22":1,"23":1,"24":1,"25":1,"26":1,"27":3,"28":1,"29":1,"30":1,"31":1,"32":1,"33":1,"34":1,"35":1},"b":{},"f":{"1":1,"2":8,"3":1,"4":1,"5":1,"6":1,"7":1,"8":1,"9":1,"10":1,"11":3,"12":1,"13":1,"14":1},"fnMap":{"1":{"name":"(anonymous_1)","line":3,"loc":{"start":{"line":3,"column":19},"end":{"line":3,"column":31}}},"2":{"name":"(anonymous_2)","line":10,"loc":{"start":{"line":10,"column":15},"end":{"line":10,"column":27}}},"3":{"name":"(anonymous_3)","line":13,"loc":{"start":{"line":13,"column":30},"end":{"line":13,"column":42}}},"4":{"name":"(anonymous_4)","line":14,"loc":{"start":{"line":14,"column":37},"end":{"line":14,"column":49}}},"5":{"name":"(anonymous_5)","line":17,"loc":{"start":{"line":17,"column":36},"end":{"line":17,"column":48}}},"6":{"name":"(anonymous_6)","line":21,"loc":{"start":{"line":21,"column":47},"end":{"line":21,"column":59}}},"7":{"name":"(anonymous_7)","line":26,"loc":{"start":{"line":26,"column":29},"end":{"line":26,"column":41}}},"8":{"name":"(anonymous_8)","line":27,"loc":{"start":{"line":27,"column":55},"end":{"line":27,"column":67}}},"9":{"name":"(anonymous_9)","line":31,"loc":{"start":{"line":31,"column":75},"end":{"line":31,"column":87}}},"10":{"name":"(anonymous_10)","line":37,"loc":{"start":{"line":37,"column":58},"end":{"line":37,"column":70}}},"11":{"name":"(anonymous_11)","line":47,"loc":{"start":{"line":47,"column":19},"end":{"line":47,"column":31}}},"12":{"name":"(anonymous_12)","line":50,"loc":{"start":{"line":50,"column":53},"end":{"line":50,"column":65}}},"13":{"name":"(anonymous_13)","line":53,"loc":{"start":{"line":53,"column":54},"end":{"line":53,"column":66}}},"14":{"name":"(anonymous_14)","line":56,"loc":{"start":{"line":56,"column":57},"end":{"line":56,"column":69}}}},"statementMap":{"1":{"start":{"line":2,"column":0},"end":{"line":2,"column":43}},"2":{"start":{"line":3,"column":0},"end":{"line":103,"column":3}},"3":{"start":{"line":4,"column":4},"end":{"line":8,"column":6}},"4":{"start":{"line":9,"column":4},"end":{"line":9,"column":52}},"5":{"start":{"line":10,"column":4},"end":{"line":12,"column":7}},"6":{"start":{"line":11,"column":8},"end":{"line":11,"column":53}},"7":{"start":{"line":13,"column":4},"end":{"line":25,"column":7}},"8":{"start":{"line":14,"column":8},"end":{"line":16,"column":11}},"9":{"start":{"line":15,"column":12},"end":{"line":15,"column":53}},"10":{"start":{"line":17,"column":8},"end":{"line":20,"column":11}},"11":{"start":{"line":18,"column":12},"end":{"line":18,"column":40}},"12":{"start":{"line":19,"column":12},"end":{"line":19,"column":56}},"13":{"start":{"line":21,"column":8},"end":{"line":24,"column":11}},"14":{"start":{"line":22,"column":12},"end":{"line":22,"column":50}},"15":{"start":{"line":23,"column":12},"end":{"line":23,"column":59}},"16":{"start":{"line":26,"column":4},"end":{"line":36,"column":7}},"17":{"start":{"line":27,"column":8},"end":{"line":30,"column":11}},"18":{"start":{"line":28,"column":12},"end":{"line":28,"column":52}},"19":{"start":{"line":29,"column":12},"end":{"line":29,"column":68}},"20":{"start":{"line":31,"column":8},"end":{"line":35,"column":11}},"21":{"start":{"line":32,"column":12},"end":{"line":32,"column":86}},"22":{"start":{"line":33,"column":12},"end":{"line":33,"column":77}},"23":{"start":{"line":34,"column":12},"end":{"line":34,"column":69}},"24":{"start":{"line":37,"column":4},"end":{"line":61,"column":7}},"25":{"start":{"line":38,"column":8},"end":{"line":46,"column":10}},"26":{"start":{"line":47,"column":8},"end":{"line":49,"column":11}},"27":{"start":{"line":48,"column":12},"end":{"line":48,"column":60}},"28":{"start":{"line":50,"column":8},"end":{"line":52,"column":11}},"29":{"start":{"line":51,"column":12},"end":{"line":51,"column":68}},"30":{"start":{"line":53,"column":8},"end":{"line":55,"column":11}},"31":{"start":{"line":54,"column":12},"end":{"line":54,"column":90}},"32":{"start":{"line":56,"column":8},"end":{"line":60,"column":11}},"33":{"start":{"line":57,"column":12},"end":{"line":57,"column":45}},"34":{"start":{"line":58,"column":12},"end":{"line":58,"column":56}},"35":{"start":{"line":59,"column":12},"end":{"line":59,"column":67}}},"branchMap":{}},"/mnt/safe/node/@radic/util/lib/config.js":{"path":"/mnt/safe/node/@radic/util/lib/config.js","s":{"1":1,"2":1,"3":4,"4":4,"5":1,"6":1,"7":1,"8":1,"9":1,"10":1,"11":1,"12":9,"13":9,"14":9,"15":9,"16":1,"17":0,"18":0,"19":0,"20":0,"21":1,"22":0,"23":1,"24":9,"25":9,"26":0,"27":1,"28":9,"29":1,"30":7,"31":7,"32":1,"33":0,"34":0,"35":0,"36":0,"37":0,"38":0,"39":0,"40":0,"41":1,"42":9,"43":9,"44":17,"45":6,"46":11,"47":11,"48":11,"49":0,"50":0,"51":0,"52":11,"53":1,"54":9,"55":9,"56":9,"57":9,"58":9,"59":9,"60":1,"61":11,"62":11,"63":1,"64":11,"65":0,"66":11,"67":11,"68":11,"69":11,"70":11,"71":1,"72":1,"73":0,"74":1,"75":11,"76":1,"77":0,"78":0,"79":0,"80":0,"81":0,"82":0,"83":0,"84":0,"85":0,"86":0,"87":1,"88":16,"89":1,"90":0,"91":1,"92":0,"93":1,"94":1,"95":1,"96":1,"97":1,"98":1,"99":0,"100":0,"101":1,"102":1,"103":1,"104":0,"105":0,"106":0,"107":1,"108":0,"109":0,"110":0,"111":0,"112":0,"113":0,"114":1,"115":0,"116":0,"117":0,"118":1,"119":1},"b":{"1":[1,1,1],"2":[4,0],"3":[0,1],"4":[9,0],"5":[9,0],"6":[0,0],"7":[6,11],"8":[0,11],"9":[0,0],"10":[0,11],"11":[0,11],"12":[11,0,0],"13":[0,1],"14":[0,16]},"f":{"1":1,"2":1,"3":1,"4":9,"5":0,"6":0,"7":9,"8":9,"9":7,"10":0,"11":9,"12":17,"13":9,"14":11,"15":11,"16":0,"17":0,"18":16,"19":0,"20":0,"21":1,"22":0,"23":0,"24":0,"25":0,"26":0,"27":0},"fnMap":{"1":{"name":"(anonymous_1)","line":2,"loc":{"start":{"line":2,"column":44},"end":{"line":2,"column":60}}},"2":{"name":"__","line":4,"loc":{"start":{"line":4,"column":4},"end":{"line":4,"column":18}}},"3":{"name":"(anonymous_3)","line":11,"loc":{"start":{"line":11,"column":14},"end":{"line":11,"column":26}}},"4":{"name":"Config","line":12,"loc":{"start":{"line":12,"column":4},"end":{"line":12,"column":25}}},"5":{"name":"(anonymous_5)","line":18,"loc":{"start":{"line":18,"column":29},"end":{"line":18,"column":45}}},"6":{"name":"(anonymous_6)","line":24,"loc":{"start":{"line":24,"column":27},"end":{"line":24,"column":43}}},"7":{"name":"(anonymous_7)","line":27,"loc":{"start":{"line":27,"column":27},"end":{"line":27,"column":43}}},"8":{"name":"(anonymous_8)","line":35,"loc":{"start":{"line":35,"column":27},"end":{"line":35,"column":48}}},"9":{"name":"(anonymous_9)","line":38,"loc":{"start":{"line":38,"column":27},"end":{"line":38,"column":50}}},"10":{"name":"(anonymous_10)","line":42,"loc":{"start":{"line":42,"column":29},"end":{"line":42,"column":41}}},"11":{"name":"(anonymous_11)","line":56,"loc":{"start":{"line":56,"column":31},"end":{"line":56,"column":46}}},"12":{"name":"(anonymous_12)","line":58,"loc":{"start":{"line":58,"column":37},"end":{"line":58,"column":54}}},"13":{"name":"(anonymous_13)","line":79,"loc":{"start":{"line":79,"column":37},"end":{"line":79,"column":69}}},"14":{"name":"(anonymous_14)","line":94,"loc":{"start":{"line":94,"column":37},"end":{"line":94,"column":53}}},"15":{"name":"(anonymous_15)","line":102,"loc":{"start":{"line":102,"column":39},"end":{"line":102,"column":64}}},"16":{"name":"(anonymous_16)","line":129,"loc":{"start":{"line":129,"column":26},"end":{"line":129,"column":44}}},"17":{"name":"(anonymous_17)","line":130,"loc":{"start":{"line":130,"column":17},"end":{"line":130,"column":33}}},"18":{"name":"(anonymous_18)","line":142,"loc":{"start":{"line":142,"column":27},"end":{"line":142,"column":43}}},"19":{"name":"(anonymous_19)","line":145,"loc":{"start":{"line":145,"column":20},"end":{"line":145,"column":35}}},"20":{"name":"(anonymous_20)","line":148,"loc":{"start":{"line":148,"column":32},"end":{"line":148,"column":44}}},"21":{"name":"(anonymous_21)","line":155,"loc":{"start":{"line":155,"column":24},"end":{"line":155,"column":42}}},"22":{"name":"PersistentConfig","line":157,"loc":{"start":{"line":157,"column":4},"end":{"line":157,"column":56}}},"23":{"name":"(anonymous_23)","line":162,"loc":{"start":{"line":162,"column":38},"end":{"line":162,"column":50}}},"24":{"name":"(anonymous_24)","line":166,"loc":{"start":{"line":166,"column":38},"end":{"line":166,"column":50}}},"25":{"name":"(anonymous_25)","line":172,"loc":{"start":{"line":172,"column":39},"end":{"line":172,"column":55}}},"26":{"name":"(anonymous_26)","line":177,"loc":{"start":{"line":177,"column":39},"end":{"line":177,"column":51}}},"27":{"name":"(anonymous_27)","line":186,"loc":{"start":{"line":186,"column":37},"end":{"line":186,"column":60}}}},"statementMap":{"1":{"start":{"line":2,"column":0},"end":{"line":6,"column":2}},"2":{"start":{"line":3,"column":4},"end":{"line":3,"column":58}},"3":{"start":{"line":3,"column":21},"end":{"line":3,"column":58}},"4":{"start":{"line":3,"column":46},"end":{"line":3,"column":58}},"5":{"start":{"line":4,"column":4},"end":{"line":4,"column":43}},"6":{"start":{"line":4,"column":20},"end":{"line":4,"column":41}},"7":{"start":{"line":5,"column":4},"end":{"line":5,"column":89}},"8":{"start":{"line":7,"column":0},"end":{"line":7,"column":35}},"9":{"start":{"line":10,"column":0},"end":{"line":10,"column":33}},"10":{"start":{"line":11,"column":0},"end":{"line":153,"column":5}},"11":{"start":{"line":12,"column":4},"end":{"line":17,"column":5}},"12":{"start":{"line":13,"column":8},"end":{"line":13,"column":32}},"13":{"start":{"line":14,"column":8},"end":{"line":14,"column":49}},"14":{"start":{"line":15,"column":8},"end":{"line":15,"column":34}},"15":{"start":{"line":16,"column":8},"end":{"line":16,"column":54}},"16":{"start":{"line":18,"column":4},"end":{"line":23,"column":6}},"17":{"start":{"line":19,"column":8},"end":{"line":19,"column":31}},"18":{"start":{"line":20,"column":8},"end":{"line":20,"column":29}},"19":{"start":{"line":21,"column":8},"end":{"line":21,"column":86}},"20":{"start":{"line":22,"column":8},"end":{"line":22,"column":24}},"21":{"start":{"line":24,"column":4},"end":{"line":26,"column":6}},"22":{"start":{"line":25,"column":8},"end":{"line":25,"column":76}},"23":{"start":{"line":27,"column":4},"end":{"line":34,"column":6}},"24":{"start":{"line":28,"column":8},"end":{"line":33,"column":9}},"25":{"start":{"line":29,"column":12},"end":{"line":29,"column":77}},"26":{"start":{"line":32,"column":12},"end":{"line":32,"column":29}},"27":{"start":{"line":35,"column":4},"end":{"line":37,"column":6}},"28":{"start":{"line":36,"column":8},"end":{"line":36,"column":44}},"29":{"start":{"line":38,"column":4},"end":{"line":41,"column":6}},"30":{"start":{"line":39,"column":8},"end":{"line":39,"column":73}},"31":{"start":{"line":40,"column":8},"end":{"line":40,"column":20}},"32":{"start":{"line":42,"column":4},"end":{"line":55,"column":6}},"33":{"start":{"line":43,"column":8},"end":{"line":43,"column":22}},"34":{"start":{"line":44,"column":8},"end":{"line":46,"column":9}},"35":{"start":{"line":45,"column":12},"end":{"line":45,"column":41}},"36":{"start":{"line":47,"column":8},"end":{"line":53,"column":9}},"37":{"start":{"line":48,"column":12},"end":{"line":48,"column":59}},"38":{"start":{"line":51,"column":12},"end":{"line":51,"column":31}},"39":{"start":{"line":52,"column":12},"end":{"line":52,"column":68}},"40":{"start":{"line":54,"column":8},"end":{"line":54,"column":20}},"41":{"start":{"line":56,"column":4},"end":{"line":78,"column":6}},"42":{"start":{"line":57,"column":8},"end":{"line":57,"column":24}},"43":{"start":{"line":58,"column":8},"end":{"line":77,"column":11}},"44":{"start":{"line":60,"column":12},"end":{"line":62,"column":13}},"45":{"start":{"line":61,"column":16},"end":{"line":61,"column":29}},"46":{"start":{"line":65,"column":12},"end":{"line":65,"column":63}},"47":{"start":{"line":66,"column":12},"end":{"line":66,"column":23}},"48":{"start":{"line":67,"column":12},"end":{"line":74,"column":13}},"49":{"start":{"line":68,"column":16},"end":{"line":68,"column":46}},"50":{"start":{"line":71,"column":16},"end":{"line":73,"column":17}},"51":{"start":{"line":72,"column":20},"end":{"line":72,"column":34}},"52":{"start":{"line":76,"column":12},"end":{"line":76,"column":68}},"53":{"start":{"line":79,"column":4},"end":{"line":93,"column":6}},"54":{"start":{"line":80,"column":8},"end":{"line":80,"column":55}},"55":{"start":{"line":82,"column":8},"end":{"line":82,"column":35}},"56":{"start":{"line":83,"column":8},"end":{"line":83,"column":35}},"57":{"start":{"line":85,"column":8},"end":{"line":85,"column":58}},"58":{"start":{"line":86,"column":8},"end":{"line":86,"column":75}},"59":{"start":{"line":88,"column":8},"end":{"line":92,"column":10}},"60":{"start":{"line":94,"column":4},"end":{"line":101,"column":6}},"61":{"start":{"line":96,"column":8},"end":{"line":96,"column":90}},"62":{"start":{"line":100,"column":8},"end":{"line":100,"column":26}},"63":{"start":{"line":102,"column":4},"end":{"line":128,"column":6}},"64":{"start":{"line":103,"column":8},"end":{"line":105,"column":9}},"65":{"start":{"line":104,"column":12},"end":{"line":104,"column":25}},"66":{"start":{"line":107,"column":8},"end":{"line":107,"column":64}},"67":{"start":{"line":109,"column":8},"end":{"line":109,"column":66}},"68":{"start":{"line":111,"column":8},"end":{"line":111,"column":24}},"69":{"start":{"line":112,"column":8},"end":{"line":125,"column":9}},"70":{"start":{"line":115,"column":12},"end":{"line":122,"column":13}},"71":{"start":{"line":116,"column":16},"end":{"line":116,"column":53}},"72":{"start":{"line":118,"column":16},"end":{"line":120,"column":17}},"73":{"start":{"line":119,"column":20},"end":{"line":119,"column":26}},"74":{"start":{"line":121,"column":16},"end":{"line":121,"column":28}},"75":{"start":{"line":127,"column":8},"end":{"line":127,"column":57}},"76":{"start":{"line":129,"column":4},"end":{"line":141,"column":6}},"77":{"start":{"line":130,"column":8},"end":{"line":132,"column":10}},"78":{"start":{"line":131,"column":12},"end":{"line":131,"column":36}},"79":{"start":{"line":133,"column":8},"end":{"line":133,"column":41}},"80":{"start":{"line":134,"column":8},"end":{"line":134,"column":41}},"81":{"start":{"line":135,"column":8},"end":{"line":135,"column":45}},"82":{"start":{"line":136,"column":8},"end":{"line":136,"column":45}},"83":{"start":{"line":137,"column":8},"end":{"line":137,"column":41}},"84":{"start":{"line":138,"column":8},"end":{"line":138,"column":49}},"85":{"start":{"line":139,"column":8},"end":{"line":139,"column":41}},"86":{"start":{"line":140,"column":8},"end":{"line":140,"column":18}},"87":{"start":{"line":142,"column":4},"end":{"line":144,"column":6}},"88":{"start":{"line":143,"column":8},"end":{"line":143,"column":76}},"89":{"start":{"line":145,"column":4},"end":{"line":147,"column":6}},"90":{"start":{"line":146,"column":8},"end":{"line":146,"column":41}},"91":{"start":{"line":148,"column":4},"end":{"line":150,"column":6}},"92":{"start":{"line":149,"column":8},"end":{"line":149,"column":26}},"93":{"start":{"line":151,"column":4},"end":{"line":151,"column":78}},"94":{"start":{"line":152,"column":4},"end":{"line":152,"column":18}},"95":{"start":{"line":154,"column":0},"end":{"line":154,"column":24}},"96":{"start":{"line":155,"column":0},"end":{"line":192,"column":11}},"97":{"start":{"line":156,"column":4},"end":{"line":156,"column":40}},"98":{"start":{"line":157,"column":4},"end":{"line":161,"column":5}},"99":{"start":{"line":158,"column":8},"end":{"line":158,"column":31}},"100":{"start":{"line":160,"column":8},"end":{"line":160,"column":20}},"101":{"start":{"line":162,"column":4},"end":{"line":165,"column":6}},"102":{"start":{"line":166,"column":4},"end":{"line":171,"column":6}},"103":{"start":{"line":172,"column":4},"end":{"line":176,"column":6}},"104":{"start":{"line":173,"column":8},"end":{"line":173,"column":48}},"105":{"start":{"line":174,"column":8},"end":{"line":174,"column":20}},"106":{"start":{"line":175,"column":8},"end":{"line":175,"column":20}},"107":{"start":{"line":177,"column":4},"end":{"line":185,"column":6}},"108":{"start":{"line":178,"column":8},"end":{"line":178,"column":22}},"109":{"start":{"line":179,"column":8},"end":{"line":181,"column":9}},"110":{"start":{"line":180,"column":12},"end":{"line":180,"column":41}},"111":{"start":{"line":182,"column":8},"end":{"line":182,"column":48}},"112":{"start":{"line":183,"column":8},"end":{"line":183,"column":20}},"113":{"start":{"line":184,"column":8},"end":{"line":184,"column":20}},"114":{"start":{"line":186,"column":4},"end":{"line":190,"column":6}},"115":{"start":{"line":187,"column":8},"end":{"line":187,"column":53}},"116":{"start":{"line":188,"column":8},"end":{"line":188,"column":20}},"117":{"start":{"line":189,"column":8},"end":{"line":189,"column":20}},"118":{"start":{"line":191,"column":4},"end":{"line":191,"column":28}},"119":{"start":{"line":193,"column":0},"end":{"line":193,"column":44}}},"branchMap":{"1":{"line":2,"type":"binary-expr","locations":[{"start":{"line":2,"column":17},"end":{"line":2,"column":21}},{"start":{"line":2,"column":25},"end":{"line":2,"column":39}},{"start":{"line":2,"column":44},"end":{"line":6,"column":1}}]},"2":{"line":3,"type":"if","locations":[{"start":{"line":3,"column":21},"end":{"line":3,"column":21}},{"start":{"line":3,"column":21},"end":{"line":3,"column":21}}]},"3":{"line":5,"type":"cond-expr","locations":[{"start":{"line":5,"column":31},"end":{"line":5,"column":47}},{"start":{"line":5,"column":51},"end":{"line":5,"column":87}}]},"4":{"line":15,"type":"binary-expr","locations":[{"start":{"line":15,"column":24},"end":{"line":15,"column":27}},{"start":{"line":15,"column":31},"end":{"line":15,"column":33}}]},"5":{"line":28,"type":"if","locations":[{"start":{"line":28,"column":8},"end":{"line":28,"column":8}},{"start":{"line":28,"column":8},"end":{"line":28,"column":8}}]},"6":{"line":47,"type":"if","locations":[{"start":{"line":47,"column":8},"end":{"line":47,"column":8}},{"start":{"line":47,"column":8},"end":{"line":47,"column":8}}]},"7":{"line":60,"type":"if","locations":[{"start":{"line":60,"column":12},"end":{"line":60,"column":12}},{"start":{"line":60,"column":12},"end":{"line":60,"column":12}}]},"8":{"line":67,"type":"if","locations":[{"start":{"line":67,"column":12},"end":{"line":67,"column":12}},{"start":{"line":67,"column":12},"end":{"line":67,"column":12}}]},"9":{"line":71,"type":"if","locations":[{"start":{"line":71,"column":16},"end":{"line":71,"column":16}},{"start":{"line":71,"column":16},"end":{"line":71,"column":16}}]},"10":{"line":96,"type":"cond-expr","locations":[{"start":{"line":96,"column":73},"end":{"line":96,"column":77}},{"start":{"line":96,"column":80},"end":{"line":96,"column":88}}]},"11":{"line":103,"type":"if","locations":[{"start":{"line":103,"column":8},"end":{"line":103,"column":8}},{"start":{"line":103,"column":8},"end":{"line":103,"column":8}}]},"12":{"line":109,"type":"binary-expr","locations":[{"start":{"line":109,"column":33},"end":{"line":109,"column":45}},{"start":{"line":109,"column":49},"end":{"line":109,"column":58}},{"start":{"line":109,"column":62},"end":{"line":109,"column":64}}]},"13":{"line":118,"type":"if","locations":[{"start":{"line":118,"column":16},"end":{"line":118,"column":16}},{"start":{"line":118,"column":16},"end":{"line":118,"column":16}}]},"14":{"line":143,"type":"cond-expr","locations":[{"start":{"line":143,"column":37},"end":{"line":143,"column":68}},{"start":{"line":143,"column":71},"end":{"line":143,"column":75}}]}}},"/mnt/safe/node/@radic/util/lib/object.js":{"path":"/mnt/safe/node/@radic/util/lib/object.js","s":{"1":1,"2":16,"3":45,"4":1,"5":1,"6":16,"7":9,"8":16,"9":16,"10":38,"11":38,"12":11,"13":38,"14":16,"15":1,"16":1,"17":7,"18":7,"19":7,"20":7,"21":7,"22":1,"23":1,"24":0,"25":0,"26":0,"27":0,"28":1,"29":1,"30":1,"31":21,"32":21,"33":0,"34":0,"35":0,"36":21,"37":21,"38":0,"39":21,"40":0,"41":0,"42":21,"43":4,"44":4,"45":12,"46":4,"47":17,"48":9,"49":1,"50":1,"51":0,"52":0,"53":0,"54":0,"55":0,"56":1,"57":1,"58":0,"59":0,"60":0,"61":0,"62":0,"63":0,"64":0,"65":1,"66":0,"67":0,"68":0,"69":0,"70":0,"71":0,"72":0,"73":0,"74":0,"75":0,"76":0,"77":0,"78":0,"79":1,"80":0,"81":1,"82":0,"83":0,"84":0,"85":0,"86":0,"87":1,"88":1,"89":1,"90":0,"91":1,"92":0,"93":1,"94":0,"95":1,"96":0,"97":0,"98":0,"99":0,"100":0,"101":1,"102":1,"103":1,"104":0,"105":0,"106":0,"107":1,"108":1,"109":1,"110":0,"111":0,"112":0,"113":0,"114":0,"115":0,"116":0,"117":1,"118":0,"119":0,"120":0,"121":1,"122":0,"123":0,"124":0,"125":0,"126":0,"127":1,"128":0,"129":0,"130":0,"131":0,"132":0,"133":0,"134":0,"135":0,"136":0,"137":0,"138":0,"139":1,"140":0,"141":0,"142":0,"143":0,"144":0,"145":0,"146":0,"147":0,"148":0,"149":0,"150":0,"151":0,"152":1,"153":0,"154":0,"155":0,"156":0,"157":0,"158":0,"159":0,"160":0,"161":0,"162":0,"163":0,"164":0,"165":0,"166":0,"167":0,"168":0,"169":0,"170":0,"171":1,"172":0,"173":1,"174":0,"175":1,"176":0,"177":1,"178":0,"179":0,"180":1,"181":0,"182":0,"183":1,"184":0,"185":0,"186":0,"187":0,"188":1,"189":0,"190":1,"191":0,"192":1,"193":0,"194":1,"195":0,"196":1,"197":0,"198":1,"199":0,"200":0,"201":0,"202":0,"203":0,"204":0,"205":0,"206":1,"207":0,"208":1,"209":0,"210":0,"211":0,"212":0,"213":0,"214":0,"215":0,"216":1,"217":0,"218":1,"219":0,"220":0,"221":0,"222":1,"223":0,"224":0,"225":0,"226":1,"227":0,"228":0,"229":0,"230":1,"231":1},"b":{"1":[9,7],"2":[54,47,47],"3":[11,27],"4":[38,11],"5":[7,0],"6":[7,7],"7":[0,0,0],"8":[0,21],"9":[0,21],"10":[21,0],"11":[0,21],"12":[4,17],"13":[0,12],"14":[0,0],"15":[0,0],"16":[0,0],"17":[0,0],"18":[0,0],"19":[0,0],"20":[0,0],"21":[0,0],"22":[0,0],"23":[0,0],"24":[0,0],"25":[0,0],"26":[0,0],"27":[0,0],"28":[0,0],"29":[0,0],"30":[0,0],"31":[0,0],"32":[0,0],"33":[0,0],"34":[0,0],"35":[0,0],"36":[0,0],"37":[0,0],"38":[0,0],"39":[0,0],"40":[0,0],"41":[0,0],"42":[0,0],"43":[0,0],"44":[0,0],"45":[0,0],"46":[0,0],"47":[0,0],"48":[0,0],"49":[0,0],"50":[0,0],"51":[0,0],"52":[0,0],"53":[0,0],"54":[0,0],"55":[0,0],"56":[0,0]},"f":{"1":16,"2":45,"3":16,"4":7,"5":0,"6":9,"7":21,"8":0,"9":0,"10":0,"11":0,"12":0,"13":0,"14":1,"15":0,"16":0,"17":0,"18":0,"19":0,"20":0,"21":0,"22":0,"23":0,"24":1,"25":0,"26":0,"27":0,"28":0,"29":0,"30":0,"31":0,"32":0,"33":0,"34":0,"35":0,"36":0,"37":0,"38":0,"39":0,"40":0,"41":0,"42":0,"43":0,"44":0,"45":0,"46":0,"47":0,"48":0,"49":0,"50":0,"51":0,"52":0,"53":0,"54":0},"fnMap":{"1":{"name":"getParts","line":2,"loc":{"start":{"line":2,"column":0},"end":{"line":2,"column":23}}},"2":{"name":"(anonymous_2)","line":3,"loc":{"start":{"line":3,"column":57},"end":{"line":3,"column":70}}},"3":{"name":"objectGet","line":15,"loc":{"start":{"line":15,"column":0},"end":{"line":15,"column":39}}},"4":{"name":"objectSet","line":37,"loc":{"start":{"line":37,"column":0},"end":{"line":37,"column":38}}},"5":{"name":"objectExists","line":52,"loc":{"start":{"line":52,"column":0},"end":{"line":52,"column":34}}},"6":{"name":"recurse","line":59,"loc":{"start":{"line":59,"column":0},"end":{"line":59,"column":40}}},"7":{"name":"recurse","line":60,"loc":{"start":{"line":60,"column":4},"end":{"line":60,"column":51}}},"8":{"name":"(anonymous_8)","line":74,"loc":{"start":{"line":74,"column":29},"end":{"line":74,"column":52}}},"9":{"name":"copyObject","line":105,"loc":{"start":{"line":105,"column":0},"end":{"line":105,"column":28}}},"10":{"name":"dotize","line":121,"loc":{"start":{"line":121,"column":0},"end":{"line":121,"column":29}}},"11":{"name":"recurse","line":132,"loc":{"start":{"line":132,"column":4},"end":{"line":132,"column":40}}},"12":{"name":"isNumber","line":155,"loc":{"start":{"line":155,"column":4},"end":{"line":155,"column":25}}},"13":{"name":"isEmptyObj","line":158,"loc":{"start":{"line":158,"column":4},"end":{"line":158,"column":29}}},"14":{"name":"(anonymous_14)","line":168,"loc":{"start":{"line":168,"column":18},"end":{"line":168,"column":30}}},"15":{"name":"StringType","line":169,"loc":{"start":{"line":169,"column":4},"end":{"line":169,"column":31}}},"16":{"name":"(anonymous_16)","line":172,"loc":{"start":{"line":172,"column":36},"end":{"line":172,"column":48}}},"17":{"name":"(anonymous_17)","line":176,"loc":{"start":{"line":176,"column":35},"end":{"line":176,"column":47}}},"18":{"name":"(anonymous_18)","line":179,"loc":{"start":{"line":179,"column":21},"end":{"line":179,"column":33}}},"19":{"name":"(anonymous_19)","line":181,"loc":{"start":{"line":181,"column":55},"end":{"line":181,"column":71}}},"20":{"name":"(anonymous_20)","line":185,"loc":{"start":{"line":185,"column":15},"end":{"line":185,"column":31}}},"21":{"name":"applyMixins","line":190,"loc":{"start":{"line":190,"column":0},"end":{"line":190,"column":45}}},"22":{"name":"(anonymous_22)","line":191,"loc":{"start":{"line":191,"column":22},"end":{"line":191,"column":42}}},"23":{"name":"(anonymous_23)","line":192,"loc":{"start":{"line":192,"column":63},"end":{"line":192,"column":79}}},"24":{"name":"(anonymous_24)","line":198,"loc":{"start":{"line":198,"column":24},"end":{"line":198,"column":36}}},"25":{"name":"DependencySorter","line":199,"loc":{"start":{"line":199,"column":4},"end":{"line":199,"column":32}}},"26":{"name":"(anonymous_26)","line":229,"loc":{"start":{"line":229,"column":37},"end":{"line":229,"column":54}}},"27":{"name":"(anonymous_27)","line":231,"loc":{"start":{"line":231,"column":35},"end":{"line":231,"column":51}}},"28":{"name":"(anonymous_28)","line":235,"loc":{"start":{"line":235,"column":41},"end":{"line":235,"column":63}}},"29":{"name":"(anonymous_29)","line":244,"loc":{"start":{"line":244,"column":41},"end":{"line":244,"column":63}}},"30":{"name":"(anonymous_30)","line":247,"loc":{"start":{"line":247,"column":21},"end":{"line":247,"column":36}}},"31":{"name":"(anonymous_31)","line":259,"loc":{"start":{"line":259,"column":38},"end":{"line":259,"column":50}}},"32":{"name":"(anonymous_32)","line":265,"loc":{"start":{"line":265,"column":51},"end":{"line":265,"column":67}}},"33":{"name":"(anonymous_33)","line":276,"loc":{"start":{"line":276,"column":43},"end":{"line":276,"column":59}}},"34":{"name":"(anonymous_34)","line":279,"loc":{"start":{"line":279,"column":41},"end":{"line":279,"column":56}}},"35":{"name":"(anonymous_35)","line":311,"loc":{"start":{"line":311,"column":43},"end":{"line":311,"column":59}}},"36":{"name":"(anonymous_36)","line":314,"loc":{"start":{"line":314,"column":40},"end":{"line":314,"column":56}}},"37":{"name":"(anonymous_37)","line":322,"loc":{"start":{"line":322,"column":50},"end":{"line":322,"column":66}}},"38":{"name":"(anonymous_38)","line":331,"loc":{"start":{"line":331,"column":45},"end":{"line":331,"column":68}}},"39":{"name":"(anonymous_39)","line":341,"loc":{"start":{"line":341,"column":44},"end":{"line":341,"column":67}}},"40":{"name":"(anonymous_40)","line":351,"loc":{"start":{"line":351,"column":42},"end":{"line":351,"column":65}}},"41":{"name":"(anonymous_41)","line":365,"loc":{"start":{"line":365,"column":42},"end":{"line":365,"column":58}}},"42":{"name":"(anonymous_42)","line":368,"loc":{"start":{"line":368,"column":44},"end":{"line":368,"column":60}}},"43":{"name":"(anonymous_43)","line":371,"loc":{"start":{"line":371,"column":45},"end":{"line":371,"column":68}}},"44":{"name":"(anonymous_44)","line":374,"loc":{"start":{"line":374,"column":47},"end":{"line":374,"column":63}}},"45":{"name":"(anonymous_45)","line":377,"loc":{"start":{"line":377,"column":44},"end":{"line":377,"column":60}}},"46":{"name":"(anonymous_46)","line":380,"loc":{"start":{"line":380,"column":43},"end":{"line":380,"column":58}}},"47":{"name":"(anonymous_47)","line":383,"loc":{"start":{"line":383,"column":42},"end":{"line":383,"column":58}}},"48":{"name":"(anonymous_48)","line":391,"loc":{"start":{"line":391,"column":45},"end":{"line":391,"column":61}}},"49":{"name":"(anonymous_49)","line":394,"loc":{"start":{"line":394,"column":44},"end":{"line":394,"column":59}}},"50":{"name":"(anonymous_50)","line":397,"loc":{"start":{"line":397,"column":43},"end":{"line":397,"column":59}}},"51":{"name":"(anonymous_51)","line":411,"loc":{"start":{"line":411,"column":47},"end":{"line":411,"column":63}}},"52":{"name":"(anonymous_52)","line":414,"loc":{"start":{"line":414,"column":44},"end":{"line":414,"column":59}}},"53":{"name":"(anonymous_53)","line":420,"loc":{"start":{"line":420,"column":45},"end":{"line":420,"column":60}}},"54":{"name":"(anonymous_54)","line":426,"loc":{"start":{"line":426,"column":41},"end":{"line":426,"column":56}}}},"statementMap":{"1":{"start":{"line":2,"column":0},"end":{"line":6,"column":1}},"2":{"start":{"line":3,"column":4},"end":{"line":5,"column":7}},"3":{"start":{"line":4,"column":8},"end":{"line":4,"column":41}},"4":{"start":{"line":7,"column":0},"end":{"line":7,"column":28}},"5":{"start":{"line":15,"column":0},"end":{"line":28,"column":1}},"6":{"start":{"line":16,"column":4},"end":{"line":18,"column":5}},"7":{"start":{"line":17,"column":8},"end":{"line":17,"column":32}},"8":{"start":{"line":19,"column":4},"end":{"line":19,"column":13}},"9":{"start":{"line":20,"column":4},"end":{"line":26,"column":5}},"10":{"start":{"line":21,"column":8},"end":{"line":21,"column":29}},"11":{"start":{"line":22,"column":8},"end":{"line":24,"column":9}},"12":{"start":{"line":23,"column":12},"end":{"line":23,"column":27}},"13":{"start":{"line":25,"column":8},"end":{"line":25,"column":24}},"14":{"start":{"line":27,"column":4},"end":{"line":27,"column":15}},"15":{"start":{"line":29,"column":0},"end":{"line":29,"column":30}},"16":{"start":{"line":37,"column":0},"end":{"line":44,"column":1}},"17":{"start":{"line":38,"column":4},"end":{"line":38,"column":28}},"18":{"start":{"line":39,"column":4},"end":{"line":39,"column":27}},"19":{"start":{"line":40,"column":4},"end":{"line":40,"column":38}},"20":{"start":{"line":41,"column":4},"end":{"line":43,"column":5}},"21":{"start":{"line":42,"column":8},"end":{"line":42,"column":35}},"22":{"start":{"line":45,"column":0},"end":{"line":45,"column":30}},"23":{"start":{"line":52,"column":0},"end":{"line":57,"column":1}},"24":{"start":{"line":53,"column":4},"end":{"line":53,"column":28}},"25":{"start":{"line":54,"column":4},"end":{"line":54,"column":27}},"26":{"start":{"line":55,"column":4},"end":{"line":55,"column":32}},"27":{"start":{"line":56,"column":4},"end":{"line":56,"column":57}},"28":{"start":{"line":58,"column":0},"end":{"line":58,"column":36}},"29":{"start":{"line":59,"column":0},"end":{"line":98,"column":1}},"30":{"start":{"line":60,"column":4},"end":{"line":96,"column":5}},"31":{"start":{"line":61,"column":8},"end":{"line":61,"column":18}},"32":{"start":{"line":62,"column":8},"end":{"line":66,"column":9}},"33":{"start":{"line":63,"column":12},"end":{"line":63,"column":82}},"34":{"start":{"line":64,"column":12},"end":{"line":64,"column":36}},"35":{"start":{"line":65,"column":12},"end":{"line":65,"column":24}},"36":{"start":{"line":67,"column":8},"end":{"line":67,"column":21}},"37":{"start":{"line":68,"column":8},"end":{"line":95,"column":9}},"38":{"start":{"line":70,"column":12},"end":{"line":70,"column":25}},"39":{"start":{"line":72,"column":13},"end":{"line":95,"column":9}},"40":{"start":{"line":74,"column":12},"end":{"line":79,"column":15}},"41":{"start":{"line":75,"column":16},"end":{"line":78,"column":19}},"42":{"start":{"line":81,"column":13},"end":{"line":95,"column":9}},"43":{"start":{"line":83,"column":12},"end":{"line":83,"column":21}},"44":{"start":{"line":84,"column":12},"end":{"line":89,"column":13}},"45":{"start":{"line":85,"column":16},"end":{"line":88,"column":19}},"46":{"start":{"line":90,"column":12},"end":{"line":90,"column":23}},"47":{"start":{"line":94,"column":12},"end":{"line":94,"column":29}},"48":{"start":{"line":97,"column":4},"end":{"line":97,"column":66}},"49":{"start":{"line":99,"column":0},"end":{"line":99,"column":26}},"50":{"start":{"line":105,"column":0},"end":{"line":113,"column":1}},"51":{"start":{"line":106,"column":4},"end":{"line":106,"column":24}},"52":{"start":{"line":107,"column":4},"end":{"line":111,"column":5}},"53":{"start":{"line":108,"column":8},"end":{"line":110,"column":9}},"54":{"start":{"line":109,"column":12},"end":{"line":109,"column":42}},"55":{"start":{"line":112,"column":4},"end":{"line":112,"column":22}},"56":{"start":{"line":114,"column":0},"end":{"line":114,"column":32}},"57":{"start":{"line":121,"column":0},"end":{"line":166,"column":1}},"58":{"start":{"line":122,"column":4},"end":{"line":130,"column":5}},"59":{"start":{"line":123,"column":8},"end":{"line":129,"column":23}},"60":{"start":{"line":124,"column":12},"end":{"line":124,"column":28}},"61":{"start":{"line":125,"column":12},"end":{"line":125,"column":33}},"62":{"start":{"line":126,"column":12},"end":{"line":126,"column":26}},"63":{"start":{"line":129,"column":12},"end":{"line":129,"column":23}},"64":{"start":{"line":131,"column":4},"end":{"line":131,"column":20}},"65":{"start":{"line":132,"column":4},"end":{"line":154,"column":5}},"66":{"start":{"line":133,"column":8},"end":{"line":150,"column":9}},"67":{"start":{"line":134,"column":12},"end":{"line":149,"column":13}},"68":{"start":{"line":135,"column":16},"end":{"line":142,"column":17}},"69":{"start":{"line":136,"column":20},"end":{"line":136,"column":105}},"70":{"start":{"line":138,"column":20},"end":{"line":141,"column":71}},"71":{"start":{"line":139,"column":24},"end":{"line":139,"column":77}},"72":{"start":{"line":141,"column":24},"end":{"line":141,"column":71}},"73":{"start":{"line":145,"column":16},"end":{"line":148,"column":58}},"74":{"start":{"line":146,"column":20},"end":{"line":146,"column":53}},"75":{"start":{"line":148,"column":20},"end":{"line":148,"column":58}},"76":{"start":{"line":151,"column":8},"end":{"line":152,"column":23}},"77":{"start":{"line":152,"column":12},"end":{"line":152,"column":23}},"78":{"start":{"line":153,"column":8},"end":{"line":153,"column":22}},"79":{"start":{"line":155,"column":4},"end":{"line":157,"column":5}},"80":{"start":{"line":156,"column":8},"end":{"line":156,"column":35}},"81":{"start":{"line":158,"column":4},"end":{"line":164,"column":5}},"82":{"start":{"line":159,"column":8},"end":{"line":162,"column":9}},"83":{"start":{"line":160,"column":12},"end":{"line":161,"column":29}},"84":{"start":{"line":161,"column":16},"end":{"line":161,"column":29}},"85":{"start":{"line":163,"column":8},"end":{"line":163,"column":20}},"86":{"start":{"line":165,"column":4},"end":{"line":165,"column":32}},"87":{"start":{"line":167,"column":0},"end":{"line":167,"column":24}},"88":{"start":{"line":168,"column":0},"end":{"line":188,"column":5}},"89":{"start":{"line":169,"column":4},"end":{"line":171,"column":5}},"90":{"start":{"line":170,"column":8},"end":{"line":170,"column":27}},"91":{"start":{"line":172,"column":4},"end":{"line":174,"column":6}},"92":{"start":{"line":173,"column":8},"end":{"line":173,"column":26}},"93":{"start":{"line":176,"column":4},"end":{"line":178,"column":6}},"94":{"start":{"line":177,"column":8},"end":{"line":177,"column":26}},"95":{"start":{"line":179,"column":4},"end":{"line":186,"column":6}},"96":{"start":{"line":180,"column":8},"end":{"line":180,"column":25}},"97":{"start":{"line":181,"column":8},"end":{"line":185,"column":56}},"98":{"start":{"line":182,"column":12},"end":{"line":184,"column":13}},"99":{"start":{"line":183,"column":16},"end":{"line":183,"column":28}},"100":{"start":{"line":185,"column":33},"end":{"line":185,"column":52}},"101":{"start":{"line":187,"column":4},"end":{"line":187,"column":22}},"102":{"start":{"line":189,"column":0},"end":{"line":189,"column":32}},"103":{"start":{"line":190,"column":0},"end":{"line":196,"column":1}},"104":{"start":{"line":191,"column":4},"end":{"line":195,"column":7}},"105":{"start":{"line":192,"column":8},"end":{"line":194,"column":11}},"106":{"start":{"line":193,"column":12},"end":{"line":193,"column":67}},"107":{"start":{"line":197,"column":0},"end":{"line":197,"column":34}},"108":{"start":{"line":198,"column":0},"end":{"line":433,"column":5}},"109":{"start":{"line":199,"column":4},"end":{"line":228,"column":5}},"110":{"start":{"line":203,"column":8},"end":{"line":203,"column":24}},"111":{"start":{"line":207,"column":8},"end":{"line":207,"column":31}},"112":{"start":{"line":211,"column":8},"end":{"line":211,"column":28}},"113":{"start":{"line":215,"column":8},"end":{"line":215,"column":26}},"114":{"start":{"line":219,"column":8},"end":{"line":219,"column":27}},"115":{"start":{"line":223,"column":8},"end":{"line":223,"column":23}},"116":{"start":{"line":227,"column":8},"end":{"line":227,"column":25}},"117":{"start":{"line":229,"column":4},"end":{"line":234,"column":6}},"118":{"start":{"line":230,"column":8},"end":{"line":230,"column":25}},"119":{"start":{"line":231,"column":8},"end":{"line":233,"column":11}},"120":{"start":{"line":232,"column":12},"end":{"line":232,"column":45}},"121":{"start":{"line":235,"column":4},"end":{"line":243,"column":6}},"122":{"start":{"line":236,"column":8},"end":{"line":241,"column":9}},"123":{"start":{"line":237,"column":12},"end":{"line":237,"column":30}},"124":{"start":{"line":239,"column":13},"end":{"line":241,"column":9}},"125":{"start":{"line":240,"column":12},"end":{"line":240,"column":49}},"126":{"start":{"line":242,"column":8},"end":{"line":242,"column":33}},"127":{"start":{"line":244,"column":4},"end":{"line":258,"column":6}},"128":{"start":{"line":245,"column":8},"end":{"line":245,"column":25}},"129":{"start":{"line":246,"column":8},"end":{"line":246,"column":30}},"130":{"start":{"line":247,"column":8},"end":{"line":254,"column":11}},"131":{"start":{"line":248,"column":12},"end":{"line":248,"column":34}},"132":{"start":{"line":249,"column":12},"end":{"line":251,"column":13}},"133":{"start":{"line":250,"column":16},"end":{"line":250,"column":42}},"134":{"start":{"line":252,"column":12},"end":{"line":252,"column":46}},"135":{"start":{"line":253,"column":12},"end":{"line":253,"column":32}},"136":{"start":{"line":255,"column":8},"end":{"line":255,"column":40}},"137":{"start":{"line":256,"column":8},"end":{"line":256,"column":39}},"138":{"start":{"line":257,"column":8},"end":{"line":257,"column":28}},"139":{"start":{"line":259,"column":4},"end":{"line":275,"column":6}},"140":{"start":{"line":260,"column":8},"end":{"line":260,"column":25}},"141":{"start":{"line":261,"column":8},"end":{"line":261,"column":25}},"142":{"start":{"line":262,"column":8},"end":{"line":262,"column":30}},"143":{"start":{"line":263,"column":8},"end":{"line":273,"column":9}},"144":{"start":{"line":264,"column":12},"end":{"line":264,"column":31}},"145":{"start":{"line":265,"column":12},"end":{"line":272,"column":15}},"146":{"start":{"line":266,"column":16},"end":{"line":270,"column":17}},"147":{"start":{"line":267,"column":20},"end":{"line":267,"column":42}},"148":{"start":{"line":268,"column":20},"end":{"line":268,"column":49}},"149":{"start":{"line":269,"column":20},"end":{"line":269,"column":38}},"150":{"start":{"line":271,"column":16},"end":{"line":271,"column":35}},"151":{"start":{"line":274,"column":8},"end":{"line":274,"column":27}},"152":{"start":{"line":276,"column":4},"end":{"line":305,"column":6}},"153":{"start":{"line":277,"column":8},"end":{"line":277,"column":25}},"154":{"start":{"line":278,"column":8},"end":{"line":278,"column":24}},"155":{"start":{"line":279,"column":8},"end":{"line":303,"column":11}},"156":{"start":{"line":280,"column":12},"end":{"line":282,"column":13}},"157":{"start":{"line":281,"column":16},"end":{"line":281,"column":23}},"158":{"start":{"line":283,"column":12},"end":{"line":288,"column":13}},"159":{"start":{"line":284,"column":16},"end":{"line":284,"column":44}},"160":{"start":{"line":285,"column":16},"end":{"line":287,"column":17}},"161":{"start":{"line":286,"column":20},"end":{"line":286,"column":33}},"162":{"start":{"line":289,"column":12},"end":{"line":296,"column":13}},"163":{"start":{"line":290,"column":16},"end":{"line":292,"column":17}},"164":{"start":{"line":291,"column":20},"end":{"line":291,"column":33}},"165":{"start":{"line":295,"column":16},"end":{"line":295,"column":42}},"166":{"start":{"line":297,"column":12},"end":{"line":302,"column":13}},"167":{"start":{"line":298,"column":16},"end":{"line":298,"column":45}},"168":{"start":{"line":299,"column":16},"end":{"line":301,"column":17}},"169":{"start":{"line":300,"column":20},"end":{"line":300,"column":33}},"170":{"start":{"line":304,"column":8},"end":{"line":304,"column":20}},"171":{"start":{"line":311,"column":4},"end":{"line":313,"column":6}},"172":{"start":{"line":312,"column":8},"end":{"line":312,"column":31}},"173":{"start":{"line":314,"column":4},"end":{"line":316,"column":6}},"174":{"start":{"line":315,"column":8},"end":{"line":315,"column":47}},"175":{"start":{"line":322,"column":4},"end":{"line":324,"column":6}},"176":{"start":{"line":323,"column":8},"end":{"line":323,"column":39}},"177":{"start":{"line":331,"column":4},"end":{"line":334,"column":6}},"178":{"start":{"line":332,"column":8},"end":{"line":332,"column":56}},"179":{"start":{"line":333,"column":8},"end":{"line":333,"column":43}},"180":{"start":{"line":341,"column":4},"end":{"line":344,"column":6}},"181":{"start":{"line":342,"column":8},"end":{"line":342,"column":54}},"182":{"start":{"line":343,"column":8},"end":{"line":343,"column":42}},"183":{"start":{"line":351,"column":4},"end":{"line":358,"column":6}},"184":{"start":{"line":352,"column":8},"end":{"line":357,"column":9}},"185":{"start":{"line":353,"column":12},"end":{"line":353,"column":45}},"186":{"start":{"line":354,"column":12},"end":{"line":356,"column":13}},"187":{"start":{"line":355,"column":16},"end":{"line":355,"column":42}},"188":{"start":{"line":365,"column":4},"end":{"line":367,"column":6}},"189":{"start":{"line":366,"column":8},"end":{"line":366,"column":56}},"190":{"start":{"line":368,"column":4},"end":{"line":370,"column":6}},"191":{"start":{"line":369,"column":8},"end":{"line":369,"column":87}},"192":{"start":{"line":371,"column":4},"end":{"line":373,"column":6}},"193":{"start":{"line":372,"column":8},"end":{"line":372,"column":113}},"194":{"start":{"line":374,"column":4},"end":{"line":376,"column":6}},"195":{"start":{"line":375,"column":8},"end":{"line":375,"column":62}},"196":{"start":{"line":377,"column":4},"end":{"line":379,"column":6}},"197":{"start":{"line":378,"column":8},"end":{"line":378,"column":57}},"198":{"start":{"line":380,"column":4},"end":{"line":390,"column":6}},"199":{"start":{"line":381,"column":8},"end":{"line":381,"column":25}},"200":{"start":{"line":382,"column":8},"end":{"line":382,"column":28}},"201":{"start":{"line":383,"column":8},"end":{"line":388,"column":11}},"202":{"start":{"line":384,"column":12},"end":{"line":384,"column":43}},"203":{"start":{"line":385,"column":12},"end":{"line":387,"column":13}},"204":{"start":{"line":386,"column":16},"end":{"line":386,"column":31}},"205":{"start":{"line":389,"column":8},"end":{"line":389,"column":23}},"206":{"start":{"line":391,"column":4},"end":{"line":393,"column":6}},"207":{"start":{"line":392,"column":8},"end":{"line":392,"column":58}},"208":{"start":{"line":394,"column":4},"end":{"line":404,"column":6}},"209":{"start":{"line":395,"column":8},"end":{"line":395,"column":25}},"210":{"start":{"line":396,"column":8},"end":{"line":396,"column":29}},"211":{"start":{"line":397,"column":8},"end":{"line":402,"column":11}},"212":{"start":{"line":398,"column":12},"end":{"line":398,"column":44}},"213":{"start":{"line":399,"column":12},"end":{"line":401,"column":13}},"214":{"start":{"line":400,"column":16},"end":{"line":400,"column":32}},"215":{"start":{"line":403,"column":8},"end":{"line":403,"column":24}},"216":{"start":{"line":411,"column":4},"end":{"line":413,"column":6}},"217":{"start":{"line":412,"column":8},"end":{"line":412,"column":39}},"218":{"start":{"line":414,"column":4},"end":{"line":419,"column":6}},"219":{"start":{"line":415,"column":8},"end":{"line":417,"column":9}},"220":{"start":{"line":416,"column":12},"end":{"line":416,"column":37}},"221":{"start":{"line":418,"column":8},"end":{"line":418,"column":28}},"222":{"start":{"line":420,"column":4},"end":{"line":425,"column":6}},"223":{"start":{"line":421,"column":8},"end":{"line":423,"column":9}},"224":{"start":{"line":422,"column":12},"end":{"line":422,"column":38}},"225":{"start":{"line":424,"column":8},"end":{"line":424,"column":29}},"226":{"start":{"line":426,"column":4},"end":{"line":431,"column":6}},"227":{"start":{"line":427,"column":8},"end":{"line":429,"column":9}},"228":{"start":{"line":428,"column":12},"end":{"line":428,"column":34}},"229":{"start":{"line":430,"column":8},"end":{"line":430,"column":25}},"230":{"start":{"line":432,"column":4},"end":{"line":432,"column":28}},"231":{"start":{"line":434,"column":0},"end":{"line":434,"column":44}}},"branchMap":{"1":{"line":16,"type":"if","locations":[{"start":{"line":16,"column":4},"end":{"line":16,"column":4}},{"start":{"line":16,"column":4},"end":{"line":16,"column":4}}]},"2":{"line":20,"type":"binary-expr","locations":[{"start":{"line":20,"column":11},"end":{"line":20,"column":34}},{"start":{"line":20,"column":38},"end":{"line":20,"column":41}},{"start":{"line":20,"column":45},"end":{"line":20,"column":57}}]},"3":{"line":22,"type":"if","locations":[{"start":{"line":22,"column":8},"end":{"line":22,"column":8}},{"start":{"line":22,"column":8},"end":{"line":22,"column":8}}]},"4":{"line":22,"type":"binary-expr","locations":[{"start":{"line":22,"column":12},"end":{"line":22,"column":26}},{"start":{"line":22,"column":30},"end":{"line":22,"column":36}}]},"5":{"line":41,"type":"if","locations":[{"start":{"line":41,"column":4},"end":{"line":41,"column":4}},{"start":{"line":41,"column":4},"end":{"line":41,"column":4}}]},"6":{"line":41,"type":"binary-expr","locations":[{"start":{"line":41,"column":8},"end":{"line":41,"column":11}},{"start":{"line":41,"column":15},"end":{"line":41,"column":38}}]},"7":{"line":56,"type":"binary-expr","locations":[{"start":{"line":56,"column":11},"end":{"line":56,"column":34}},{"start":{"line":56,"column":38},"end":{"line":56,"column":41}},{"start":{"line":56,"column":45},"end":{"line":56,"column":56}}]},"8":{"line":62,"type":"if","locations":[{"start":{"line":62,"column":8},"end":{"line":62,"column":8}},{"start":{"line":62,"column":8},"end":{"line":62,"column":8}}]},"9":{"line":68,"type":"if","locations":[{"start":{"line":68,"column":8},"end":{"line":68,"column":8}},{"start":{"line":68,"column":8},"end":{"line":68,"column":8}}]},"10":{"line":68,"type":"binary-expr","locations":[{"start":{"line":68,"column":12},"end":{"line":68,"column":22}},{"start":{"line":68,"column":26},"end":{"line":68,"column":53}}]},"11":{"line":72,"type":"if","locations":[{"start":{"line":72,"column":13},"end":{"line":72,"column":13}},{"start":{"line":72,"column":13},"end":{"line":72,"column":13}}]},"12":{"line":81,"type":"if","locations":[{"start":{"line":81,"column":13},"end":{"line":81,"column":13}},{"start":{"line":81,"column":13},"end":{"line":81,"column":13}}]},"13":{"line":87,"type":"cond-expr","locations":[{"start":{"line":87,"column":57},"end":{"line":87,"column":74}},{"start":{"line":87,"column":77},"end":{"line":87,"column":86}}]},"14":{"line":108,"type":"if","locations":[{"start":{"line":108,"column":8},"end":{"line":108,"column":8}},{"start":{"line":108,"column":8},"end":{"line":108,"column":8}}]},"15":{"line":122,"type":"if","locations":[{"start":{"line":122,"column":4},"end":{"line":122,"column":4}},{"start":{"line":122,"column":4},"end":{"line":122,"column":4}}]},"16":{"line":122,"type":"binary-expr","locations":[{"start":{"line":122,"column":8},"end":{"line":122,"column":12}},{"start":{"line":122,"column":16},"end":{"line":122,"column":38}}]},"17":{"line":123,"type":"if","locations":[{"start":{"line":123,"column":8},"end":{"line":123,"column":8}},{"start":{"line":123,"column":8},"end":{"line":123,"column":8}}]},"18":{"line":134,"type":"if","locations":[{"start":{"line":134,"column":12},"end":{"line":134,"column":12}},{"start":{"line":134,"column":12},"end":{"line":134,"column":12}}]},"19":{"line":134,"type":"binary-expr","locations":[{"start":{"line":134,"column":16},"end":{"line":134,"column":20}},{"start":{"line":134,"column":24},"end":{"line":134,"column":48}}]},"20":{"line":135,"type":"if","locations":[{"start":{"line":135,"column":16},"end":{"line":135,"column":16}},{"start":{"line":135,"column":16},"end":{"line":135,"column":16}}]},"21":{"line":136,"type":"cond-expr","locations":[{"start":{"line":136,"column":48},"end":{"line":136,"column":49}},{"start":{"line":136,"column":52},"end":{"line":136,"column":54}}]},"22":{"line":136,"type":"cond-expr","locations":[{"start":{"line":136,"column":73},"end":{"line":136,"column":86}},{"start":{"line":136,"column":89},"end":{"line":136,"column":96}}]},"23":{"line":138,"type":"if","locations":[{"start":{"line":138,"column":20},"end":{"line":138,"column":20}},{"start":{"line":138,"column":20},"end":{"line":138,"column":20}}]},"24":{"line":139,"type":"cond-expr","locations":[{"start":{"line":139,"column":52},"end":{"line":139,"column":53}},{"start":{"line":139,"column":56},"end":{"line":139,"column":58}}]},"25":{"line":141,"type":"cond-expr","locations":[{"start":{"line":141,"column":52},"end":{"line":141,"column":59}},{"start":{"line":141,"column":62},"end":{"line":141,"column":64}}]},"26":{"line":145,"type":"if","locations":[{"start":{"line":145,"column":16},"end":{"line":145,"column":16}},{"start":{"line":145,"column":16},"end":{"line":145,"column":16}}]},"27":{"line":145,"type":"binary-expr","locations":[{"start":{"line":145,"column":20},"end":{"line":145,"column":31}},{"start":{"line":145,"column":35},"end":{"line":145,"column":46}}]},"28":{"line":148,"type":"cond-expr","locations":[{"start":{"line":148,"column":32},"end":{"line":148,"column":39}},{"start":{"line":148,"column":42},"end":{"line":148,"column":44}}]},"29":{"line":151,"type":"if","locations":[{"start":{"line":151,"column":8},"end":{"line":151,"column":8}},{"start":{"line":151,"column":8},"end":{"line":151,"column":8}}]},"30":{"line":160,"type":"if","locations":[{"start":{"line":160,"column":12},"end":{"line":160,"column":12}},{"start":{"line":160,"column":12},"end":{"line":160,"column":12}}]},"31":{"line":182,"type":"if","locations":[{"start":{"line":182,"column":12},"end":{"line":182,"column":12}},{"start":{"line":182,"column":12},"end":{"line":182,"column":12}}]},"32":{"line":182,"type":"binary-expr","locations":[{"start":{"line":182,"column":16},"end":{"line":182,"column":68}},{"start":{"line":182,"column":72},"end":{"line":182,"column":103}}]},"33":{"line":236,"type":"if","locations":[{"start":{"line":236,"column":8},"end":{"line":236,"column":8}},{"start":{"line":236,"column":8},"end":{"line":236,"column":8}}]},"34":{"line":237,"type":"binary-expr","locations":[{"start":{"line":237,"column":19},"end":{"line":237,"column":23}},{"start":{"line":237,"column":27},"end":{"line":237,"column":29}}]},"35":{"line":239,"type":"if","locations":[{"start":{"line":239,"column":13},"end":{"line":239,"column":13}},{"start":{"line":239,"column":13},"end":{"line":239,"column":13}}]},"36":{"line":249,"type":"if","locations":[{"start":{"line":249,"column":12},"end":{"line":249,"column":12}},{"start":{"line":249,"column":12},"end":{"line":249,"column":12}}]},"37":{"line":263,"type":"binary-expr","locations":[{"start":{"line":263,"column":15},"end":{"line":263,"column":53}},{"start":{"line":263,"column":57},"end":{"line":263,"column":67}}]},"38":{"line":266,"type":"if","locations":[{"start":{"line":266,"column":16},"end":{"line":266,"column":16}},{"start":{"line":266,"column":16},"end":{"line":266,"column":16}}]},"39":{"line":280,"type":"if","locations":[{"start":{"line":280,"column":12},"end":{"line":280,"column":12}},{"start":{"line":280,"column":12},"end":{"line":280,"column":12}}]},"40":{"line":283,"type":"if","locations":[{"start":{"line":283,"column":12},"end":{"line":283,"column":12}},{"start":{"line":283,"column":12},"end":{"line":283,"column":12}}]},"41":{"line":285,"type":"if","locations":[{"start":{"line":285,"column":16},"end":{"line":285,"column":16}},{"start":{"line":285,"column":16},"end":{"line":285,"column":16}}]},"42":{"line":289,"type":"if","locations":[{"start":{"line":289,"column":12},"end":{"line":289,"column":12}},{"start":{"line":289,"column":12},"end":{"line":289,"column":12}}]},"43":{"line":290,"type":"if","locations":[{"start":{"line":290,"column":16},"end":{"line":290,"column":16}},{"start":{"line":290,"column":16},"end":{"line":290,"column":16}}]},"44":{"line":297,"type":"if","locations":[{"start":{"line":297,"column":12},"end":{"line":297,"column":12}},{"start":{"line":297,"column":12},"end":{"line":297,"column":12}}]},"45":{"line":299,"type":"if","locations":[{"start":{"line":299,"column":16},"end":{"line":299,"column":16}},{"start":{"line":299,"column":16},"end":{"line":299,"column":16}}]},"46":{"line":332,"type":"binary-expr","locations":[{"start":{"line":332,"column":30},"end":{"line":332,"column":49}},{"start":{"line":332,"column":53},"end":{"line":332,"column":55}}]},"47":{"line":342,"type":"binary-expr","locations":[{"start":{"line":342,"column":29},"end":{"line":342,"column":47}},{"start":{"line":342,"column":51},"end":{"line":342,"column":53}}]},"48":{"line":352,"type":"if","locations":[{"start":{"line":352,"column":8},"end":{"line":352,"column":8}},{"start":{"line":352,"column":8},"end":{"line":352,"column":8}}]},"49":{"line":354,"type":"if","locations":[{"start":{"line":354,"column":12},"end":{"line":354,"column":12}},{"start":{"line":354,"column":12},"end":{"line":354,"column":12}}]},"50":{"line":369,"type":"cond-expr","locations":[{"start":{"line":369,"column":61},"end":{"line":369,"column":81}},{"start":{"line":369,"column":84},"end":{"line":369,"column":86}}]},"51":{"line":372,"type":"binary-expr","locations":[{"start":{"line":372,"column":15},"end":{"line":372,"column":58}},{"start":{"line":372,"column":62},"end":{"line":372,"column":112}}]},"52":{"line":385,"type":"if","locations":[{"start":{"line":385,"column":12},"end":{"line":385,"column":12}},{"start":{"line":385,"column":12},"end":{"line":385,"column":12}}]},"53":{"line":399,"type":"if","locations":[{"start":{"line":399,"column":12},"end":{"line":399,"column":12}},{"start":{"line":399,"column":12},"end":{"line":399,"column":12}}]},"54":{"line":415,"type":"if","locations":[{"start":{"line":415,"column":8},"end":{"line":415,"column":8}},{"start":{"line":415,"column":8},"end":{"line":415,"column":8}}]},"55":{"line":421,"type":"if","locations":[{"start":{"line":421,"column":8},"end":{"line":421,"column":8}},{"start":{"line":421,"column":8},"end":{"line":421,"column":8}}]},"56":{"line":427,"type":"if","locations":[{"start":{"line":427,"column":8},"end":{"line":427,"column":8}},{"start":{"line":427,"column":8},"end":{"line":427,"column":8}}]}}}}