{"/mnt/safe/node/@radic/util/spec/helpers/SpecHelper.js":{"path":"/mnt/safe/node/@radic/util/spec/helpers/SpecHelper.js","s":{"1":1,"2":8,"3":0,"4":0,"5":0},"b":{"1":[0,0]},"f":{"1":8,"2":0,"3":0},"fnMap":{"1":{"name":"(anonymous_1)","line":1,"loc":{"start":{"line":1,"column":11},"end":{"line":1,"column":23}}},"2":{"name":"(anonymous_2)","line":3,"loc":{"start":{"line":3,"column":17},"end":{"line":3,"column":29}}},"3":{"name":"(anonymous_3)","line":5,"loc":{"start":{"line":5,"column":17},"end":{"line":5,"column":45}}}},"statementMap":{"1":{"start":{"line":1,"column":0},"end":{"line":15,"column":3}},"2":{"start":{"line":2,"column":2},"end":{"line":14,"column":5}},"3":{"start":{"line":4,"column":6},"end":{"line":12,"column":8}},"4":{"start":{"line":6,"column":10},"end":{"line":6,"column":30}},"5":{"start":{"line":8,"column":10},"end":{"line":10,"column":11}}},"branchMap":{"1":{"line":9,"type":"binary-expr","locations":[{"start":{"line":9,"column":18},"end":{"line":9,"column":58}},{"start":{"line":9,"column":62},"end":{"line":9,"column":78}}]}}},"/mnt/safe/node/@radic/util/spec/lib/configSpec.js":{"path":"/mnt/safe/node/@radic/util/spec/lib/configSpec.js","s":{"1":1,"2":1,"3":1,"4":1,"5":1,"6":8,"7":1,"8":1,"9":1,"10":1,"11":1,"12":1,"13":1,"14":1,"15":1,"16":1,"17":1,"18":1,"19":1,"20":1,"21":1,"22":1,"23":1,"24":1,"25":1,"26":1,"27":3,"28":1,"29":1,"30":1,"31":1,"32":1,"33":1,"34":1,"35":1},"b":{},"f":{"1":1,"2":8,"3":1,"4":1,"5":1,"6":1,"7":1,"8":1,"9":1,"10":1,"11":3,"12":1,"13":1,"14":1},"fnMap":{"1":{"name":"(anonymous_1)","line":3,"loc":{"start":{"line":3,"column":19},"end":{"line":3,"column":31}}},"2":{"name":"(anonymous_2)","line":10,"loc":{"start":{"line":10,"column":15},"end":{"line":10,"column":27}}},"3":{"name":"(anonymous_3)","line":13,"loc":{"start":{"line":13,"column":30},"end":{"line":13,"column":42}}},"4":{"name":"(anonymous_4)","line":14,"loc":{"start":{"line":14,"column":37},"end":{"line":14,"column":49}}},"5":{"name":"(anonymous_5)","line":17,"loc":{"start":{"line":17,"column":36},"end":{"line":17,"column":48}}},"6":{"name":"(anonymous_6)","line":21,"loc":{"start":{"line":21,"column":47},"end":{"line":21,"column":59}}},"7":{"name":"(anonymous_7)","line":26,"loc":{"start":{"line":26,"column":29},"end":{"line":26,"column":41}}},"8":{"name":"(anonymous_8)","line":27,"loc":{"start":{"line":27,"column":55},"end":{"line":27,"column":67}}},"9":{"name":"(anonymous_9)","line":31,"loc":{"start":{"line":31,"column":75},"end":{"line":31,"column":87}}},"10":{"name":"(anonymous_10)","line":37,"loc":{"start":{"line":37,"column":58},"end":{"line":37,"column":70}}},"11":{"name":"(anonymous_11)","line":47,"loc":{"start":{"line":47,"column":19},"end":{"line":47,"column":31}}},"12":{"name":"(anonymous_12)","line":50,"loc":{"start":{"line":50,"column":53},"end":{"line":50,"column":65}}},"13":{"name":"(anonymous_13)","line":53,"loc":{"start":{"line":53,"column":54},"end":{"line":53,"column":66}}},"14":{"name":"(anonymous_14)","line":56,"loc":{"start":{"line":56,"column":57},"end":{"line":56,"column":69}}}},"statementMap":{"1":{"start":{"line":2,"column":0},"end":{"line":2,"column":43}},"2":{"start":{"line":3,"column":0},"end":{"line":103,"column":3}},"3":{"start":{"line":4,"column":4},"end":{"line":8,"column":6}},"4":{"start":{"line":9,"column":4},"end":{"line":9,"column":52}},"5":{"start":{"line":10,"column":4},"end":{"line":12,"column":7}},"6":{"start":{"line":11,"column":8},"end":{"line":11,"column":53}},"7":{"start":{"line":13,"column":4},"end":{"line":25,"column":7}},"8":{"start":{"line":14,"column":8},"end":{"line":16,"column":11}},"9":{"start":{"line":15,"column":12},"end":{"line":15,"column":53}},"10":{"start":{"line":17,"column":8},"end":{"line":20,"column":11}},"11":{"start":{"line":18,"column":12},"end":{"line":18,"column":40}},"12":{"start":{"line":19,"column":12},"end":{"line":19,"column":56}},"13":{"start":{"line":21,"column":8},"end":{"line":24,"column":11}},"14":{"start":{"line":22,"column":12},"end":{"line":22,"column":50}},"15":{"start":{"line":23,"column":12},"end":{"line":23,"column":59}},"16":{"start":{"line":26,"column":4},"end":{"line":36,"column":7}},"17":{"start":{"line":27,"column":8},"end":{"line":30,"column":11}},"18":{"start":{"line":28,"column":12},"end":{"line":28,"column":52}},"19":{"start":{"line":29,"column":12},"end":{"line":29,"column":68}},"20":{"start":{"line":31,"column":8},"end":{"line":35,"column":11}},"21":{"start":{"line":32,"column":12},"end":{"line":32,"column":86}},"22":{"start":{"line":33,"column":12},"end":{"line":33,"column":77}},"23":{"start":{"line":34,"column":12},"end":{"line":34,"column":69}},"24":{"start":{"line":37,"column":4},"end":{"line":61,"column":7}},"25":{"start":{"line":38,"column":8},"end":{"line":46,"column":10}},"26":{"start":{"line":47,"column":8},"end":{"line":49,"column":11}},"27":{"start":{"line":48,"column":12},"end":{"line":48,"column":60}},"28":{"start":{"line":50,"column":8},"end":{"line":52,"column":11}},"29":{"start":{"line":51,"column":12},"end":{"line":51,"column":68}},"30":{"start":{"line":53,"column":8},"end":{"line":55,"column":11}},"31":{"start":{"line":54,"column":12},"end":{"line":54,"column":90}},"32":{"start":{"line":56,"column":8},"end":{"line":60,"column":11}},"33":{"start":{"line":57,"column":12},"end":{"line":57,"column":45}},"34":{"start":{"line":58,"column":12},"end":{"line":58,"column":56}},"35":{"start":{"line":59,"column":12},"end":{"line":59,"column":67}}},"branchMap":{}}}