TN:
SF:/mnt/safe/node/@radic/util/spec/helpers/SpecHelper.js
FN:1,(anonymous_1)
FN:3,(anonymous_2)
FN:5,(anonymous_3)
FNF:3
FNH:1
FNDA:8,(anonymous_1)
FNDA:0,(anonymous_2)
FNDA:0,(anonymous_3)
DA:1,1
DA:2,8
DA:4,0
DA:6,0
DA:8,0
LF:5
LH:2
BRDA:9,1,0,0
BRDA:9,1,1,0
BRF:2
BRH:0
end_of_record
TN:
SF:/mnt/safe/node/@radic/util/spec/lib/configSpec.js
FN:3,(anonymous_1)
FN:10,(anonymous_2)
FN:13,(anonymous_3)
FN:14,(anonymous_4)
FN:17,(anonymous_5)
FN:21,(anonymous_6)
FN:26,(anonymous_7)
FN:27,(anonymous_8)
FN:31,(anonymous_9)
FN:37,(anonymous_10)
FN:47,(anonymous_11)
FN:50,(anonymous_12)
FN:53,(anonymous_13)
FN:56,(anonymous_14)
FNF:14
FNH:14
FNDA:1,(anonymous_1)
FNDA:8,(anonymous_2)
FNDA:1,(anonymous_3)
FNDA:1,(anonymous_4)
FNDA:1,(anonymous_5)
FNDA:1,(anonymous_6)
FNDA:1,(anonymous_7)
FNDA:1,(anonymous_8)
FNDA:1,(anonymous_9)
FNDA:1,(anonymous_10)
FNDA:3,(anonymous_11)
FNDA:1,(anonymous_12)
FNDA:1,(anonymous_13)
FNDA:1,(anonymous_14)
DA:2,1
DA:3,1
DA:4,1
DA:9,1
DA:10,1
DA:11,8
DA:13,1
DA:14,1
DA:15,1
DA:17,1
DA:18,1
DA:19,1
DA:21,1
DA:22,1
DA:23,1
DA:26,1
DA:27,1
DA:28,1
DA:29,1
DA:31,1
DA:32,1
DA:33,1
DA:34,1
DA:37,1
DA:38,1
DA:47,1
DA:48,3
DA:50,1
DA:51,1
DA:53,1
DA:54,1
DA:56,1
DA:57,1
DA:58,1
DA:59,1
LF:35
LH:35
BRF:0
BRH:0
end_of_record
TN:
SF:/mnt/safe/node/@radic/util/lib/config.js
FN:2,(anonymous_1)
FN:4,__
FN:11,(anonymous_3)
FN:12,Config
FN:18,(anonymous_5)
FN:24,(anonymous_6)
FN:27,(anonymous_7)
FN:35,(anonymous_8)
FN:38,(anonymous_9)
FN:42,(anonymous_10)
FN:56,(anonymous_11)
FN:58,(anonymous_12)
FN:79,(anonymous_13)
FN:94,(anonymous_14)
FN:102,(anonymous_15)
FN:129,(anonymous_16)
FN:130,(anonymous_17)
FN:142,(anonymous_18)
FN:145,(anonymous_19)
FN:148,(anonymous_20)
FN:155,(anonymous_21)
FN:157,PersistentConfig
FN:162,(anonymous_23)
FN:166,(anonymous_24)
FN:172,(anonymous_25)
FN:177,(anonymous_26)
FN:186,(anonymous_27)
FNF:27
FNH:14
FNDA:1,(anonymous_1)
FNDA:1,__
FNDA:1,(anonymous_3)
FNDA:9,Config
FNDA:0,(anonymous_5)
FNDA:0,(anonymous_6)
FNDA:9,(anonymous_7)
FNDA:9,(anonymous_8)
FNDA:7,(anonymous_9)
FNDA:0,(anonymous_10)
FNDA:9,(anonymous_11)
FNDA:17,(anonymous_12)
FNDA:9,(anonymous_13)
FNDA:11,(anonymous_14)
FNDA:11,(anonymous_15)
FNDA:0,(anonymous_16)
FNDA:0,(anonymous_17)
FNDA:16,(anonymous_18)
FNDA:0,(anonymous_19)
FNDA:0,(anonymous_20)
FNDA:1,(anonymous_21)
FNDA:0,PersistentConfig
FNDA:0,(anonymous_23)
FNDA:0,(anonymous_24)
FNDA:0,(anonymous_25)
FNDA:0,(anonymous_26)
FNDA:0,(anonymous_27)
DA:2,1
DA:3,4
DA:4,1
DA:5,1
DA:7,1
DA:10,1
DA:11,1
DA:12,1
DA:13,9
DA:14,9
DA:15,9
DA:16,9
DA:18,1
DA:19,0
DA:20,0
DA:21,0
DA:22,0
DA:24,1
DA:25,0
DA:27,1
DA:28,9
DA:29,9
DA:32,0
DA:35,1
DA:36,9
DA:38,1
DA:39,7
DA:40,7
DA:42,1
DA:43,0
DA:44,0
DA:45,0
DA:47,0
DA:48,0
DA:51,0
DA:52,0
DA:54,0
DA:56,1
DA:57,9
DA:58,9
DA:60,17
DA:61,6
DA:65,11
DA:66,11
DA:67,11
DA:68,0
DA:71,0
DA:72,0
DA:76,11
DA:79,1
DA:80,9
DA:82,9
DA:83,9
DA:85,9
DA:86,9
DA:88,9
DA:94,1
DA:96,11
DA:100,11
DA:102,1
DA:103,11
DA:104,0
DA:107,11
DA:109,11
DA:111,11
DA:112,11
DA:115,11
DA:116,1
DA:118,1
DA:119,0
DA:121,1
DA:127,11
DA:129,1
DA:130,0
DA:131,0
DA:133,0
DA:134,0
DA:135,0
DA:136,0
DA:137,0
DA:138,0
DA:139,0
DA:140,0
DA:142,1
DA:143,16
DA:145,1
DA:146,0
DA:148,1
DA:149,0
DA:151,1
DA:152,1
DA:154,1
DA:155,1
DA:156,1
DA:157,1
DA:158,0
DA:160,0
DA:162,1
DA:166,1
DA:172,1
DA:173,0
DA:174,0
DA:175,0
DA:177,1
DA:178,0
DA:179,0
DA:180,0
DA:182,0
DA:183,0
DA:184,0
DA:186,1
DA:187,0
DA:188,0
DA:189,0
DA:191,1
DA:193,1
LF:116
LH:71
BRDA:2,1,0,1
BRDA:2,1,1,1
BRDA:2,1,2,1
BRDA:3,2,0,4
BRDA:3,2,1,0
BRDA:5,3,0,0
BRDA:5,3,1,1
BRDA:15,4,0,9
BRDA:15,4,1,0
BRDA:28,5,0,9
BRDA:28,5,1,0
BRDA:47,6,0,0
BRDA:47,6,1,0
BRDA:60,7,0,6
BRDA:60,7,1,11
BRDA:67,8,0,0
BRDA:67,8,1,11
BRDA:71,9,0,0
BRDA:71,9,1,0
BRDA:96,10,0,0
BRDA:96,10,1,11
BRDA:103,11,0,0
BRDA:103,11,1,11
BRDA:109,12,0,11
BRDA:109,12,1,0
BRDA:109,12,2,0
BRDA:118,13,0,0
BRDA:118,13,1,1
BRDA:143,14,0,0
BRDA:143,14,1,16
BRF:30
BRH:15
end_of_record
TN:
SF:/mnt/safe/node/@radic/util/lib/object.js
FN:2,getParts
FN:3,(anonymous_2)
FN:15,objectGet
FN:37,objectSet
FN:52,objectExists
FN:59,recurse
FN:60,recurse
FN:74,(anonymous_8)
FN:105,copyObject
FN:121,dotize
FN:132,recurse
FN:155,isNumber
FN:158,isEmptyObj
FN:168,(anonymous_14)
FN:169,StringType
FN:172,(anonymous_16)
FN:176,(anonymous_17)
FN:179,(anonymous_18)
FN:181,(anonymous_19)
FN:185,(anonymous_20)
FN:190,applyMixins
FN:191,(anonymous_22)
FN:192,(anonymous_23)
FN:198,(anonymous_24)
FN:199,DependencySorter
FN:229,(anonymous_26)
FN:231,(anonymous_27)
FN:235,(anonymous_28)
FN:244,(anonymous_29)
FN:247,(anonymous_30)
FN:259,(anonymous_31)
FN:265,(anonymous_32)
FN:276,(anonymous_33)
FN:279,(anonymous_34)
FN:311,(anonymous_35)
FN:314,(anonymous_36)
FN:322,(anonymous_37)
FN:331,(anonymous_38)
FN:341,(anonymous_39)
FN:351,(anonymous_40)
FN:365,(anonymous_41)
FN:368,(anonymous_42)
FN:371,(anonymous_43)
FN:374,(anonymous_44)
FN:377,(anonymous_45)
FN:380,(anonymous_46)
FN:383,(anonymous_47)
FN:391,(anonymous_48)
FN:394,(anonymous_49)
FN:397,(anonymous_50)
FN:411,(anonymous_51)
FN:414,(anonymous_52)
FN:420,(anonymous_53)
FN:426,(anonymous_54)
FNF:54
FNH:8
FNDA:16,getParts
FNDA:45,(anonymous_2)
FNDA:16,objectGet
FNDA:7,objectSet
FNDA:0,objectExists
FNDA:9,recurse
FNDA:21,recurse
FNDA:0,(anonymous_8)
FNDA:0,copyObject
FNDA:0,dotize
FNDA:0,recurse
FNDA:0,isNumber
FNDA:0,isEmptyObj
FNDA:1,(anonymous_14)
FNDA:0,StringType
FNDA:0,(anonymous_16)
FNDA:0,(anonymous_17)
FNDA:0,(anonymous_18)
FNDA:0,(anonymous_19)
FNDA:0,(anonymous_20)
FNDA:0,applyMixins
FNDA:0,(anonymous_22)
FNDA:0,(anonymous_23)
FNDA:1,(anonymous_24)
FNDA:0,DependencySorter
FNDA:0,(anonymous_26)
FNDA:0,(anonymous_27)
FNDA:0,(anonymous_28)
FNDA:0,(anonymous_29)
FNDA:0,(anonymous_30)
FNDA:0,(anonymous_31)
FNDA:0,(anonymous_32)
FNDA:0,(anonymous_33)
FNDA:0,(anonymous_34)
FNDA:0,(anonymous_35)
FNDA:0,(anonymous_36)
FNDA:0,(anonymous_37)
FNDA:0,(anonymous_38)
FNDA:0,(anonymous_39)
FNDA:0,(anonymous_40)
FNDA:0,(anonymous_41)
FNDA:0,(anonymous_42)
FNDA:0,(anonymous_43)
FNDA:0,(anonymous_44)
FNDA:0,(anonymous_45)
FNDA:0,(anonymous_46)
FNDA:0,(anonymous_47)
FNDA:0,(anonymous_48)
FNDA:0,(anonymous_49)
FNDA:0,(anonymous_50)
FNDA:0,(anonymous_51)
FNDA:0,(anonymous_52)
FNDA:0,(anonymous_53)
FNDA:0,(anonymous_54)
DA:2,1
DA:3,16
DA:4,45
DA:7,1
DA:15,1
DA:16,16
DA:17,9
DA:19,16
DA:20,16
DA:21,38
DA:22,38
DA:23,11
DA:25,38
DA:27,16
DA:29,1
DA:37,1
DA:38,7
DA:39,7
DA:40,7
DA:41,7
DA:42,7
DA:45,1
DA:52,1
DA:53,0
DA:54,0
DA:55,0
DA:56,0
DA:58,1
DA:59,1
DA:60,1
DA:61,21
DA:62,21
DA:63,0
DA:64,0
DA:65,0
DA:67,21
DA:68,21
DA:70,0
DA:72,21
DA:74,0
DA:75,0
DA:81,21
DA:83,4
DA:84,4
DA:85,12
DA:90,4
DA:94,17
DA:97,9
DA:99,1
DA:105,1
DA:106,0
DA:107,0
DA:108,0
DA:109,0
DA:112,0
DA:114,1
DA:121,1
DA:122,0
DA:123,0
DA:124,0
DA:125,0
DA:126,0
DA:129,0
DA:131,0
DA:132,1
DA:133,0
DA:134,0
DA:135,0
DA:136,0
DA:138,0
DA:139,0
DA:141,0
DA:145,0
DA:146,0
DA:148,0
DA:151,0
DA:152,0
DA:153,0
DA:155,1
DA:156,0
DA:158,1
DA:159,0
DA:160,0
DA:161,0
DA:163,0
DA:165,0
DA:167,1
DA:168,1
DA:169,1
DA:170,0
DA:172,1
DA:173,0
DA:176,1
DA:177,0
DA:179,1
DA:180,0
DA:181,0
DA:182,0
DA:183,0
DA:185,0
DA:187,1
DA:189,1
DA:190,1
DA:191,0
DA:192,0
DA:193,0
DA:197,1
DA:198,1
DA:199,1
DA:203,0
DA:207,0
DA:211,0
DA:215,0
DA:219,0
DA:223,0
DA:227,0
DA:229,1
DA:230,0
DA:231,0
DA:232,0
DA:235,1
DA:236,0
DA:237,0
DA:239,0
DA:240,0
DA:242,0
DA:244,1
DA:245,0
DA:246,0
DA:247,0
DA:248,0
DA:249,0
DA:250,0
DA:252,0
DA:253,0
DA:255,0
DA:256,0
DA:257,0
DA:259,1
DA:260,0
DA:261,0
DA:262,0
DA:263,0
DA:264,0
DA:265,0
DA:266,0
DA:267,0
DA:268,0
DA:269,0
DA:271,0
DA:274,0
DA:276,1
DA:277,0
DA:278,0
DA:279,0
DA:280,0
DA:281,0
DA:283,0
DA:284,0
DA:285,0
DA:286,0
DA:289,0
DA:290,0
DA:291,0
DA:295,0
DA:297,0
DA:298,0
DA:299,0
DA:300,0
DA:304,0
DA:311,1
DA:312,0
DA:314,1
DA:315,0
DA:322,1
DA:323,0
DA:331,1
DA:332,0
DA:333,0
DA:341,1
DA:342,0
DA:343,0
DA:351,1
DA:352,0
DA:353,0
DA:354,0
DA:355,0
DA:365,1
DA:366,0
DA:368,1
DA:369,0
DA:371,1
DA:372,0
DA:374,1
DA:375,0
DA:377,1
DA:378,0
DA:380,1
DA:381,0
DA:382,0
DA:383,0
DA:384,0
DA:385,0
DA:386,0
DA:389,0
DA:391,1
DA:392,0
DA:394,1
DA:395,0
DA:396,0
DA:397,0
DA:398,0
DA:399,0
DA:400,0
DA:403,0
DA:411,1
DA:412,0
DA:414,1
DA:415,0
DA:416,0
DA:418,0
DA:420,1
DA:421,0
DA:422,0
DA:424,0
DA:426,1
DA:427,0
DA:428,0
DA:430,0
DA:432,1
DA:434,1
LF:231
LH:82
BRDA:16,1,0,9
BRDA:16,1,1,7
BRDA:20,2,0,54
BRDA:20,2,1,47
BRDA:20,2,2,47
BRDA:22,3,0,11
BRDA:22,3,1,27
BRDA:22,4,0,38
BRDA:22,4,1,11
BRDA:41,5,0,7
BRDA:41,5,1,0
BRDA:41,6,0,7
BRDA:41,6,1,7
BRDA:56,7,0,0
BRDA:56,7,1,0
BRDA:56,7,2,0
BRDA:62,8,0,0
BRDA:62,8,1,21
BRDA:68,9,0,0
BRDA:68,9,1,21
BRDA:68,10,0,21
BRDA:68,10,1,0
BRDA:72,11,0,0
BRDA:72,11,1,21
BRDA:81,12,0,4
BRDA:81,12,1,17
BRDA:87,13,0,0
BRDA:87,13,1,12
BRDA:108,14,0,0
BRDA:108,14,1,0
BRDA:122,15,0,0
BRDA:122,15,1,0
BRDA:122,16,0,0
BRDA:122,16,1,0
BRDA:123,17,0,0
BRDA:123,17,1,0
BRDA:134,18,0,0
BRDA:134,18,1,0
BRDA:134,19,0,0
BRDA:134,19,1,0
BRDA:135,20,0,0
BRDA:135,20,1,0
BRDA:136,21,0,0
BRDA:136,21,1,0
BRDA:136,22,0,0
BRDA:136,22,1,0
BRDA:138,23,0,0
BRDA:138,23,1,0
BRDA:139,24,0,0
BRDA:139,24,1,0
BRDA:141,25,0,0
BRDA:141,25,1,0
BRDA:145,26,0,0
BRDA:145,26,1,0
BRDA:145,27,0,0
BRDA:145,27,1,0
BRDA:148,28,0,0
BRDA:148,28,1,0
BRDA:151,29,0,0
BRDA:151,29,1,0
BRDA:160,30,0,0
BRDA:160,30,1,0
BRDA:182,31,0,0
BRDA:182,31,1,0
BRDA:182,32,0,0
BRDA:182,32,1,0
BRDA:236,33,0,0
BRDA:236,33,1,0
BRDA:237,34,0,0
BRDA:237,34,1,0
BRDA:239,35,0,0
BRDA:239,35,1,0
BRDA:249,36,0,0
BRDA:249,36,1,0
BRDA:263,37,0,0
BRDA:263,37,1,0
BRDA:266,38,0,0
BRDA:266,38,1,0
BRDA:280,39,0,0
BRDA:280,39,1,0
BRDA:283,40,0,0
BRDA:283,40,1,0
BRDA:285,41,0,0
BRDA:285,41,1,0
BRDA:289,42,0,0
BRDA:289,42,1,0
BRDA:290,43,0,0
BRDA:290,43,1,0
BRDA:297,44,0,0
BRDA:297,44,1,0
BRDA:299,45,0,0
BRDA:299,45,1,0
BRDA:332,46,0,0
BRDA:332,46,1,0
BRDA:342,47,0,0
BRDA:342,47,1,0
BRDA:352,48,0,0
BRDA:352,48,1,0
BRDA:354,49,0,0
BRDA:354,49,1,0
BRDA:369,50,0,0
BRDA:369,50,1,0
BRDA:372,51,0,0
BRDA:372,51,1,0
BRDA:385,52,0,0
BRDA:385,52,1,0
BRDA:399,53,0,0
BRDA:399,53,1,0
BRDA:415,54,0,0
BRDA:415,54,1,0
BRDA:421,55,0,0
BRDA:421,55,1,0
BRDA:427,56,0,0
BRDA:427,56,1,0
BRF:114
BRH:19
end_of_record
