TN:
SF:/mnt/safe/node/@radic/util/build.js
FN:14,(anonymous_1)
FN:16,(anonymous_2)
FN:28,(anonymous_3)
FN:34,(anonymous_4)
FNF:4
FNH:2
FNDA:0,(anonymous_1)
FNDA:0,(anonymous_2)
FNDA:17,(anonymous_3)
FNDA:1,(anonymous_4)
DA:2,1
DA:6,1
DA:7,1
DA:8,1
DA:10,0
DA:11,0
DA:12,0
DA:14,0
DA:15,0
DA:17,0
DA:20,0
DA:22,0
DA:23,0
DA:25,1
DA:26,1
DA:27,1
DA:28,1
DA:31,1
DA:32,1
DA:33,1
DA:34,1
DA:35,1
DA:36,1
DA:39,0
DA:42,1
DA:43,1
DA:45,0
DA:49,1
LF:28
LH:17
BRDA:8,1,0,0
BRDA:8,1,1,1
BRDA:8,1,2,0
BRDA:35,2,0,1
BRDA:35,2,1,0
BRF:5
BRH:2
end_of_record
TN:
SF:/mnt/safe/node/@radic/util/spec/helpers/SpecHelper.js
FN:1,(anonymous_1)
FN:3,(anonymous_2)
FN:5,(anonymous_3)
FNF:3
FNH:1
FNDA:8,(anonymous_1)
FNDA:0,(anonymous_2)
FNDA:0,(anonymous_3)
DA:1,1
DA:2,8
DA:4,0
DA:6,0
DA:8,0
LF:5
LH:2
BRDA:9,1,0,0
BRDA:9,1,1,0
BRF:2
BRH:0
end_of_record
TN:
SF:/mnt/safe/node/@radic/util/spec/lib/configSpec.js
FN:3,(anonymous_1)
FN:10,(anonymous_2)
FN:13,(anonymous_3)
FN:14,(anonymous_4)
FN:17,(anonymous_5)
FN:21,(anonymous_6)
FN:26,(anonymous_7)
FN:27,(anonymous_8)
FN:31,(anonymous_9)
FN:37,(anonymous_10)
FN:47,(anonymous_11)
FN:50,(anonymous_12)
FN:53,(anonymous_13)
FN:56,(anonymous_14)
FNF:14
FNH:14
FNDA:1,(anonymous_1)
FNDA:8,(anonymous_2)
FNDA:1,(anonymous_3)
FNDA:1,(anonymous_4)
FNDA:1,(anonymous_5)
FNDA:1,(anonymous_6)
FNDA:1,(anonymous_7)
FNDA:1,(anonymous_8)
FNDA:1,(anonymous_9)
FNDA:1,(anonymous_10)
FNDA:3,(anonymous_11)
FNDA:1,(anonymous_12)
FNDA:1,(anonymous_13)
FNDA:1,(anonymous_14)
DA:2,1
DA:3,1
DA:4,1
DA:9,1
DA:10,1
DA:11,8
DA:13,1
DA:14,1
DA:15,1
DA:17,1
DA:18,1
DA:19,1
DA:21,1
DA:22,1
DA:23,1
DA:26,1
DA:27,1
DA:28,1
DA:29,1
DA:31,1
DA:32,1
DA:33,1
DA:34,1
DA:37,1
DA:38,1
DA:47,1
DA:48,3
DA:50,1
DA:51,1
DA:53,1
DA:54,1
DA:56,1
DA:57,1
DA:58,1
DA:59,1
LF:35
LH:35
BRF:0
BRH:0
end_of_record
TN:
SF:/mnt/safe/node/@radic/util/lib/config.js
FN:2,(anonymous_1)
FN:4,__
FN:9,(anonymous_3)
FN:10,Config
FN:16,(anonymous_5)
FN:22,(anonymous_6)
FN:25,(anonymous_7)
FN:33,(anonymous_8)
FN:36,(anonymous_9)
FN:40,(anonymous_10)
FN:54,(anonymous_11)
FN:56,(anonymous_12)
FN:77,(anonymous_13)
FN:92,(anonymous_14)
FN:100,(anonymous_15)
FN:127,(anonymous_16)
FN:128,(anonymous_17)
FN:140,(anonymous_18)
FN:143,(anonymous_19)
FN:146,(anonymous_20)
FN:153,(anonymous_21)
FN:155,PersistentConfig
FN:160,(anonymous_23)
FN:164,(anonymous_24)
FN:170,(anonymous_25)
FN:175,(anonymous_26)
FN:184,(anonymous_27)
FNF:27
FNH:14
FNDA:1,(anonymous_1)
FNDA:1,__
FNDA:1,(anonymous_3)
FNDA:9,Config
FNDA:0,(anonymous_5)
FNDA:0,(anonymous_6)
FNDA:9,(anonymous_7)
FNDA:9,(anonymous_8)
FNDA:7,(anonymous_9)
FNDA:0,(anonymous_10)
FNDA:9,(anonymous_11)
FNDA:17,(anonymous_12)
FNDA:9,(anonymous_13)
FNDA:8,(anonymous_14)
FNDA:8,(anonymous_15)
FNDA:0,(anonymous_16)
FNDA:0,(anonymous_17)
FNDA:16,(anonymous_18)
FNDA:0,(anonymous_19)
FNDA:0,(anonymous_20)
FNDA:1,(anonymous_21)
FNDA:0,PersistentConfig
FNDA:0,(anonymous_23)
FNDA:0,(anonymous_24)
FNDA:0,(anonymous_25)
FNDA:0,(anonymous_26)
FNDA:0,(anonymous_27)
DA:2,1
DA:3,4
DA:4,1
DA:5,1
DA:7,1
DA:8,1
DA:9,1
DA:10,1
DA:11,9
DA:12,9
DA:13,9
DA:14,9
DA:16,1
DA:17,0
DA:18,0
DA:19,0
DA:20,0
DA:22,1
DA:23,0
DA:25,1
DA:26,9
DA:27,9
DA:30,0
DA:33,1
DA:34,9
DA:36,1
DA:37,7
DA:38,7
DA:40,1
DA:41,0
DA:42,0
DA:43,0
DA:45,0
DA:46,0
DA:49,0
DA:50,0
DA:52,0
DA:54,1
DA:55,9
DA:56,9
DA:58,17
DA:59,9
DA:63,8
DA:64,8
DA:65,8
DA:66,0
DA:69,0
DA:70,0
DA:74,8
DA:77,1
DA:78,9
DA:80,9
DA:81,9
DA:83,9
DA:84,9
DA:86,9
DA:92,1
DA:94,8
DA:96,8
DA:98,8
DA:100,1
DA:101,8
DA:102,0
DA:105,8
DA:107,8
DA:109,8
DA:110,8
DA:113,8
DA:114,1
DA:116,1
DA:117,0
DA:119,1
DA:125,8
DA:127,1
DA:128,0
DA:129,0
DA:131,0
DA:132,0
DA:133,0
DA:134,0
DA:135,0
DA:136,0
DA:137,0
DA:138,0
DA:140,1
DA:141,16
DA:143,1
DA:144,0
DA:146,1
DA:147,0
DA:149,1
DA:150,1
DA:152,1
DA:153,1
DA:154,1
DA:155,1
DA:156,0
DA:157,0
DA:158,0
DA:160,1
DA:164,1
DA:170,1
DA:171,0
DA:172,0
DA:173,0
DA:175,1
DA:176,0
DA:177,0
DA:178,0
DA:180,0
DA:181,0
DA:182,0
DA:184,1
DA:185,0
DA:186,0
DA:187,0
DA:189,1
DA:191,1
LF:118
LH:72
BRDA:2,1,0,1
BRDA:2,1,1,1
BRDA:2,1,2,1
BRDA:3,2,0,4
BRDA:3,2,1,0
BRDA:5,3,0,0
BRDA:5,3,1,1
BRDA:13,4,0,9
BRDA:13,4,1,0
BRDA:26,5,0,9
BRDA:26,5,1,0
BRDA:45,6,0,0
BRDA:45,6,1,0
BRDA:58,7,0,9
BRDA:58,7,1,8
BRDA:65,8,0,0
BRDA:65,8,1,8
BRDA:69,9,0,0
BRDA:69,9,1,0
BRDA:94,10,0,0
BRDA:94,10,1,8
BRDA:101,11,0,0
BRDA:101,11,1,8
BRDA:107,12,0,8
BRDA:107,12,1,0
BRDA:107,12,2,0
BRDA:116,13,0,0
BRDA:116,13,1,1
BRDA:141,14,0,0
BRDA:141,14,1,16
BRDA:157,15,0,0
BRDA:157,15,1,0
BRF:32
BRH:15
end_of_record
TN:
SF:/mnt/safe/node/@radic/util/lib/object.js
FN:3,getParts
FN:4,(anonymous_2)
FN:16,objectGet
FN:38,objectSet
FN:53,objectExists
FN:60,recurse
FN:61,recurse
FN:75,(anonymous_8)
FN:106,copyObject
FN:122,dotize
FN:133,recurse
FN:156,isNumber
FN:159,isEmptyObj
FN:169,(anonymous_14)
FN:170,StringType
FN:173,(anonymous_16)
FN:177,(anonymous_17)
FN:180,(anonymous_18)
FN:182,(anonymous_19)
FN:186,(anonymous_20)
FN:191,applyMixins
FN:192,(anonymous_22)
FN:193,(anonymous_23)
FN:199,(anonymous_24)
FN:200,DependencySorter
FN:230,(anonymous_26)
FN:232,(anonymous_27)
FN:236,(anonymous_28)
FN:245,(anonymous_29)
FN:248,(anonymous_30)
FN:260,(anonymous_31)
FN:266,(anonymous_32)
FN:277,(anonymous_33)
FN:280,(anonymous_34)
FN:312,(anonymous_35)
FN:315,(anonymous_36)
FN:323,(anonymous_37)
FN:332,(anonymous_38)
FN:342,(anonymous_39)
FN:352,(anonymous_40)
FN:366,(anonymous_41)
FN:369,(anonymous_42)
FN:372,(anonymous_43)
FN:375,(anonymous_44)
FN:378,(anonymous_45)
FN:381,(anonymous_46)
FN:384,(anonymous_47)
FN:392,(anonymous_48)
FN:395,(anonymous_49)
FN:398,(anonymous_50)
FN:412,(anonymous_51)
FN:415,(anonymous_52)
FN:421,(anonymous_53)
FN:427,(anonymous_54)
FNF:54
FNH:8
FNDA:16,getParts
FNDA:45,(anonymous_2)
FNDA:16,objectGet
FNDA:7,objectSet
FNDA:0,objectExists
FNDA:9,recurse
FNDA:21,recurse
FNDA:0,(anonymous_8)
FNDA:0,copyObject
FNDA:0,dotize
FNDA:0,recurse
FNDA:0,isNumber
FNDA:0,isEmptyObj
FNDA:1,(anonymous_14)
FNDA:0,StringType
FNDA:0,(anonymous_16)
FNDA:0,(anonymous_17)
FNDA:0,(anonymous_18)
FNDA:0,(anonymous_19)
FNDA:0,(anonymous_20)
FNDA:0,applyMixins
FNDA:0,(anonymous_22)
FNDA:0,(anonymous_23)
FNDA:1,(anonymous_24)
FNDA:0,DependencySorter
FNDA:0,(anonymous_26)
FNDA:0,(anonymous_27)
FNDA:0,(anonymous_28)
FNDA:0,(anonymous_29)
FNDA:0,(anonymous_30)
FNDA:0,(anonymous_31)
FNDA:0,(anonymous_32)
FNDA:0,(anonymous_33)
FNDA:0,(anonymous_34)
FNDA:0,(anonymous_35)
FNDA:0,(anonymous_36)
FNDA:0,(anonymous_37)
FNDA:0,(anonymous_38)
FNDA:0,(anonymous_39)
FNDA:0,(anonymous_40)
FNDA:0,(anonymous_41)
FNDA:0,(anonymous_42)
FNDA:0,(anonymous_43)
FNDA:0,(anonymous_44)
FNDA:0,(anonymous_45)
FNDA:0,(anonymous_46)
FNDA:0,(anonymous_47)
FNDA:0,(anonymous_48)
FNDA:0,(anonymous_49)
FNDA:0,(anonymous_50)
FNDA:0,(anonymous_51)
FNDA:0,(anonymous_52)
FNDA:0,(anonymous_53)
FNDA:0,(anonymous_54)
DA:2,1
DA:3,1
DA:4,16
DA:5,45
DA:8,1
DA:16,1
DA:17,16
DA:18,9
DA:20,16
DA:21,16
DA:22,38
DA:23,38
DA:24,11
DA:26,38
DA:28,16
DA:30,1
DA:38,1
DA:39,7
DA:40,7
DA:41,7
DA:42,7
DA:43,7
DA:46,1
DA:53,1
DA:54,0
DA:55,0
DA:56,0
DA:57,0
DA:59,1
DA:60,1
DA:61,1
DA:62,21
DA:63,21
DA:64,0
DA:65,0
DA:66,0
DA:68,21
DA:69,21
DA:71,0
DA:73,21
DA:75,0
DA:76,0
DA:82,21
DA:84,4
DA:85,4
DA:86,12
DA:91,4
DA:95,17
DA:98,9
DA:100,1
DA:106,1
DA:107,0
DA:108,0
DA:109,0
DA:110,0
DA:113,0
DA:115,1
DA:122,1
DA:123,0
DA:124,0
DA:125,0
DA:126,0
DA:127,0
DA:130,0
DA:132,0
DA:133,1
DA:134,0
DA:135,0
DA:136,0
DA:137,0
DA:139,0
DA:140,0
DA:142,0
DA:146,0
DA:147,0
DA:149,0
DA:152,0
DA:153,0
DA:154,0
DA:156,1
DA:157,0
DA:159,1
DA:160,0
DA:161,0
DA:162,0
DA:164,0
DA:166,0
DA:168,1
DA:169,1
DA:170,1
DA:171,0
DA:173,1
DA:174,0
DA:177,1
DA:178,0
DA:180,1
DA:181,0
DA:182,0
DA:183,0
DA:184,0
DA:186,0
DA:188,1
DA:190,1
DA:191,1
DA:192,0
DA:193,0
DA:194,0
DA:198,1
DA:199,1
DA:200,1
DA:204,0
DA:208,0
DA:212,0
DA:216,0
DA:220,0
DA:224,0
DA:228,0
DA:230,1
DA:231,0
DA:232,0
DA:233,0
DA:236,1
DA:237,0
DA:238,0
DA:240,0
DA:241,0
DA:243,0
DA:245,1
DA:246,0
DA:247,0
DA:248,0
DA:249,0
DA:250,0
DA:251,0
DA:253,0
DA:254,0
DA:256,0
DA:257,0
DA:258,0
DA:260,1
DA:261,0
DA:262,0
DA:263,0
DA:264,0
DA:265,0
DA:266,0
DA:267,0
DA:268,0
DA:269,0
DA:270,0
DA:272,0
DA:275,0
DA:277,1
DA:278,0
DA:279,0
DA:280,0
DA:281,0
DA:282,0
DA:284,0
DA:285,0
DA:286,0
DA:287,0
DA:290,0
DA:291,0
DA:292,0
DA:296,0
DA:298,0
DA:299,0
DA:300,0
DA:301,0
DA:305,0
DA:312,1
DA:313,0
DA:315,1
DA:316,0
DA:323,1
DA:324,0
DA:332,1
DA:333,0
DA:334,0
DA:342,1
DA:343,0
DA:344,0
DA:352,1
DA:353,0
DA:354,0
DA:355,0
DA:356,0
DA:366,1
DA:367,0
DA:369,1
DA:370,0
DA:372,1
DA:373,0
DA:375,1
DA:376,0
DA:378,1
DA:379,0
DA:381,1
DA:382,0
DA:383,0
DA:384,0
DA:385,0
DA:386,0
DA:387,0
DA:390,0
DA:392,1
DA:393,0
DA:395,1
DA:396,0
DA:397,0
DA:398,0
DA:399,0
DA:400,0
DA:401,0
DA:404,0
DA:412,1
DA:413,0
DA:415,1
DA:416,0
DA:417,0
DA:419,0
DA:421,1
DA:422,0
DA:423,0
DA:425,0
DA:427,1
DA:428,0
DA:429,0
DA:431,0
DA:433,1
DA:435,1
LF:232
LH:83
BRDA:17,1,0,9
BRDA:17,1,1,7
BRDA:21,2,0,54
BRDA:21,2,1,47
BRDA:21,2,2,47
BRDA:23,3,0,11
BRDA:23,3,1,27
BRDA:23,4,0,38
BRDA:23,4,1,11
BRDA:42,5,0,7
BRDA:42,5,1,0
BRDA:42,6,0,7
BRDA:42,6,1,7
BRDA:57,7,0,0
BRDA:57,7,1,0
BRDA:57,7,2,0
BRDA:63,8,0,0
BRDA:63,8,1,21
BRDA:69,9,0,0
BRDA:69,9,1,21
BRDA:69,10,0,21
BRDA:69,10,1,0
BRDA:73,11,0,0
BRDA:73,11,1,21
BRDA:82,12,0,4
BRDA:82,12,1,17
BRDA:88,13,0,0
BRDA:88,13,1,12
BRDA:109,14,0,0
BRDA:109,14,1,0
BRDA:123,15,0,0
BRDA:123,15,1,0
BRDA:123,16,0,0
BRDA:123,16,1,0
BRDA:124,17,0,0
BRDA:124,17,1,0
BRDA:135,18,0,0
BRDA:135,18,1,0
BRDA:135,19,0,0
BRDA:135,19,1,0
BRDA:136,20,0,0
BRDA:136,20,1,0
BRDA:137,21,0,0
BRDA:137,21,1,0
BRDA:137,22,0,0
BRDA:137,22,1,0
BRDA:139,23,0,0
BRDA:139,23,1,0
BRDA:140,24,0,0
BRDA:140,24,1,0
BRDA:142,25,0,0
BRDA:142,25,1,0
BRDA:146,26,0,0
BRDA:146,26,1,0
BRDA:146,27,0,0
BRDA:146,27,1,0
BRDA:149,28,0,0
BRDA:149,28,1,0
BRDA:152,29,0,0
BRDA:152,29,1,0
BRDA:161,30,0,0
BRDA:161,30,1,0
BRDA:183,31,0,0
BRDA:183,31,1,0
BRDA:183,32,0,0
BRDA:183,32,1,0
BRDA:237,33,0,0
BRDA:237,33,1,0
BRDA:238,34,0,0
BRDA:238,34,1,0
BRDA:240,35,0,0
BRDA:240,35,1,0
BRDA:250,36,0,0
BRDA:250,36,1,0
BRDA:264,37,0,0
BRDA:264,37,1,0
BRDA:267,38,0,0
BRDA:267,38,1,0
BRDA:281,39,0,0
BRDA:281,39,1,0
BRDA:284,40,0,0
BRDA:284,40,1,0
BRDA:286,41,0,0
BRDA:286,41,1,0
BRDA:290,42,0,0
BRDA:290,42,1,0
BRDA:291,43,0,0
BRDA:291,43,1,0
BRDA:298,44,0,0
BRDA:298,44,1,0
BRDA:300,45,0,0
BRDA:300,45,1,0
BRDA:333,46,0,0
BRDA:333,46,1,0
BRDA:343,47,0,0
BRDA:343,47,1,0
BRDA:353,48,0,0
BRDA:353,48,1,0
BRDA:355,49,0,0
BRDA:355,49,1,0
BRDA:370,50,0,0
BRDA:370,50,1,0
BRDA:373,51,0,0
BRDA:373,51,1,0
BRDA:386,52,0,0
BRDA:386,52,1,0
BRDA:400,53,0,0
BRDA:400,53,1,0
BRDA:416,54,0,0
BRDA:416,54,1,0
BRDA:422,55,0,0
BRDA:422,55,1,0
BRDA:428,56,0,0
BRDA:428,56,1,0
BRF:114
BRH:19
end_of_record
TN:
SF:/mnt/safe/node/@radic/util/lib/general.js
FN:5,(anonymous_1)
FN:18,round
FN:29,makeString
FN:35,defaultToWhiteSpace
FN:45,(anonymous_5)
FN:63,kindOf
FN:78,def
FN:88,defined
FN:98,getRandomId
FN:110,guid
FN:115,s4
FNF:11
FNH:2
FNDA:0,(anonymous_1)
FNDA:0,round
FNDA:0,makeString
FNDA:0,defaultToWhiteSpace
FNDA:8,(anonymous_5)
FNDA:42,kindOf
FNDA:0,def
FNDA:0,defined
FNDA:0,getRandomId
FNDA:0,guid
FNDA:0,s4
DA:3,1
DA:4,1
DA:5,1
DA:6,0
DA:7,0
DA:8,0
DA:10,0
DA:18,1
DA:19,0
DA:20,0
DA:22,1
DA:29,1
DA:30,0
DA:31,0
DA:32,0
DA:34,1
DA:35,1
DA:36,0
DA:37,0
DA:38,0
DA:39,0
DA:41,0
DA:43,1
DA:44,1
DA:45,1
DA:46,8
DA:48,1
DA:49,1
DA:63,1
DA:65,42
DA:66,0
DA:69,42
DA:71,1
DA:78,1
DA:79,0
DA:81,1
DA:88,1
DA:89,0
DA:91,1
DA:98,1
DA:99,0
DA:100,0
DA:102,0
DA:103,0
DA:104,0
DA:105,0
DA:107,0
DA:109,1
DA:110,1
DA:111,0
DA:114,1
DA:115,1
DA:116,0
LF:53
LH:27
BRDA:30,1,0,0
BRDA:30,1,1,0
BRDA:36,2,0,0
BRDA:36,2,1,0
BRDA:38,3,0,0
BRDA:38,3,1,0
BRDA:65,4,0,0
BRDA:65,4,1,42
BRDA:69,5,0,42
BRDA:69,5,1,8
BRDA:79,6,0,0
BRDA:79,6,1,0
BRDA:99,7,0,0
BRDA:99,7,1,0
BRF:14
BRH:3
end_of_record
